This is pdfTeX, Version 3.14159265-2.6-1.40.21 (TeX Live 2020) (preloaded format=pdflatex 2020.4.7)  10 MAR 2026 11:27
entering extended mode
 restricted \write18 enabled.
 %&-line parsing enabled.
**/Users/zchan/Documents/math412-PreTeXt/output/latex/main.tex
(/Users/zchan/Documents/math412-PreTeXt/output/latex/main.tex
LaTeX2e <2020-02-02> patch level 5
L3 programming layer <2020-03-06>
(/usr/local/texlive/2020/texmf-dist/tex/latex/base/book.cls
Document Class: book 2019/12/20 v1.4l Standard LaTeX document class
(/usr/local/texlive/2020/texmf-dist/tex/latex/base/bk10.clo
File: bk10.clo 2019/12/20 v1.4l Standard LaTeX file (size option)
)
\c@part=\count167
\c@chapter=\count168
\c@section=\count169
\c@subsection=\count170
\c@subsubsection=\count171
\c@paragraph=\count172
\c@subparagraph=\count173
\c@figure=\count174
\c@table=\count175
\abovecaptionskip=\skip47
\belowcaptionskip=\skip48
\bibindent=\dimen134
)
(/usr/local/texlive/2020/texmf-dist/tex/latex/geometry/geometry.sty
Package: geometry 2020/01/02 v5.9 Page Geometry

(/usr/local/texlive/2020/texmf-dist/tex/latex/graphics/keyval.sty
Package: keyval 2014/10/28 v1.15 key=value parser (DPC)
\KV@toks@=\toks15
)
(/usr/local/texlive/2020/texmf-dist/tex/generic/iftex/ifvtex.sty
Package: ifvtex 2019/10/25 v1.7 ifvtex legacy package. Use iftex instead.

(/usr/local/texlive/2020/texmf-dist/tex/generic/iftex/iftex.sty
Package: iftex 2020/03/06 v1.0d TeX engine tests
))
\Gm@cnth=\count176
\Gm@cntv=\count177
\c@Gm@tempcnt=\count178
\Gm@bindingoffset=\dimen135
\Gm@wd@mp=\dimen136
\Gm@odd@mp=\dimen137
\Gm@even@mp=\dimen138
\Gm@layoutwidth=\dimen139
\Gm@layoutheight=\dimen140
\Gm@layouthoffset=\dimen141
\Gm@layoutvoffset=\dimen142
\Gm@dimlist=\toks16
)
(/usr/local/texlive/2020/texmf-dist/tex/latex/base/ifthen.sty
Package: ifthen 2014/09/29 v1.1c Standard LaTeX ifthen package (DPC)
)
(/usr/local/texlive/2020/texmf-dist/tex/latex/etoolbox/etoolbox.sty
Package: etoolbox 2019/09/21 v2.5h e-TeX tools for LaTeX (JAW)
\etb@tempcnta=\count179
)
(/usr/local/texlive/2020/texmf-dist/tex/generic/iftex/ifxetex.sty
Package: ifxetex 2019/10/25 v0.7 ifxetex legacy package. Use iftex instead.
)
(/usr/local/texlive/2020/texmf-dist/tex/generic/iftex/ifluatex.sty
Package: ifluatex 2019/10/25 v1.5 ifluatex legacy package. Use iftex instead.
)
(/usr/local/texlive/2020/texmf-dist/tex/latex/graphics/graphicx.sty
Package: graphicx 2019/11/30 v1.2a Enhanced LaTeX Graphics (DPC,SPQR)

(/usr/local/texlive/2020/texmf-dist/tex/latex/graphics/graphics.sty
Package: graphics 2019/11/30 v1.4a Standard LaTeX Graphics (DPC,SPQR)

(/usr/local/texlive/2020/texmf-dist/tex/latex/graphics/trig.sty
Package: trig 2016/01/03 v1.10 sin cos tan (DPC)
)
(/usr/local/texlive/2020/texmf-dist/tex/latex/graphics-cfg/graphics.cfg
File: graphics.cfg 2016/06/04 v1.11 sample graphics configuration
)
Package graphics Info: Driver file: pdftex.def on input line 105.

(/usr/local/texlive/2020/texmf-dist/tex/latex/graphics-def/pdftex.def
File: pdftex.def 2018/01/08 v1.0l Graphics/color driver for pdftex
))
\Gin@req@height=\dimen143
\Gin@req@width=\dimen144
)
(/usr/local/texlive/2020/texmf-dist/tex/latex/xcolor/xcolor.sty
Package: xcolor 2016/05/11 v2.12 LaTeX color extensions (UK)

(/usr/local/texlive/2020/texmf-dist/tex/latex/graphics-cfg/color.cfg
File: color.cfg 2016/01/02 v1.6 sample color configuration
)
Package xcolor Info: Driver file: pdftex.def on input line 225.

(/usr/local/texlive/2020/texmf-dist/tex/latex/colortbl/colortbl.sty
Package: colortbl 2020/01/04 v1.0e Color table columns (DPC)

(/usr/local/texlive/2020/texmf-dist/tex/latex/tools/array.sty
Package: array 2019/08/31 v2.4l Tabular extension package (FMi)
\col@sep=\dimen145
\ar@mcellbox=\box45
\extrarowheight=\dimen146
\NC@list=\toks17
\extratabsurround=\skip49
\backup@length=\skip50
\ar@cellbox=\box46
)
\everycr=\toks18
\minrowclearance=\skip51
)
\rownum=\count180
Package xcolor Info: Model `cmy' substituted by `cmy0' on input line 1348.
Package xcolor Info: Model `hsb' substituted by `rgb' on input line 1352.
Package xcolor Info: Model `RGB' extended on input line 1364.
Package xcolor Info: Model `HTML' substituted by `rgb' on input line 1366.
Package xcolor Info: Model `Hsb' substituted by `hsb' on input line 1367.
Package xcolor Info: Model `tHsb' substituted by `hsb' on input line 1368.
Package xcolor Info: Model `HSB' substituted by `hsb' on input line 1369.
Package xcolor Info: Model `Gray' substituted by `gray' on input line 1370.
Package xcolor Info: Model `wave' substituted by `hsb' on input line 1371.

(/usr/local/texlive/2020/texmf-dist/tex/latex/graphics/dvipsnam.def
File: dvipsnam.def 2016/06/17 v3.0m Driver-dependent file (DPC,SPQR)
)
(/usr/local/texlive/2020/texmf-dist/tex/latex/xcolor/svgnam.def
File: svgnam.def 2016/05/11 v2.12 Predefined colors according to SVG 1.1 (UK)
))
(/usr/local/texlive/2020/texmf-dist/tex/latex/tcolorbox/tcolorbox.sty
Package: tcolorbox 2019/11/15 version 4.22 text color boxes

(/usr/local/texlive/2020/texmf-dist/tex/latex/pgf/basiclayer/pgf.sty
(/usr/local/texlive/2020/texmf-dist/tex/latex/pgf/utilities/pgfrcs.sty
(/usr/local/texlive/2020/texmf-dist/tex/generic/pgf/utilities/pgfutil-common.te
x
\pgfutil@everybye=\toks19
\pgfutil@tempdima=\dimen147
\pgfutil@tempdimb=\dimen148

(/usr/local/texlive/2020/texmf-dist/tex/generic/pgf/utilities/pgfutil-common-li
sts.tex))
(/usr/local/texlive/2020/texmf-dist/tex/generic/pgf/utilities/pgfutil-latex.def
\pgfutil@abb=\box47
(/usr/local/texlive/2020/texmf-dist/tex/latex/ms/everyshi.sty
Package: everyshi 2001/05/15 v3.00 EveryShipout Package (MS)
))
(/usr/local/texlive/2020/texmf-dist/tex/generic/pgf/utilities/pgfrcs.code.tex
(/usr/local/texlive/2020/texmf-dist/tex/generic/pgf/pgf.revision.tex)
Package: pgfrcs 2020/01/08 v3.1.5b (3.1.5b)
))
Package: pgf 2020/01/08 v3.1.5b (3.1.5b)

(/usr/local/texlive/2020/texmf-dist/tex/latex/pgf/basiclayer/pgfcore.sty
(/usr/local/texlive/2020/texmf-dist/tex/latex/pgf/systemlayer/pgfsys.sty
(/usr/local/texlive/2020/texmf-dist/tex/generic/pgf/systemlayer/pgfsys.code.tex
Package: pgfsys 2020/01/08 v3.1.5b (3.1.5b)
(/usr/local/texlive/2020/texmf-dist/tex/generic/pgf/utilities/pgfkeys.code.tex
\pgfkeys@pathtoks=\toks20
\pgfkeys@temptoks=\toks21

(/usr/local/texlive/2020/texmf-dist/tex/generic/pgf/utilities/pgfkeysfiltered.c
ode.tex
\pgfkeys@tmptoks=\toks22
))
\pgf@x=\dimen149
\pgf@y=\dimen150
\pgf@xa=\dimen151
\pgf@ya=\dimen152
\pgf@xb=\dimen153
\pgf@yb=\dimen154
\pgf@xc=\dimen155
\pgf@yc=\dimen156
\pgf@xd=\dimen157
\pgf@yd=\dimen158
\w@pgf@writea=\write3
\r@pgf@reada=\read2
\c@pgf@counta=\count181
\c@pgf@countb=\count182
\c@pgf@countc=\count183
\c@pgf@countd=\count184
\t@pgf@toka=\toks23
\t@pgf@tokb=\toks24
\t@pgf@tokc=\toks25
\pgf@sys@id@count=\count185

(/usr/local/texlive/2020/texmf-dist/tex/generic/pgf/systemlayer/pgf.cfg
File: pgf.cfg 2020/01/08 v3.1.5b (3.1.5b)
)
Driver file for pgf: pgfsys-pdftex.def

(/usr/local/texlive/2020/texmf-dist/tex/generic/pgf/systemlayer/pgfsys-pdftex.d
ef
File: pgfsys-pdftex.def 2020/01/08 v3.1.5b (3.1.5b)

(/usr/local/texlive/2020/texmf-dist/tex/generic/pgf/systemlayer/pgfsys-common-p
df.def
File: pgfsys-common-pdf.def 2020/01/08 v3.1.5b (3.1.5b)
)))
(/usr/local/texlive/2020/texmf-dist/tex/generic/pgf/systemlayer/pgfsyssoftpath.
code.tex
File: pgfsyssoftpath.code.tex 2020/01/08 v3.1.5b (3.1.5b)
\pgfsyssoftpath@smallbuffer@items=\count186
\pgfsyssoftpath@bigbuffer@items=\count187
)
(/usr/local/texlive/2020/texmf-dist/tex/generic/pgf/systemlayer/pgfsysprotocol.
code.tex
File: pgfsysprotocol.code.tex 2020/01/08 v3.1.5b (3.1.5b)
))
(/usr/local/texlive/2020/texmf-dist/tex/generic/pgf/basiclayer/pgfcore.code.tex
Package: pgfcore 2020/01/08 v3.1.5b (3.1.5b)
(/usr/local/texlive/2020/texmf-dist/tex/generic/pgf/math/pgfmath.code.tex
(/usr/local/texlive/2020/texmf-dist/tex/generic/pgf/math/pgfmathcalc.code.tex
(/usr/local/texlive/2020/texmf-dist/tex/generic/pgf/math/pgfmathutil.code.tex)
(/usr/local/texlive/2020/texmf-dist/tex/generic/pgf/math/pgfmathparser.code.tex
\pgfmath@dimen=\dimen159
\pgfmath@count=\count188
\pgfmath@box=\box48
\pgfmath@toks=\toks26
\pgfmath@stack@operand=\toks27
\pgfmath@stack@operation=\toks28
)
(/usr/local/texlive/2020/texmf-dist/tex/generic/pgf/math/pgfmathfunctions.code.
tex
(/usr/local/texlive/2020/texmf-dist/tex/generic/pgf/math/pgfmathfunctions.basic
.code.tex)
(/usr/local/texlive/2020/texmf-dist/tex/generic/pgf/math/pgfmathfunctions.trigo
nometric.code.tex)
(/usr/local/texlive/2020/texmf-dist/tex/generic/pgf/math/pgfmathfunctions.rando
m.code.tex)
(/usr/local/texlive/2020/texmf-dist/tex/generic/pgf/math/pgfmathfunctions.compa
rison.code.tex)
(/usr/local/texlive/2020/texmf-dist/tex/generic/pgf/math/pgfmathfunctions.base.
code.tex)
(/usr/local/texlive/2020/texmf-dist/tex/generic/pgf/math/pgfmathfunctions.round
.code.tex)
(/usr/local/texlive/2020/texmf-dist/tex/generic/pgf/math/pgfmathfunctions.misc.
code.tex)
(/usr/local/texlive/2020/texmf-dist/tex/generic/pgf/math/pgfmathfunctions.integ
erarithmetics.code.tex)))
(/usr/local/texlive/2020/texmf-dist/tex/generic/pgf/math/pgfmathfloat.code.tex
\c@pgfmathroundto@lastzeros=\count189
)) (/usr/local/texlive/2020/texmf-dist/tex/generic/pgf/math/pgfint.code.tex)
(/usr/local/texlive/2020/texmf-dist/tex/generic/pgf/basiclayer/pgfcorepoints.co
de.tex
File: pgfcorepoints.code.tex 2020/01/08 v3.1.5b (3.1.5b)
\pgf@picminx=\dimen160
\pgf@picmaxx=\dimen161
\pgf@picminy=\dimen162
\pgf@picmaxy=\dimen163
\pgf@pathminx=\dimen164
\pgf@pathmaxx=\dimen165
\pgf@pathminy=\dimen166
\pgf@pathmaxy=\dimen167
\pgf@xx=\dimen168
\pgf@xy=\dimen169
\pgf@yx=\dimen170
\pgf@yy=\dimen171
\pgf@zx=\dimen172
\pgf@zy=\dimen173
)
(/usr/local/texlive/2020/texmf-dist/tex/generic/pgf/basiclayer/pgfcorepathconst
ruct.code.tex
File: pgfcorepathconstruct.code.tex 2020/01/08 v3.1.5b (3.1.5b)
\pgf@path@lastx=\dimen174
\pgf@path@lasty=\dimen175
)
(/usr/local/texlive/2020/texmf-dist/tex/generic/pgf/basiclayer/pgfcorepathusage
.code.tex
File: pgfcorepathusage.code.tex 2020/01/08 v3.1.5b (3.1.5b)
\pgf@shorten@end@additional=\dimen176
\pgf@shorten@start@additional=\dimen177
)
(/usr/local/texlive/2020/texmf-dist/tex/generic/pgf/basiclayer/pgfcorescopes.co
de.tex
File: pgfcorescopes.code.tex 2020/01/08 v3.1.5b (3.1.5b)
\pgfpic=\box49
\pgf@hbox=\box50
\pgf@layerbox@main=\box51
\pgf@picture@serial@count=\count190
)
(/usr/local/texlive/2020/texmf-dist/tex/generic/pgf/basiclayer/pgfcoregraphicst
ate.code.tex
File: pgfcoregraphicstate.code.tex 2020/01/08 v3.1.5b (3.1.5b)
\pgflinewidth=\dimen178
)
(/usr/local/texlive/2020/texmf-dist/tex/generic/pgf/basiclayer/pgfcoretransform
ations.code.tex
File: pgfcoretransformations.code.tex 2020/01/08 v3.1.5b (3.1.5b)
\pgf@pt@x=\dimen179
\pgf@pt@y=\dimen180
\pgf@pt@temp=\dimen181
)
(/usr/local/texlive/2020/texmf-dist/tex/generic/pgf/basiclayer/pgfcorequick.cod
e.tex
File: pgfcorequick.code.tex 2020/01/08 v3.1.5b (3.1.5b)
)
(/usr/local/texlive/2020/texmf-dist/tex/generic/pgf/basiclayer/pgfcoreobjects.c
ode.tex
File: pgfcoreobjects.code.tex 2020/01/08 v3.1.5b (3.1.5b)
)
(/usr/local/texlive/2020/texmf-dist/tex/generic/pgf/basiclayer/pgfcorepathproce
ssing.code.tex
File: pgfcorepathprocessing.code.tex 2020/01/08 v3.1.5b (3.1.5b)
)
(/usr/local/texlive/2020/texmf-dist/tex/generic/pgf/basiclayer/pgfcorearrows.co
de.tex
File: pgfcorearrows.code.tex 2020/01/08 v3.1.5b (3.1.5b)
\pgfarrowsep=\dimen182
)
(/usr/local/texlive/2020/texmf-dist/tex/generic/pgf/basiclayer/pgfcoreshade.cod
e.tex
File: pgfcoreshade.code.tex 2020/01/08 v3.1.5b (3.1.5b)
\pgf@max=\dimen183
\pgf@sys@shading@range@num=\count191
\pgf@shadingcount=\count192
)
(/usr/local/texlive/2020/texmf-dist/tex/generic/pgf/basiclayer/pgfcoreimage.cod
e.tex
File: pgfcoreimage.code.tex 2020/01/08 v3.1.5b (3.1.5b)

(/usr/local/texlive/2020/texmf-dist/tex/generic/pgf/basiclayer/pgfcoreexternal.
code.tex
File: pgfcoreexternal.code.tex 2020/01/08 v3.1.5b (3.1.5b)
\pgfexternal@startupbox=\box52
))
(/usr/local/texlive/2020/texmf-dist/tex/generic/pgf/basiclayer/pgfcorelayers.co
de.tex
File: pgfcorelayers.code.tex 2020/01/08 v3.1.5b (3.1.5b)
)
(/usr/local/texlive/2020/texmf-dist/tex/generic/pgf/basiclayer/pgfcoretranspare
ncy.code.tex
File: pgfcoretransparency.code.tex 2020/01/08 v3.1.5b (3.1.5b)
)
(/usr/local/texlive/2020/texmf-dist/tex/generic/pgf/basiclayer/pgfcorepatterns.
code.tex
File: pgfcorepatterns.code.tex 2020/01/08 v3.1.5b (3.1.5b)
)
(/usr/local/texlive/2020/texmf-dist/tex/generic/pgf/basiclayer/pgfcorerdf.code.
tex
File: pgfcorerdf.code.tex 2020/01/08 v3.1.5b (3.1.5b)
)))
(/usr/local/texlive/2020/texmf-dist/tex/generic/pgf/modules/pgfmoduleshapes.cod
e.tex
File: pgfmoduleshapes.code.tex 2020/01/08 v3.1.5b (3.1.5b)
\pgfnodeparttextbox=\box53
)
(/usr/local/texlive/2020/texmf-dist/tex/generic/pgf/modules/pgfmoduleplot.code.
tex
File: pgfmoduleplot.code.tex 2020/01/08 v3.1.5b (3.1.5b)
)
(/usr/local/texlive/2020/texmf-dist/tex/latex/pgf/compatibility/pgfcomp-version
-0-65.sty
Package: pgfcomp-version-0-65 2020/01/08 v3.1.5b (3.1.5b)
\pgf@nodesepstart=\dimen184
\pgf@nodesepend=\dimen185
)
(/usr/local/texlive/2020/texmf-dist/tex/latex/pgf/compatibility/pgfcomp-version
-1-18.sty
Package: pgfcomp-version-1-18 2020/01/08 v3.1.5b (3.1.5b)
)) (/usr/local/texlive/2020/texmf-dist/tex/latex/tools/verbatim.sty
Package: verbatim 2019/11/10 v1.5r LaTeX2e package for verbatim enhancements
\every@verbatim=\toks29
\verbatim@line=\toks30
\verbatim@in@stream=\read3
)
(/usr/local/texlive/2020/texmf-dist/tex/latex/environ/environ.sty
Package: environ 2014/05/04 v0.3 A new way to define environments

(/usr/local/texlive/2020/texmf-dist/tex/latex/trimspaces/trimspaces.sty
Package: trimspaces 2009/09/17 v1.1 Trim spaces around a token list
)
\@envbody=\toks31
)
\tcb@titlebox=\box54
\tcb@upperbox=\box55
\tcb@lowerbox=\box56
\tcb@phantombox=\box57
\c@tcbbreakpart=\count193
\c@tcblayer=\count194
\tcolorbox@number=\count195
\tcb@temp=\box58
\tcb@temp=\box59
\tcb@temp=\box60
\tcb@temp=\box61
\tcb@out=\write4
\tcb@record@out=\write5
)
(/usr/local/texlive/2020/texmf-dist/tex/latex/tcolorbox/tcbskins.code.tex
Library (tcolorbox): 'tcbskins.code.tex' version '4.22'
(/usr/local/texlive/2020/texmf-dist/tex/latex/pgf/frontendlayer/tikz.sty
(/usr/local/texlive/2020/texmf-dist/tex/latex/pgf/utilities/pgffor.sty
(/usr/local/texlive/2020/texmf-dist/tex/latex/pgf/utilities/pgfkeys.sty
(/usr/local/texlive/2020/texmf-dist/tex/generic/pgf/utilities/pgfkeys.code.tex)
) (/usr/local/texlive/2020/texmf-dist/tex/latex/pgf/math/pgfmath.sty
(/usr/local/texlive/2020/texmf-dist/tex/generic/pgf/math/pgfmath.code.tex))
(/usr/local/texlive/2020/texmf-dist/tex/generic/pgf/utilities/pgffor.code.tex
Package: pgffor 2020/01/08 v3.1.5b (3.1.5b)

(/usr/local/texlive/2020/texmf-dist/tex/generic/pgf/math/pgfmath.code.tex)
\pgffor@iter=\dimen186
\pgffor@skip=\dimen187
\pgffor@stack=\toks32
\pgffor@toks=\toks33
))
(/usr/local/texlive/2020/texmf-dist/tex/generic/pgf/frontendlayer/tikz/tikz.cod
e.tex
Package: tikz 2020/01/08 v3.1.5b (3.1.5b)

(/usr/local/texlive/2020/texmf-dist/tex/generic/pgf/libraries/pgflibraryplothan
dlers.code.tex
File: pgflibraryplothandlers.code.tex 2020/01/08 v3.1.5b (3.1.5b)
\pgf@plot@mark@count=\count196
\pgfplotmarksize=\dimen188
)
\tikz@lastx=\dimen189
\tikz@lasty=\dimen190
\tikz@lastxsaved=\dimen191
\tikz@lastysaved=\dimen192
\tikz@lastmovetox=\dimen193
\tikz@lastmovetoy=\dimen194
\tikzleveldistance=\dimen195
\tikzsiblingdistance=\dimen196
\tikz@figbox=\box62
\tikz@figbox@bg=\box63
\tikz@tempbox=\box64
\tikz@tempbox@bg=\box65
\tikztreelevel=\count197
\tikznumberofchildren=\count198
\tikznumberofcurrentchild=\count199
\tikz@fig@count=\count266

(/usr/local/texlive/2020/texmf-dist/tex/generic/pgf/modules/pgfmodulematrix.cod
e.tex
File: pgfmodulematrix.code.tex 2020/01/08 v3.1.5b (3.1.5b)
\pgfmatrixcurrentrow=\count267
\pgfmatrixcurrentcolumn=\count268
\pgf@matrix@numberofcolumns=\count269
)
\tikz@expandcount=\count270

(/usr/local/texlive/2020/texmf-dist/tex/generic/pgf/frontendlayer/tikz/librarie
s/tikzlibrarytopaths.code.tex
File: tikzlibrarytopaths.code.tex 2020/01/08 v3.1.5b (3.1.5b)
)))
\tcb@waterbox=\box66

(/usr/local/texlive/2020/texmf-dist/tex/latex/tcolorbox/tcbskinsjigsaw.code.tex
Library (tcolorbox): 'tcbskinsjigsaw.code.tex' version '4.22'
))
(/usr/local/texlive/2020/texmf-dist/tex/latex/tcolorbox/tcbbreakable.code.tex
Library (tcolorbox): 'tcbbreakable.code.tex' version '4.22'
\tcb@testbox=\box67
\tcb@totalupperbox=\box68
\tcb@totallowerbox=\box69
) (/usr/local/texlive/2020/texmf-dist/tex/latex/tcolorbox/tcbraster.code.tex
Library (tcolorbox): 'tcbraster.code.tex' version '4.22'
\c@tcbrastercolumn=\count271
\c@tcbrasterrow=\count272
\c@tcbraster=\count273
) (/usr/local/texlive/2020/texmf-dist/tex/latex/tcolorbox/tcbxparse.code.tex
Library (tcolorbox): 'tcbxparse.code.tex' version '4.22'
(/usr/local/texlive/2020/texmf-dist/tex/latex/l3packages/xparse/xparse.sty
(/usr/local/texlive/2020/texmf-dist/tex/latex/l3kernel/expl3.sty
Package: expl3 2020-03-06 L3 programming layer (loader) 

(/usr/local/texlive/2020/texmf-dist/tex/latex/l3backend/l3backend-pdfmode.def
File: l3backend-pdfmode.def 2020-03-12 L3 backend support: PDF mode
\l__kernel_color_stack_int=\count274
\l__pdf_internal_box=\box70
))
Package: xparse 2020-03-06 L3 Experimental document command parser
\l__xparse_current_arg_int=\count275
\g__xparse_grabber_int=\count276
\l__xparse_m_args_int=\count277
\l__xparse_v_nesting_int=\count278
))
(/usr/local/texlive/2020/texmf-dist/tex/generic/pgf/frontendlayer/tikz/librarie
s/tikzlibrarycalc.code.tex
File: tikzlibrarycalc.code.tex 2020/01/08 v3.1.5b (3.1.5b)
)
(/usr/local/texlive/2020/texmf-dist/tex/latex/tcolorbox/tcbhooks.code.tex
Library (tcolorbox): 'tcbhooks.code.tex' version '4.22'
)
\normalparindent=\skip52
\normalparskip=\skip53
 (/usr/local/texlive/2020/texmf-dist/tex/generic/xstring/xstring.sty
(/usr/local/texlive/2020/texmf-dist/tex/generic/xstring/xstring.tex
\integerpart=\count279
\decimalpart=\count280
)
Package: xstring 2019/02/06 v1.83 String manipulations (CT)
)
(/usr/local/texlive/2020/texmf-dist/tex/latex/base/inputenc.sty
Package: inputenc 2018/08/11 v1.3c Input encoding file
\inpenc@prehook=\toks34
\inpenc@posthook=\toks35
)
(/usr/local/texlive/2020/texmf-dist/tex/latex/lm/lmodern.sty
Package: lmodern 2009/10/30 v1.6 Latin Modern Fonts
LaTeX Font Info:    Overwriting symbol font `operators' in version `normal'
(Font)                  OT1/cmr/m/n --> OT1/lmr/m/n on input line 22.
LaTeX Font Info:    Overwriting symbol font `letters' in version `normal'
(Font)                  OML/cmm/m/it --> OML/lmm/m/it on input line 23.
LaTeX Font Info:    Overwriting symbol font `symbols' in version `normal'
(Font)                  OMS/cmsy/m/n --> OMS/lmsy/m/n on input line 24.
LaTeX Font Info:    Overwriting symbol font `largesymbols' in version `normal'
(Font)                  OMX/cmex/m/n --> OMX/lmex/m/n on input line 25.
LaTeX Font Info:    Overwriting symbol font `operators' in version `bold'
(Font)                  OT1/cmr/bx/n --> OT1/lmr/bx/n on input line 26.
LaTeX Font Info:    Overwriting symbol font `letters' in version `bold'
(Font)                  OML/cmm/b/it --> OML/lmm/b/it on input line 27.
LaTeX Font Info:    Overwriting symbol font `symbols' in version `bold'
(Font)                  OMS/cmsy/b/n --> OMS/lmsy/b/n on input line 28.
LaTeX Font Info:    Overwriting symbol font `largesymbols' in version `bold'
(Font)                  OMX/cmex/m/n --> OMX/lmex/m/n on input line 29.
LaTeX Font Info:    Overwriting math alphabet `\mathbf' in version `normal'
(Font)                  OT1/cmr/bx/n --> OT1/lmr/bx/n on input line 31.
LaTeX Font Info:    Overwriting math alphabet `\mathsf' in version `normal'
(Font)                  OT1/cmss/m/n --> OT1/lmss/m/n on input line 32.
LaTeX Font Info:    Overwriting math alphabet `\mathit' in version `normal'
(Font)                  OT1/cmr/m/it --> OT1/lmr/m/it on input line 33.
LaTeX Font Info:    Overwriting math alphabet `\mathtt' in version `normal'
(Font)                  OT1/cmtt/m/n --> OT1/lmtt/m/n on input line 34.
LaTeX Font Info:    Overwriting math alphabet `\mathbf' in version `bold'
(Font)                  OT1/cmr/bx/n --> OT1/lmr/bx/n on input line 35.
LaTeX Font Info:    Overwriting math alphabet `\mathsf' in version `bold'
(Font)                  OT1/cmss/bx/n --> OT1/lmss/bx/n on input line 36.
LaTeX Font Info:    Overwriting math alphabet `\mathit' in version `bold'
(Font)                  OT1/cmr/bx/it --> OT1/lmr/bx/it on input line 37.
LaTeX Font Info:    Overwriting math alphabet `\mathtt' in version `bold'
(Font)                  OT1/cmtt/m/n --> OT1/lmtt/m/n on input line 38.
)
(/usr/local/texlive/2020/texmf-dist/tex/latex/base/fontenc.sty
Package: fontenc 2020/02/11 v2.0o Standard LaTeX package
LaTeX Font Info:    Trying to load font information for T1+lmr on input line 11
2.

(/usr/local/texlive/2020/texmf-dist/tex/latex/lm/t1lmr.fd
File: t1lmr.fd 2009/10/30 v1.6 Font defs for Latin Modern
))
(/usr/local/texlive/2020/texmf-dist/tex/latex/microtype/microtype.sty
Package: microtype 2019/11/18 v2.7d Micro-typographical refinements (RS)
\MT@toks=\toks36
\MT@count=\count281
LaTeX Info: Redefining \textls on input line 790.
\MT@outer@kern=\dimen197
LaTeX Info: Redefining \textmicrotypecontext on input line 1354.
\MT@listname@count=\count282

(/usr/local/texlive/2020/texmf-dist/tex/latex/microtype/microtype-pdftex.def
File: microtype-pdftex.def 2019/11/18 v2.7d Definitions specific to pdftex (RS)

LaTeX Info: Redefining \lsstyle on input line 914.
LaTeX Info: Redefining \lslig on input line 914.
\MT@outer@space=\skip54
)
Package microtype Info: Loading configuration file microtype.cfg.

(/usr/local/texlive/2020/texmf-dist/tex/latex/microtype/microtype.cfg
File: microtype.cfg 2019/11/18 v2.7d microtype main configuration file (RS)
))
(/usr/local/texlive/2020/texmf-dist/tex/latex/amsmath/amsmath.sty
Package: amsmath 2020/01/20 v2.17e AMS math features
\@mathmargin=\skip55

For additional information on amsmath, use the `?' option.
(/usr/local/texlive/2020/texmf-dist/tex/latex/amsmath/amstext.sty
Package: amstext 2000/06/29 v2.01 AMS text

(/usr/local/texlive/2020/texmf-dist/tex/latex/amsmath/amsgen.sty
File: amsgen.sty 1999/11/30 v2.0 generic functions
\@emptytoks=\toks37
\ex@=\dimen198
))
(/usr/local/texlive/2020/texmf-dist/tex/latex/amsmath/amsbsy.sty
Package: amsbsy 1999/11/29 v1.2d Bold Symbols
\pmbraise@=\dimen199
)
(/usr/local/texlive/2020/texmf-dist/tex/latex/amsmath/amsopn.sty
Package: amsopn 2016/03/08 v2.02 operator names
)
\inf@bad=\count283
LaTeX Info: Redefining \frac on input line 227.
\uproot@=\count284
\leftroot@=\count285
LaTeX Info: Redefining \overline on input line 389.
\classnum@=\count286
\DOTSCASE@=\count287
LaTeX Info: Redefining \ldots on input line 486.
LaTeX Info: Redefining \dots on input line 489.
LaTeX Info: Redefining \cdots on input line 610.
\Mathstrutbox@=\box71
\strutbox@=\box72
\big@size=\dimen256
LaTeX Font Info:    Redeclaring font encoding OML on input line 733.
LaTeX Font Info:    Redeclaring font encoding OMS on input line 734.
\macc@depth=\count288
\c@MaxMatrixCols=\count289
\dotsspace@=\muskip16
\c@parentequation=\count290
\dspbrk@lvl=\count291
\tag@help=\toks38
\row@=\count292
\column@=\count293
\maxfields@=\count294
\andhelp@=\toks39
\eqnshift@=\dimen257
\alignsep@=\dimen258
\tagshift@=\dimen259
\tagwidth@=\dimen260
\totwidth@=\dimen261
\lineht@=\dimen262
\@envbody=\toks40
\multlinegap=\skip56
\multlinetaggap=\skip57
\mathdisplay@stack=\toks41
LaTeX Info: Redefining \[ on input line 2859.
LaTeX Info: Redefining \] on input line 2860.
)
(/usr/local/texlive/2020/texmf-dist/tex/latex/amsmath/amscd.sty
Package: amscd 2017/04/14 v2.1 AMS Commutative Diagrams
\athelp@=\toks42
\minaw@=\dimen263
\bigaw@=\dimen264
\minCDarrowwidth=\dimen265
)
(/usr/local/texlive/2020/texmf-dist/tex/latex/amsfonts/amssymb.sty
Package: amssymb 2013/01/14 v3.01 AMS font symbols

(/usr/local/texlive/2020/texmf-dist/tex/latex/amsfonts/amsfonts.sty
Package: amsfonts 2013/01/14 v3.01 Basic AMSFonts support
\symAMSa=\mathgroup4
\symAMSb=\mathgroup5
LaTeX Font Info:    Redeclaring math symbol \hbar on input line 98.
LaTeX Font Info:    Overwriting math alphabet `\mathfrak' in version `bold'
(Font)                  U/euf/m/n --> U/euf/b/n on input line 106.
))
(/usr/local/texlive/2020/texmf-dist/tex/latex/titlesec/titlesec.sty
Package: titlesec 2019/10/16 v2.13 Sectioning titles
\ttl@box=\box73
\beforetitleunit=\skip58
\aftertitleunit=\skip59
\ttl@plus=\dimen266
\ttl@minus=\dimen267
\ttl@toksa=\toks43
\titlewidth=\dimen268
\titlewidthlast=\dimen269
\titlewidthfirst=\dimen270

(/usr/local/texlive/2020/texmf-dist/tex/latex/titlesec/titleps.sty))
(/usr/local/texlive/2020/texmf-dist/tex/latex/titlesec/titletoc.sty
Package: titletoc 2019/10/16 v2.13 TOC entries
\ttl@leftsep=\dimen271
)
(/usr/local/texlive/2020/texmf-dist/tex/latex/enumitem/enumitem.sty
Package: enumitem 2019/06/20 v3.9 Customized lists
\labelindent=\skip60
\enit@outerparindent=\dimen272
\enit@toks=\toks44
\enit@inbox=\box74
\enit@count@id=\count295
\enitdp@description=\count296
)
\enitdp@referencelist=\count297

(/usr/local/texlive/2020/texmf-dist/tex/latex/hyperref/hyperref.sty
Package: hyperref 2020/01/14 v7.00d Hypertext links for LaTeX

(/usr/local/texlive/2020/texmf-dist/tex/generic/ltxcmds/ltxcmds.sty
Package: ltxcmds 2019/12/15 v1.24 LaTeX kernel commands for general use (HO)
)
(/usr/local/texlive/2020/texmf-dist/tex/latex/pdftexcmds/pdftexcmds.sty
Package: pdftexcmds 2019/11/24 v0.31 Utility functions of pdfTeX for LuaTeX (HO
)

(/usr/local/texlive/2020/texmf-dist/tex/generic/infwarerr/infwarerr.sty
Package: infwarerr 2019/12/03 v1.5 Providing info/warning/error messages (HO)
)
Package pdftexcmds Info: \pdf@primitive is available.
Package pdftexcmds Info: \pdf@ifprimitive is available.
Package pdftexcmds Info: \pdfdraftmode found.
)
(/usr/local/texlive/2020/texmf-dist/tex/generic/kvsetkeys/kvsetkeys.sty
Package: kvsetkeys 2019/12/15 v1.18 Key value parser (HO)
)
(/usr/local/texlive/2020/texmf-dist/tex/generic/kvdefinekeys/kvdefinekeys.sty
Package: kvdefinekeys 2019-12-19 v1.6 Define keys (HO)
)
(/usr/local/texlive/2020/texmf-dist/tex/generic/pdfescape/pdfescape.sty
Package: pdfescape 2019/12/09 v1.15 Implements pdfTeX's escape features (HO)
)
(/usr/local/texlive/2020/texmf-dist/tex/latex/hycolor/hycolor.sty
Package: hycolor 2020-01-27 v1.10 Color options for hyperref/bookmark (HO)
)
(/usr/local/texlive/2020/texmf-dist/tex/latex/letltxmacro/letltxmacro.sty
Package: letltxmacro 2019/12/03 v1.6 Let assignment for LaTeX macros (HO)
)
(/usr/local/texlive/2020/texmf-dist/tex/latex/auxhook/auxhook.sty
Package: auxhook 2019-12-17 v1.6 Hooks for auxiliary files (HO)
)
(/usr/local/texlive/2020/texmf-dist/tex/latex/kvoptions/kvoptions.sty
Package: kvoptions 2019/11/29 v3.13 Key value format for package options (HO)
)
\@linkdim=\dimen273
\Hy@linkcounter=\count298
\Hy@pagecounter=\count299

(/usr/local/texlive/2020/texmf-dist/tex/latex/hyperref/pd1enc.def
File: pd1enc.def 2020/01/14 v7.00d Hyperref: PDFDocEncoding definition (HO)
Now handling font encoding PD1 ...
... no UTF-8 mapping file for font encoding PD1
)
(/usr/local/texlive/2020/texmf-dist/tex/generic/intcalc/intcalc.sty
Package: intcalc 2019/12/15 v1.3 Expandable calculations with integers (HO)
)
(/usr/local/texlive/2020/texmf-dist/tex/generic/etexcmds/etexcmds.sty
Package: etexcmds 2019/12/15 v1.7 Avoid name clashes with e-TeX commands (HO)
)
\Hy@SavedSpaceFactor=\count300
Package hyperref Info: Option `hyperfootnotes' set `false' on input line 4421.
Package hyperref Info: Hyper figures OFF on input line 4547.
Package hyperref Info: Link nesting OFF on input line 4552.
Package hyperref Info: Hyper index ON on input line 4555.
Package hyperref Info: Plain pages OFF on input line 4562.
Package hyperref Info: Backreferencing OFF on input line 4567.
Package hyperref Info: Implicit mode ON; LaTeX internals redefined.
Package hyperref Info: Bookmarks ON on input line 4800.
\c@Hy@tempcnt=\count301

(/usr/local/texlive/2020/texmf-dist/tex/latex/url/url.sty
\Urlmuskip=\muskip17
Package: url 2013/09/16  ver 3.4  Verb mode for urls, etc.
)
LaTeX Info: Redefining \url on input line 5159.
\XeTeXLinkMargin=\dimen274

(/usr/local/texlive/2020/texmf-dist/tex/generic/bitset/bitset.sty
Package: bitset 2019/12/09 v1.3 Handle bit-vector datatype (HO)

(/usr/local/texlive/2020/texmf-dist/tex/generic/bigintcalc/bigintcalc.sty
Package: bigintcalc 2019/12/15 v1.5 Expandable calculations on big integers (HO
)
))
\Fld@menulength=\count302
\Field@Width=\dimen275
\Fld@charsize=\dimen276
Package hyperref Info: Hyper figures OFF on input line 6430.
Package hyperref Info: Link nesting OFF on input line 6435.
Package hyperref Info: Hyper index ON on input line 6438.
Package hyperref Info: backreferencing OFF on input line 6445.
Package hyperref Info: Link coloring OFF on input line 6450.
Package hyperref Info: Link coloring with OCG OFF on input line 6455.
Package hyperref Info: PDF/A mode OFF on input line 6460.
LaTeX Info: Redefining \ref on input line 6500.
LaTeX Info: Redefining \pageref on input line 6504.

(/usr/local/texlive/2020/texmf-dist/tex/generic/atbegshi/atbegshi.sty
Package: atbegshi 2019/12/05 v1.19 At begin shipout hook (HO)
)
\Hy@abspage=\count303
\c@Item=\count304
)
Package hyperref Info: Driver (autodetected): hpdftex.

(/usr/local/texlive/2020/texmf-dist/tex/latex/hyperref/hpdftex.def
File: hpdftex.def 2020/01/14 v7.00d Hyperref driver for pdfTeX

(/usr/local/texlive/2020/texmf-dist/tex/latex/atveryend/atveryend.sty
Package: atveryend 2019-12-11 v1.11 Hooks at the very end of document (HO)
)
\Fld@listcount=\count305
\c@bookmark@seq@number=\count306

(/usr/local/texlive/2020/texmf-dist/tex/latex/rerunfilecheck/rerunfilecheck.sty
Package: rerunfilecheck 2019/12/05 v1.9 Rerun checks for auxiliary files (HO)

(/usr/local/texlive/2020/texmf-dist/tex/generic/uniquecounter/uniquecounter.sty
Package: uniquecounter 2019/12/15 v1.4 Provide unlimited unique counter (HO)
)
Package uniquecounter Info: New unique counter `rerunfilecheck' on input line 2
86.
)
\Hy@SectionHShift=\skip61
)
Package hyperref Info: Option `colorlinks' set `true' on input line 506.
Package hyperref Info: Option `hypertexnames' set `false' on input line 509.
\c@tcb@cnt@block=\count307
\c@tcb@cnt@project-distinct=\count308
\c@tcb@cnt@subdisplay=\count309
 (/usr/local/texlive/2020/texmf-dist/tex/latex/tikz-cd/tikz-cd.sty
Package: tikz-cd 2018/11/19 v0.9f Commutative diagrams with TikZ

(/usr/local/texlive/2020/texmf-dist/tex/generic/tikz-cd/tikzlibrarycd.code.tex
(/usr/local/texlive/2020/texmf-dist/tex/generic/pgf/frontendlayer/tikz/librarie
s/tikzlibrarymatrix.code.tex
File: tikzlibrarymatrix.code.tex 2020/01/08 v3.1.5b (3.1.5b)
)
(/usr/local/texlive/2020/texmf-dist/tex/generic/pgf/frontendlayer/tikz/librarie
s/tikzlibraryquotes.code.tex
File: tikzlibraryquotes.code.tex 2020/01/08 v3.1.5b (3.1.5b)
)
(/usr/local/texlive/2020/texmf-dist/tex/generic/pgf/libraries/pgflibraryarrows.
meta.code.tex
File: pgflibraryarrows.meta.code.tex 2020/01/08 v3.1.5b (3.1.5b)
\pgfarrowinset=\dimen277
\pgfarrowlength=\dimen278
\pgfarrowwidth=\dimen279
\pgfarrowlinewidth=\dimen280
)))
(/usr/local/texlive/2020/texmf-dist/tex/latex/extpfeil/extpfeil.sty
Package: extpfeil 2009/10/31 v0.4 Extensible Pfeile (PE)

(/usr/local/texlive/2020/texmf-dist/tex/latex/mathtools/mathtools.sty
Package: mathtools 2020/03/24 v1.24 mathematical typesetting tools

(/usr/local/texlive/2020/texmf-dist/tex/latex/tools/calc.sty
Package: calc 2017/05/25 v4.3 Infix arithmetic (KKT,FJ)
\calc@Acount=\count310
\calc@Bcount=\count311
\calc@Adimen=\dimen281
\calc@Bdimen=\dimen282
\calc@Askip=\skip62
\calc@Bskip=\skip63
LaTeX Info: Redefining \setlength on input line 80.
LaTeX Info: Redefining \addtolength on input line 81.
\calc@Ccount=\count312
\calc@Cskip=\skip64
)
(/usr/local/texlive/2020/texmf-dist/tex/latex/mathtools/mhsetup.sty
Package: mhsetup 2017/03/31 v1.3 programming setup (MH)
)
LaTeX Info: Thecontrolsequence`\('isalreadyrobust on input line 130.
LaTeX Info: Thecontrolsequence`\)'isalreadyrobust on input line 130.
LaTeX Info: Thecontrolsequence`\['isalreadyrobust on input line 130.
LaTeX Info: Thecontrolsequence`\]'isalreadyrobust on input line 130.
\g_MT_multlinerow_int=\count313
\l_MT_multwidth_dim=\dimen283
\origjot=\skip65
\l_MT_shortvdotswithinadjustabove_dim=\dimen284
\l_MT_shortvdotswithinadjustbelow_dim=\dimen285
\l_MT_above_intertext_sep=\dimen286
\l_MT_below_intertext_sep=\dimen287
\l_MT_above_shortintertext_sep=\dimen288
\l_MT_below_shortintertext_sep=\dimen289
\xmathstrut@box=\box75
\xmathstrut@dim=\dimen290
)
(/usr/local/texlive/2020/texmf-dist/tex/latex/stmaryrd/stmaryrd.sty
Package: stmaryrd 1994/03/03 St Mary's Road symbol package
\symstmry=\mathgroup6
LaTeX Font Info:    Overwriting symbol font `stmry' in version `bold'
(Font)                  U/stmry/m/n --> U/stmry/b/n on input line 89.
))
(/usr/local/texlive/2020/texmf-dist/tex/latex/jknapltx/mathrsfs.sty
Package: mathrsfs 1996/01/01 Math RSFS package v1.0 (jk)
\symrsfs=\mathgroup7
)
(/usr/local/texlive/2020/texmf-dist/tex/latex/amsfonts/euscript.sty
Package: euscript 2009/06/22 v3.00 Euler Script fonts
LaTeX Font Info:    Overwriting math alphabet `\EuScript' in version `bold'
(Font)                  U/eus/m/n --> U/eus/b/n on input line 33.
)
(/usr/local/texlive/2020/texmf-dist/tex/latex/amsfonts/eufrak.sty

Package eufrak Warning: The eufrak package is redundant if the amsfonts package
 is used on input line 36.

) (./main.aux)
\openout1 = `main.aux'.

LaTeX Font Info:    Checking defaults for OML/cmm/m/it on input line 747.
LaTeX Font Info:    ... okay on input line 747.
LaTeX Font Info:    Checking defaults for OMS/cmsy/m/n on input line 747.
LaTeX Font Info:    ... okay on input line 747.
LaTeX Font Info:    Checking defaults for OT1/cmr/m/n on input line 747.
LaTeX Font Info:    ... okay on input line 747.
LaTeX Font Info:    Checking defaults for T1/cmr/m/n on input line 747.
LaTeX Font Info:    ... okay on input line 747.
LaTeX Font Info:    Checking defaults for TS1/cmr/m/n on input line 747.
LaTeX Font Info:    ... okay on input line 747.
LaTeX Font Info:    Checking defaults for OMX/cmex/m/n on input line 747.
LaTeX Font Info:    ... okay on input line 747.
LaTeX Font Info:    Checking defaults for U/cmr/m/n on input line 747.
LaTeX Font Info:    ... okay on input line 747.
LaTeX Font Info:    Checking defaults for PD1/pdf/m/n on input line 747.
LaTeX Font Info:    ... okay on input line 747.

*geometry* driver: auto-detecting
*geometry* detected driver: pdftex
*geometry* verbose mode - [ preamble ] result:
* driver: pdftex
* paper: letterpaper
* layout: <same size as paper>
* layoutoffset:(h,v)=(0.0pt,0.0pt)
* modes: 
* h-part:(L,W,R)=(137.14749pt, 340.0pt, 137.1475pt)
* v-part:(T,H,B)=(57.81598pt, 650.43pt, 86.72401pt)
* \paperwidth=614.295pt
* \paperheight=794.96999pt
* \textwidth=340.0pt
* \textheight=650.43pt
* \oddsidemargin=64.8775pt
* \evensidemargin=64.8775pt
* \topmargin=-44.5215pt
* \headheight=12.0pt
* \headsep=18.06749pt
* \topskip=10.0pt
* \footskip=25.29494pt
* \marginparwidth=69.0pt
* \marginparsep=7.0pt
* \columnsep=10.0pt
* \skip\footins=9.0pt plus 4.0pt minus 2.0pt
* \hoffset=0.0pt
* \voffset=0.0pt
* \mag=1000
* \@twocolumnfalse
* \@twosidefalse
* \@mparswitchfalse
* \@reversemarginfalse
* (1in=72.27pt=25.4mm, 1cm=28.453pt)

(/usr/local/texlive/2020/texmf-dist/tex/context/base/mkii/supp-pdf.mkii
[Loading MPS to PDF converter (version 2006.09.02).]
\scratchcounter=\count314
\scratchdimen=\dimen291
\scratchbox=\box76
\nofMPsegments=\count315
\nofMParguments=\count316
\everyMPshowfont=\toks45
\MPscratchCnt=\count317
\MPscratchDim=\dimen292
\MPnumerator=\count318
\makeMPintoPDFobject=\count319
\everyMPtoPDFconversion=\toks46
) (/usr/local/texlive/2020/texmf-dist/tex/latex/epstopdf-pkg/epstopdf-base.sty
Package: epstopdf-base 2020-01-24 v2.11 Base part for package epstopdf
Package epstopdf-base Info: Redefining graphics rule for `.eps' on input line 4
85.

(/usr/local/texlive/2020/texmf-dist/tex/latex/latexconfig/epstopdf-sys.cfg
File: epstopdf-sys.cfg 2010/07/13 v1.3 Configuration of (r)epstopdf for TeX Liv
e
))
ABD: EveryShipout initializing macros
LaTeX Info: Redefining \microtypecontext on input line 747.
Package microtype Info: Generating PDF output.
Package microtype Info: Character protrusion enabled (level 2).
Package microtype Info: Using default protrusion set `alltext'.
Package microtype Info: Automatic font expansion enabled (level 2),
(microtype)             stretch: 20, shrink: 20, step: 1, non-selected.
Package microtype Info: Using default expansion set `basictext'.
LaTeX Info: Redefining \showhyphens on input line 747.
Package microtype Info: No adjustment of tracking.
Package microtype Info: No adjustment of interword spacing.
Package microtype Info: No adjustment of character kerning.

(/usr/local/texlive/2020/texmf-dist/tex/latex/microtype/mt-cmr.cfg
File: mt-cmr.cfg 2013/05/19 v2.2 microtype config. file: Computer Modern Roman 
(RS)
)
\AtBeginShipoutBox=\box77
Package hyperref Info: Link coloring ON on input line 747.

(/usr/local/texlive/2020/texmf-dist/tex/latex/hyperref/nameref.sty
Package: nameref 2019/09/16 v2.46 Cross-referencing by name of section

(/usr/local/texlive/2020/texmf-dist/tex/latex/refcount/refcount.sty
Package: refcount 2019/12/15 v3.6 Data extraction from label references (HO)
)
(/usr/local/texlive/2020/texmf-dist/tex/generic/gettitlestring/gettitlestring.s
ty
Package: gettitlestring 2019/12/15 v1.6 Cleanup title references (HO)
)
\c@section@level=\count320
)
LaTeX Info: Redefining \ref on input line 747.
LaTeX Info: Redefining \pageref on input line 747.
LaTeX Info: Redefining \nameref on input line 747.
 (./main.out) (./main.out)
\@outlinefile=\write6
\openout6 = `main.out'.

 [1


{/usr/local/texlive/2020/texmf-var/fonts/map/pdftex/updmap/pdftex.map}] [2

] [3

]
************************************************
Preface Preface
************************************************
LaTeX Font Info:    Trying to load font information for TS1+lmr on input line 7
90.
(/usr/local/texlive/2020/texmf-dist/tex/latex/lm/ts1lmr.fd
File: ts1lmr.fd 2009/10/30 v1.6 Font defs for Latin Modern
)
LaTeX Font Info:    Trying to load font information for OT1+lmr on input line 7
90.

(/usr/local/texlive/2020/texmf-dist/tex/latex/lm/ot1lmr.fd
File: ot1lmr.fd 2009/10/30 v1.6 Font defs for Latin Modern
)
LaTeX Font Info:    Trying to load font information for OML+lmm on input line 7
90.

(/usr/local/texlive/2020/texmf-dist/tex/latex/lm/omllmm.fd
File: omllmm.fd 2009/10/30 v1.6 Font defs for Latin Modern
)
LaTeX Font Info:    Trying to load font information for OMS+lmsy on input line 
790.

(/usr/local/texlive/2020/texmf-dist/tex/latex/lm/omslmsy.fd
File: omslmsy.fd 2009/10/30 v1.6 Font defs for Latin Modern
)
LaTeX Font Info:    Trying to load font information for OMX+lmex on input line 
790.

(/usr/local/texlive/2020/texmf-dist/tex/latex/lm/omxlmex.fd
File: omxlmex.fd 2009/10/30 v1.6 Font defs for Latin Modern
)
LaTeX Font Info:    External font `lmex10' loaded for size
(Font)              <10> on input line 790.
LaTeX Font Info:    External font `lmex10' loaded for size
(Font)              <7> on input line 790.
LaTeX Font Info:    External font `lmex10' loaded for size
(Font)              <5> on input line 790.
LaTeX Font Info:    Trying to load font information for U+msa on input line 790
.

(/usr/local/texlive/2020/texmf-dist/tex/latex/amsfonts/umsa.fd
File: umsa.fd 2013/01/14 v3.01 AMS symbols A
)
(/usr/local/texlive/2020/texmf-dist/tex/latex/microtype/mt-msa.cfg
File: mt-msa.cfg 2006/02/04 v1.1 microtype config. file: AMS symbols (a) (RS)
)
LaTeX Font Info:    Trying to load font information for U+msb on input line 790
.

(/usr/local/texlive/2020/texmf-dist/tex/latex/amsfonts/umsb.fd
File: umsb.fd 2013/01/14 v3.01 AMS symbols B
)
(/usr/local/texlive/2020/texmf-dist/tex/latex/microtype/mt-msb.cfg
File: mt-msb.cfg 2005/06/01 v1.0 microtype config. file: AMS symbols (b) (RS)
)
LaTeX Font Info:    Trying to load font information for U+stmry on input line 7
90.

(/usr/local/texlive/2020/texmf-dist/tex/latex/stmaryrd/Ustmry.fd)
LaTeX Font Info:    Trying to load font information for U+rsfs on input line 79
0.

(/usr/local/texlive/2020/texmf-dist/tex/latex/jknapltx/ursfs.fd
File: ursfs.fd 1998/03/24 rsfs font definition file (jk)
) [4


] [5]
(./main.toc [6

])
\tf@toc=\write7
\openout7 = `main.toc'.

 [7]
************************************************
Chapter 1 Select Topics on Integration in One Variable
************************************************
Chapter 1.
************************************************
Section 1.1 A Brief Summary of Riemann-Stieltjes Integral
************************************************
[1


]
************************************************
Subsection 1.1.1 Summary of Riemann-Stieltjes Integral
************************************************
[2]
Overfull \hbox (1.31123pt too wide) in paragraph at lines 894--897
[]\T1/lmr/m/n/10 (-20) When $\OML/lmm/m/it/10 \OT1/lmr/m/n/10 (-20) (\OML/lmm/
m/it/10 x\OT1/lmr/m/n/10 (-20) ) = \OML/lmm/m/it/10 x$\T1/lmr/m/n/10 (-20) , we
 write $\OML/lmm/m/it/10 U\OT1/lmr/m/n/10 (-20) (\OML/lmm/m/it/10 f; \OMS/lmsy/
m/n/10 P\OT1/lmr/m/n/10 (-20) )$ \T1/lmr/m/n/10 (-20) for $\OML/lmm/m/it/10 U\O
T1/lmr/m/n/10 (-20) (\OML/lmm/m/it/10 f; \OMS/lmsy/m/n/10 P\OML/lmm/m/it/10 ; d
x\OT1/lmr/m/n/10 (-20) )$\T1/lmr/m/n/10 (-20) , and $\OML/lmm/m/it/10 L\OT1/lmr
/m/n/10 (-20) (\OML/lmm/m/it/10 f; \OMS/lmsy/m/n/10 P\OT1/lmr/m/n/10 (-20) )$ \
T1/lmr/m/n/10 (-20) for $\OML/lmm/m/it/10 L\OT1/lmr/m/n/10 (-20) (\OML/lmm/m/it
/10 f; \OMS/lmsy/m/n/10 P\OML/lmm/m/it/10 ; dx\OT1/lmr/m/n/10 (-20) )$\T1/lmr/m
/n/10 (-20) . 
 []

[3]
Underfull \hbox (badness 10000) in paragraph at lines 951--953
\T1/lmr/m/n/10 (+20) Determine $[][]\OML/lmm/m/it/10 H\OT1/lmr/m/n/10 (+20) (\O
ML/lmm/m/it/10 x\OT1/lmr/m/n/10 (+20) ) \OML/lmm/m/it/10 dH\OT1/lmr/m/n/10 (+20
) (\OML/lmm/m/it/10 x\OT1/lmr/m/n/10 (+20) )$\T1/lmr/m/n/10 (+20) , $[] [][] \O
ML/lmm/m/it/10 H\OT1/lmr/m/n/10 (+20) (\OML/lmm/m/it/10 x\OT1/lmr/m/n/10 (+20) 
) \OML/lmm/m/it/10 dH\OT1/lmr/m/n/10 (+20) (\OML/lmm/m/it/10 x\OT1/lmr/m/n/10 (
+20) )$\T1/lmr/m/n/10 (+20) , $[][]\OML/lmm/m/it/10 G\OT1/lmr/m/n/10 (+20) (\OM
L/lmm/m/it/10 x\OT1/lmr/m/n/10 (+20) ) \OML/lmm/m/it/10 dH\OT1/lmr/m/n/10 (+20)
 (\OML/lmm/m/it/10 x\OT1/lmr/m/n/10 (+20) )$\T1/lmr/m/n/10 (+20) ,
 []

[4] [5] [6]
************************************************
Section 1.2 The Completion of the Space of Continuous Functions under Integral 
Norms
************************************************
[7]
Overfull \hbox (4.22784pt too wide) detected at line 1148
[]
 []

[8]
Underfull \hbox (badness 10000) in paragraph at lines 1195--1197
\T1/lmr/m/n/10 (+20) This al-lows to de-fine $[][] \OMS/lmsy/m/n/10 j\OML/lmm/m
/it/10 ^^^\OT1/lmr/m/n/10 (+20) (\OML/lmm/m/it/10 x\OT1/lmr/m/n/10 (+20) )\OMS/
lmsy/m/n/10 j[] \OML/lmm/m/it/10 dx$ \T1/lmr/m/n/10 (+20) as $[][] [][] \OMS/lm
sy/m/n/10 j\OML/lmm/m/it/10 ^^^\OT1/lmr/m/n/10 (+20) (\OML/lmm/m/it/10 x\OT1/lm
r/m/n/10 (+20) )\OMS/lmsy/m/n/10 j[] \OML/lmm/m/it/10 dx$\T1/lmr/m/n/10 (+20) ,
 given by
 []

[9] [10] [11] [12] [13]
LaTeX Font Info:    External font `lmex10' loaded for size
(Font)              <8> on input line 1367.
LaTeX Font Info:    External font `lmex10' loaded for size
(Font)              <6> on input line 1367.

Overfull \hbox (2.03111pt too wide) detected at line 1399
[]
 []

[14] [15] [16] [17]
************************************************
Section 1.3 The Space of Riemann Integrable Functions
************************************************
[18] [19] [20]
************************************************
Section 1.4 Extension of the Fundamental Theorem of Calculus; Absolutely Contin
uous Functions
************************************************
[21] [22] [23] [24]
************************************************
Chapter 2 Sequences and Series of Functions
************************************************
[25]
Chapter 2.

Overfull \hbox (10.15067pt too wide) in paragraph at lines 1896--1896
|\T1/lmr/bx/n/24.88 Sequences and Se-ries of Func-
 []

************************************************
Section 2.1 Concept of Uniform Convergence
************************************************
[26

] [27]
************************************************
Section 2.2 Properties of A Uniformly Convergent Sequence of Functions
************************************************
[28] [29] [30] [31]
************************************************
Section 2.3 An Extended Criterion for the Interchange of Integration and Limits
 of a Sequence of Functions
************************************************

Underfull \hbox (badness 2846) in paragraph at lines 2217--2219
\T1/lmr/m/n/10 (+20) and ap-ply-ing [][]The-o-rem [][]2.2.7[][][][] on $\OT1/lm
r/m/n/10 (+20) [\OML/lmm/m/it/10 a; c\OT1/lmr/m/n/10 (+20) ]$\T1/lmr/m/n/10 (+2
0) , we find some $\OML/lmm/m/it/10 N$ \T1/lmr/m/n/10 (+20) such that
 []

[32] [33]
************************************************
Section 2.4 Interchange of Differentiation and Limit of a Sequence of Functions

************************************************
[34] [35]
************************************************
Section 2.5 Metrics on Function Spaces
************************************************
[36]
************************************************
Section 2.6 Equicontinuous Family of Functions
************************************************
[37] [38] [39]
************************************************
Section 2.7 Weierstrass Theorem
************************************************
[40]
************************************************
Exercises 2.8 Exercises
************************************************
[41]
Overfull \hbox (6.04584pt too wide) detected at line 2673
[] \OT1/lmr/m/n/10 = [] [] = \OMS/lmsy/m/n/10 ^^@\OT1/lmr/m/n/10 2 [] [] = \OMS
/lmsy/m/n/10 ^^@\OT1/lmr/m/n/10 2\OML/lmm/m/it/10 x [] [][] :
 []

[42]
************************************************
Chapter 3 Power Series
************************************************
[43]
Chapter 3.
************************************************
Section 3.1 Definition of a Power Series and Its Radius of Convergence
************************************************
[44

]
Overfull \hbox (42.78882pt too wide) detected at line 2765
[]
 []


Underfull \hbox (badness 1708) in paragraph at lines 2779--2781
\T1/lmr/m/n/10 (+20) the power se-ries $[][] \OML/lmm/m/it/10 a[]\OT1/lmr/m/n/1
0 (+20) (\OML/lmm/m/it/10 x \OMS/lmsy/m/n/10 ^^@ \OML/lmm/m/it/10 x[]\OT1/lmr/m
/n/10 (+20) )[]$ \T1/lmr/m/n/10 (+20) con-verges ab-so-lutely, while when
 []


Underfull \hbox (badness 2980) in paragraph at lines 2794--2795
[]\T1/lmr/m/n/10 (+20) If $[][] \OMS/lmsy/m/n/10 j[]j$ \T1/lmr/m/n/10 (+20) ex-
ists, then $[][] []$ ex-ists, and equals
 []


Underfull \hbox (badness 1248) in paragraph at lines 2797--2799
[][]\T1/lmr/bx/n/10 Proposition 3.1.8 []\T1/lmr/m/it/10 (+20) The ra-dius $\OML
/lmm/m/it/10 R$ \T1/lmr/m/it/10 (+20) of con-ver-gence of the power se-ries
 []

[45]
************************************************
Section 3.2 Properties of a Convergent Power Series
************************************************
[46] [47] [48] [49] [50]
************************************************
Section 3.3 Exponential Functions
************************************************
[51]
************************************************
Section 3.4 The Trigonometric Functions
************************************************
[52]
************************************************
Exercises 3.5 Exercises
************************************************
************************************************
Chapter 4 Fourier Series
************************************************
[53]
Chapter 4.
[54

]
************************************************
Section 4.1 General Orthogonal Expansion
************************************************
[55] [56] [57] [58]
Underfull \hbox (badness 2042) in paragraph at lines 3375--3377
[][]\T1/lmr/bx/n/10 Remark 4.1.14 []\T1/lmr/m/n/10 (+20) Some-times we work wit
h a set of or-thog-o-nal vec-
 []


Underfull \hbox (badness 1460) in paragraph at lines 3375--3377
\T1/lmr/m/n/10 (+20) tors which are not nec-es-sar-ily unit vec-tors. This is t
he case with
 []

[59] [60] [61] [62]
************************************************
Section 4.2 Convergence of the Trigonometric Fourier Series
************************************************

Overfull \hbox (0.37207pt too wide) in paragraph at lines 3566--3566
|[]\T1/lmr/bx/n/14.4 Convergence of the Trigono-met-ric Fourier Se-
 []

[63] [64] [65]

LaTeX Warning: File `external/images/FS-0TPP.png' not found on input line 3659.



! Package pdftex.def Error: File `external/images/FS-0TPP.png' not found: using
 draft setting.

See the pdftex.def package documentation for explanation.
Type  H <return>  for immediate help.
 ...                                              
                                                  
l.3659 ...\linewidth]{external/images/FS-0TPP.png}
                                                  
? 
LaTeX Font Info:    Trying to load font information for T1+lmtt on input line 3
659.
(/usr/local/texlive/2020/texmf-dist/tex/latex/lm/t1lmtt.fd
File: t1lmtt.fd 2009/10/30 v1.6 Font defs for Latin Modern
)
Package microtype Info: Loading generic protrusion settings for font family
(microtype)             `lmtt' (encoding: T1).
(microtype)             For optimal results, create family-specific settings.
(microtype)             See the microtype manual for details.


LaTeX Warning: File `external/images/FS-Cos-Sin.png' not found on input line 36
65.


! Package pdftex.def Error: File `external/images/FS-Cos-Sin.png' not found: us
ing draft setting.

See the pdftex.def package documentation for explanation.
Type  H <return>  for immediate help.
 ...                                              
                                                  
l.3665 ...newidth]{external/images/FS-Cos-Sin.png}
                                                  
? 

LaTeX Warning: File `external/images/FS-TTPP.png' not found on input line 3671.



! Package pdftex.def Error: File `external/images/FS-TTPP.png' not found: using
 draft setting.

See the pdftex.def package documentation for explanation.
Type  H <return>  for immediate help.
 ...                                              
                                                  
l.3671 ...\linewidth]{external/images/FS-TTPP.png}
                                                  
? 
[66]
Overfull \hbox (10.63408pt too wide) in paragraph at lines 3734--3735
[]\T1/lmr/m/n/10 (-20) Fejér's the-o-rem im-plies that the span of $\OMS/lmsy/m
/n/10 f\OML/lmm/m/it/10 e[]\OMS/lmsy/m/n/10 g$ \T1/lmr/m/n/10 (-20) (equiv-a-le
ntly $\OMS/lmsy/m/n/10 f[]\OT1/lmr/m/n/10 (-20) (\OML/lmm/m/it/10 nx\OT1/lmr/m/
n/10 (-20) )\OML/lmm/m/it/10 ; []\OT1/lmr/m/n/10 (-20) (\OML/lmm/m/it/10 nx\OT1
/lmr/m/n/10 (-20) )\OMS/lmsy/m/n/10 g$\T1/lmr/m/n/10 (-20) )
 []

[67]
************************************************
Section 4.3 Term-wise Integration and Differentiation of Fourier Series
************************************************
[68] [69] [70]
************************************************
Chapter 5 Differential Calculus of Functions of Several Variables
************************************************
[71]
Chapter 5.

Overfull \hbox (5.96149pt too wide) in paragraph at lines 3909--3909
|\T1/lmr/bx/n/24.88 Differential Cal-cu-lus of Func-
 []

************************************************
Section 5.1 Continuity of a Function of Several Variables
************************************************
[72

]
************************************************
Section 5.2 Linear Functions
************************************************
************************************************
Subsection 5.2.1 Definition of Linear Functions and Their Matrix Representation

************************************************
[73]
Overfull \hbox (15.99484pt too wide) detected at line 4004
[]\OT1/lmr/bx/n/10 x \OMS/lmsy/m/n/10 2 \OML/lmm/m/it/10 X; []c[]; \OT1/lmr/m/n
/10 1 \OMS/lmsy/m/n/10 ^^T \OML/lmm/m/it/10 j \OMS/lmsy/m/n/10 ^^T \OML/lmm/m/i
t/10 n; []
 []

[74] [75]
************************************************
Subsection 5.2.2 Operator Norm of a Linear Map
************************************************
[76] [77] [78]
************************************************
Subsection 5.2.3 Any Two Norms on a Finite Dimensional Vector Space Are Equival
ent
************************************************

Overfull \hbox (6.12865pt too wide) in paragraph at lines 4269--4269
|[]\T1/lmr/bx/n/12 Any Two Norms on a Fi-nite Di-men-sional Vec-tor Space
 []

[79]
************************************************
Section 5.3 Differentiation
************************************************
************************************************
Subsection 5.3.1 Differentiability, Directional Derivative, and Partial Derivat
ive
************************************************
[80] [81] [82] [83] [84]
************************************************
Subsection 5.3.2 Chain Rule
************************************************
[85] [86] [87]
************************************************
Subsection 5.3.3 A Differentiability Criterion
************************************************
************************************************
Section 5.4 Contraction Mapping Principle
************************************************
[88] [89]
************************************************
Section 5.5 Inverse and Implicit Function Theorems
************************************************
************************************************
Subsection 5.5.1 Inverse Function Theorem
************************************************
[90] [91] [92] [93

]
************************************************
Subsection 5.5.2 Implicit Function Theorem
************************************************
[94] [95] [96] [97] [98]
************************************************
Section 5.6 Higher Order Derivatives and Taylor Expansion
************************************************
[99] [100] [101]
Overfull \hbox (15.88908pt too wide) detected at line 5487
[]
 []


Overfull \hbox (65.41711pt too wide) detected at line 5504
[]
 []

[102] [103]
************************************************
Section 5.7 Differentiation of Integrals
************************************************
[104]
Overfull \hbox (8.86842pt too wide) in paragraph at lines 5614--5615
\T1/lmr/m/n/10 (-20) and $\OML/lmm/m/it/10 h$ \T1/lmr/m/n/10 (-20) with $\OMS/l
msy/m/n/10 j\OML/lmm/m/it/10 h\OMS/lmsy/m/n/10 j \OML/lmm/m/it/10 < ^^N$\T1/lmr
/m/n/10 (-20) , this may not guar-an-tee that $[]$
 []

[105] [106]
************************************************
Section 5.8 Convexity and Some Applications
************************************************
************************************************
Subsection 5.8.1 Convex sets vs Convex Functions
************************************************
[107]
************************************************
Subsection 5.8.2 Review of Properties of Univariate Convex Functions
************************************************
[108] [109]
************************************************
Subsection 5.8.3 Some Properties of Convex Functions of Several Variables
************************************************
[110] [111]
Underfull \hbox (badness 10000) in paragraph at lines 5957--5960
[][]\T1/lmr/bx/n/10 Example 5.8.11 []\T1/lmr/m/n/10 (+20) Us-ing con-cav-ity to
 iden-tify the min-i-mum of
 []

[112]
************************************************
Exercises 5.9 Exercises
************************************************
[113]
************************************************
Chapter 6 Integration in Several Variables
************************************************
[114]
Chapter 6.
[115

]
************************************************
Section 6.1 Basic Definitions and Properties for the Integral of a Scalar Funct
ion on a Multi-dimensional Rectangle
************************************************

Overfull \hbox (19.11545pt too wide) in paragraph at lines 6118--6118
\T1/lmr/bx/n/14.4 gral of a Scalar Func-tion on a Multi-dimensional
 []

[116] [117]

LaTeX Warning: File `external/images/Gemini_Generated_Image_partitions.pdf' not
 found on input line 6211.


! Package pdftex.def Error: File `external/images/Gemini_Generated_Image_partit
ions.pdf' not found: using draft setting.

See the pdftex.def package documentation for explanation.
Type  H <return>  for immediate help.
 ...                                              
                                                  
l.6211 ...s/Gemini_Generated_Image_partitions.pdf}
                                                  
? 
[118] [119] [120] [121]
************************************************
Section 6.2 Further Riemann Integrability Criteria
************************************************
************************************************
Subsection 6.2.1 Riemann Integrability Criterion in terms of the Oscillation of
 the Integrand
************************************************
[122] [123]
************************************************
Exercises 6.2.1 Exercises
************************************************

Underfull \hbox (badness 3333) in paragraph at lines 6496--6498
\T1/lmr/m/n/10 (+20) Show that $\OML/lmm/m/it/10 f\OT1/lmr/m/n/10 (+20) (\OML/l
mm/m/it/10 x; y\OT1/lmr/m/n/10 (+20) )$ \T1/lmr/m/n/10 (+20) is Rie-mann in-te-
grable on $\OT1/lmr/m/n/10 (+20) [0\OML/lmm/m/it/10 ; \OT1/lmr/m/n/10 (+20) 1] 
\OMS/lmsy/m/n/10 ^^B \OT1/lmr/m/n/10 (+20) [0\OML/lmm/m/it/10 ; \OT1/lmr/m/n/10
 (+20) 1]$ \T1/lmr/m/n/10 (+20) and
 []

************************************************
Subsection 6.2.2 Sets of Content \(0\) and of Measure \(0\)
************************************************
LaTeX Font Info:    External font `lmex10' loaded for size
(Font)              <12> on input line 6507.
[124] [125]
************************************************
Exercises 6.2.2 Exercises
************************************************
************************************************
Subsection 6.2.3 Riemann Integrability in terms of the Set of Discontinuity of 
the Integrand
************************************************
************************************************
Exercises 6.2.3 Exercises
************************************************
[126]
************************************************
Section 6.3 Fubini's Theorem
************************************************

Underfull \hbox (badness 10000) in paragraph at lines 6717--6719
\T1/lmr/m/n/10 (+20) Likewise, $[][] \OML/lmm/m/it/10 f\OT1/lmr/m/n/10 (+20) (\
OT1/lmr/bx/n/10 x\OML/lmm/m/it/10 ; \OT1/lmr/bx/n/10 y\OT1/lmr/m/n/10 (+20) ) \
OML/lmm/m/it/10 d\OT1/lmr/bx/n/10 y$ \T1/lmr/m/n/10 (+20) is sand-wiched be-twe
en $\OML/lmm/m/it/10 U\OT1/lmr/m/n/10 (+20) (\OML/lmm/m/it/10 f\OT1/lmr/m/n/10 
(+20) (\OT1/lmr/bx/n/10 x\OML/lmm/m/it/10 ; \OT1/lmr/bx/n/10 y\OT1/lmr/m/n/10 (
+20) )\OML/lmm/m/it/10 ; \OMS/lmsy/m/n/10 P[]\OT1/lmr/m/n/10 (+20) )$ \T1/lmr/m
/n/10 (+20) and
 []


Underfull \hbox (badness 10000) in paragraph at lines 6727--6729
\T1/lmr/m/n/10 (+20) Observe that $[][] \OML/lmm/m/it/10 U\OT1/lmr/m/n/10 (+20)
 (\OML/lmm/m/it/10 f\OT1/lmr/m/n/10 (+20) (\OT1/lmr/bx/n/10 x[]\OML/lmm/m/it/10
 ; \OT1/lmr/bx/n/10 y\OT1/lmr/m/n/10 (+20) )\OML/lmm/m/it/10 ; \OMS/lmsy/m/n/10
 P[]\OT1/lmr/m/n/10 (+20) )\OMS/lmsy/m/n/10 j\OML/lmm/m/it/10 S[]\OMS/lmsy/m/n/
10 j$ \T1/lmr/m/n/10 (+20) is sand-wiched be-tween
 []


Underfull \hbox (badness 2050) in paragraph at lines 6739--6741
\T1/lmr/m/n/10 (+20) But $[][] [] \OMS/lmsy/m/n/10 j\OML/lmm/m/it/10 S[]\OMS/lm
sy/m/n/10 j$ \T1/lmr/m/n/10 (+20) is a Rie-mann sum of the in-te-gral
 []

[127] [128] [129] [130]
************************************************
Section 6.4 Integration on a Jordan Measurable Set
************************************************
[131]
************************************************
Section 6.5 Determinant
************************************************
[132]
************************************************
Section 6.6 Change of Variables in Multi-dimensional Integral
************************************************
[133] [134] [135]
Overfull \hbox (7.6117pt too wide) detected at line 7145
[]
 []

[136] [137]
************************************************
Section 6.7 A Brief Discussion on the Integration of Functions on a Surface
************************************************

Overfull \hbox (1.7293pt too wide) in paragraph at lines 7216--7216
|[]\T1/lmr/bx/n/14.4 A Brief Dis-cus-sion on the In-te-gra-tion of Func-
 []

[138]
************************************************
Subsection 6.7.1 Definition of an \(m\)-dimensional Differentiable Surface in \
(\mathbb {R}^{n}\)
************************************************
[139]
************************************************
Subsection 6.7.2 Volume of the Image of a Unit Hypercube under a Linear Map
************************************************

LaTeX Warning: File `external/images/Rado1.png' not found on input line 7289.


! Package pdftex.def Error: File `external/images/Rado1.png' not found: using d
raft setting.

See the pdftex.def package documentation for explanation.
Type  H <return>  for immediate help.
 ...                                              
                                                  
l.7289 ...h=\linewidth]{external/images/Rado1.png}
                                                  
? 

LaTeX Warning: File `external/images/Rado2.png' not found on input line 7292.


! Package pdftex.def Error: File `external/images/Rado2.png' not found: using d
raft setting.

See the pdftex.def package documentation for explanation.
Type  H <return>  for immediate help.
 ...                                              
                                                  
l.7292 ...h=\linewidth]{external/images/Rado2.png}
                                                  
? 
[140] [141]
************************************************
Exercises 6.7.2 Exercises
************************************************
************************************************
Subsection 6.7.3 Volume of an \(m\)-dimensional Differentiable Surface in \(\ma
thbb {R}^{n}\)
************************************************
[142] [143] [144]
************************************************
Exercises 6.7.3 Exercises
************************************************
[145]
************************************************
Subsection 6.7.4 The integral of a Function on an \(m\)-dimensional Differentia
ble Surface in \(\mathbb {R}^{n}\)
************************************************
************************************************
Exercises 6.7.4 Exercises
************************************************

Overfull \hbox (12.61139pt too wide) detected at line 7616
[]
 []


Overfull \hbox (9.23499pt too wide) detected at line 7624
[][] [][] \OML/lmm/m/it/10 d\OT1/lmr/bx/n/10 x[] \OT1/lmr/m/n/10 = [][] [] \OML
/lmm/m/it/10 dA
 []

[146]
************************************************
Chapter 7 Exterior Differential Calculus and Integration of Differential Forms
************************************************
[147]
Chapter 7.
************************************************
Section 7.1 A Brief Review of the Notion of Curl and Divergence of a Vector Fie
ld
************************************************

Overfull \hbox (31.16307pt too wide) in paragraph at lines 7656--7657
\T1/lmr/m/n/10 (-20) In multi-variable cal-cu-lus the line in-te-gral of a vec-
tor field $[] \OT1/lmr/m/n/10 (-20) = (\OML/lmm/m/it/10 X[]\OT1/lmr/m/n/10 (-20
) (\OT1/lmr/bx/n/10 x\OT1/lmr/m/n/10 (-20) )\OML/lmm/m/it/10 ; []  ; X[]\OT1/lm
r/m/n/10 (-20) (\OT1/lmr/bx/n/10 x\OT1/lmr/m/n/10 (-20) ))\OML/lmm/m/it/10 ; n 
\OT1/lmr/m/n/10 (-20) =
 []

[148

] [149]
Overfull \hbox (6.80411pt too wide) detected at line 7744
[]
 []

[150] [151]
************************************************
Section 7.2 Dual space, Tensor product, and Exterior Algebra
************************************************
[152] [153] [154] [155]
************************************************
Exercises 7.2 Exercises
************************************************
[156]

Package tcolorbox Warning: Using nobreak failed. Try to enlarge `lines before b
reak' or set page breaks manually on input line 8103.

************************************************
Section 7.3 Vector Fields and Differential Forms
************************************************
************************************************
Subsection 7.3.1 Definition and Basic Properties of Vector Fields and Different
ial One-Forms
************************************************
[157] [158] [159] [160] [161]
Overfull \hbox (0.9418pt too wide) detected at line 8396
[]
 []

[162] [163]
************************************************
Exercises 7.3.1 Exercises
************************************************
************************************************
Subsection 7.3.2 Tangent Map\slash {}Differential and its Pull-Back of a Differ
entiable Map
************************************************
[164] [165]
************************************************
Exercises 7.3.2 Exercises
************************************************
[166]
************************************************
Section 7.4 Exterior Differential Operator \(d\) and Boundary Operator \(\parti
al \)
************************************************
LaTeX Font Info:    External font `lmex10' loaded for size
(Font)              <14.4> on input line 8583.

Package hyperref Warning: Token not allowed in a PDF string (PDFDocEncoding):
(hyperref)                removing `math shift' on input line 8583.


Package hyperref Warning: Token not allowed in a PDF string (PDFDocEncoding):
(hyperref)                removing `math shift' on input line 8583.


Package hyperref Warning: Token not allowed in a PDF string (PDFDocEncoding):
(hyperref)                removing `\partial' on input line 8583.

************************************************
Subsection 7.4.1 Exterior Differential Operator
************************************************
[167] [168]
************************************************
Exercises 7.4.1 Exercises
************************************************
************************************************
Subsection 7.4.2 The Boundary Operator, Singular Chain, and Stokes Theorem
************************************************
[169] [170] [171] [172] [173]
************************************************
Exercises 7.4.2 Exercises
************************************************
[174]
Underfull \hbox (badness 6364) in paragraph at lines 8947--8949
[][]| [][]\T1/lmr/m/n/10 (+20) Let $\OML/lmm/m/it/10 m$ \T1/lmr/m/n/10 (+20) be
 an in-te-ger and $\OML/lmm/m/it/10 R > \OT1/lmr/m/n/10 (+20) 0$\T1/lmr/m/n/10 
(+20) . De-fine $\OML/lmm/m/it/10 c[]\OT1/lmr/m/n/10 (+20) (\OML/lmm/m/it/10 t\
OT1/lmr/m/n/10 (+20) ) =
 []

************************************************
Subsection 7.4.3 Closed and Exact Forms
************************************************
[175] [176]
************************************************
Exercises 7.4.3 Exercises
************************************************
[177] [178]
************************************************
References References
************************************************
[179



]
Package atveryend Info: Empty hook `BeforeClearDocument' on input line 9159.
Package atveryend Info: Empty hook `AfterLastShipout' on input line 9159.
 (./main.aux)
Package atveryend Info: Executing hook `AtVeryEndDocument' on input line 9159.
Package atveryend Info: Executing hook `AtEndAfterFileList' on input line 9159.

Package rerunfilecheck Info: File `main.out' has not changed.
(rerunfilecheck)             Checksum: 4B5BAC7DABD0A0ACD938951401E6BCC3;4195.


LaTeX Warning: Label(s) may have changed. Rerun to get cross-references right.

 ) 
Here is how much of TeX's memory you used:
 29850 strings out of 480608
 588478 string characters out of 5903631
 976937 words of memory out of 5000000
 43512 multiletter control sequences out of 15000+600000
 668292 words of font info for 235 fonts, out of 8000000 for 9000
 1141 hyphenation exceptions out of 8191
 59i,25n,84p,1614b,3121s stack positions out of 5000i,500n,10000p,200000b,80000s
{/usr/local/texlive/2020/texmf-dist/fonts/enc/dvips/lm/lm-mathit.enc}{/usr/lo
cal/texlive/2020/texmf-dist/fonts/enc/dvips/lm/lm-rm.enc}{/usr/local/texlive/20
20/texmf-dist/fonts/enc/dvips/lm/lm-ec.enc}{/usr/local/texlive/2020/texmf-dist/
fonts/enc/dvips/lm/lm-mathsy.enc}{/usr/local/texlive/2020/texmf-dist/fonts/enc/
dvips/lm/lm-mathex.enc}{/usr/local/texlive/2020/texmf-dist/fonts/enc/dvips/lm/l
m-ts1.enc}</usr/local/texlive/2020/texmf-dist/fonts/type1/public/lm/lmbx10.pfb>
</usr/local/texlive/2020/texmf-dist/fonts/type1/public/lm/lmbx12.pfb></usr/loca
l/texlive/2020/texmf-dist/fonts/type1/public/lm/lmbx5.pfb></usr/local/texlive/2
020/texmf-dist/fonts/type1/public/lm/lmbx7.pfb></usr/local/texlive/2020/texmf-d
ist/fonts/type1/public/lm/lmbxi10.pfb></usr/local/texlive/2020/texmf-dist/fonts
/type1/public/lm/lmex10.pfb></usr/local/texlive/2020/texmf-dist/fonts/type1/pub
lic/lm/lmmi10.pfb></usr/local/texlive/2020/texmf-dist/fonts/type1/public/lm/lmm
i12.pfb></usr/local/texlive/2020/texmf-dist/fonts/type1/public/lm/lmmi5.pfb></u
sr/local/texlive/2020/texmf-dist/fonts/type1/public/lm/lmmi6.pfb></usr/local/te
xlive/2020/texmf-dist/fonts/type1/public/lm/lmmi7.pfb></usr/local/texlive/2020/
texmf-dist/fonts/type1/public/lm/lmmi8.pfb></usr/local/texlive/2020/texmf-dist/
fonts/type1/public/lm/lmr10.pfb></usr/local/texlive/2020/texmf-dist/fonts/type1
/public/lm/lmr12.pfb></usr/local/texlive/2020/texmf-dist/fonts/type1/public/lm/
lmr17.pfb></usr/local/texlive/2020/texmf-dist/fonts/type1/public/lm/lmr5.pfb></
usr/local/texlive/2020/texmf-dist/fonts/type1/public/lm/lmr6.pfb></usr/local/te
xlive/2020/texmf-dist/fonts/type1/public/lm/lmr7.pfb></usr/local/texlive/2020/t
exmf-dist/fonts/type1/public/lm/lmr8.pfb></usr/local/texlive/2020/texmf-dist/fo
nts/type1/public/lm/lmri10.pfb></usr/local/texlive/2020/texmf-dist/fonts/type1/
public/lm/lmro10.pfb></usr/local/texlive/2020/texmf-dist/fonts/type1/public/lm/
lmsy10.pfb></usr/local/texlive/2020/texmf-dist/fonts/type1/public/lm/lmsy5.pfb>
</usr/local/texlive/2020/texmf-dist/fonts/type1/public/lm/lmsy7.pfb></usr/local
/texlive/2020/texmf-dist/fonts/type1/public/lm/lmsy8.pfb></usr/local/texlive/20
20/texmf-dist/fonts/type1/public/lm/lmtt10.pfb></usr/local/texlive/2020/texmf-d
ist/fonts/type1/public/amsfonts/symbols/msam10.pfb></usr/local/texlive/2020/tex
mf-dist/fonts/type1/public/amsfonts/symbols/msbm10.pfb></usr/local/texlive/2020
/texmf-dist/fonts/type1/public/amsfonts/symbols/msbm7.pfb>
Output written on main.pdf (186 pages, 1473489 bytes).
PDF statistics:
 3115 PDF objects out of 3580 (max. 8388607)
 2819 compressed objects within 29 object streams
 1372 named destinations out of 1440 (max. 500000)
 32157 words of extra memory for PDF output out of 35830 (max. 10000000)

