\BOOKMARK [0][-]{chapter*.1}{Preface}{}% 1
\BOOKMARK [0][-]{chapter.3}{Select Topics on Integration in One Variable}{}% 2
\BOOKMARK [1][-]{section.4}{A Brief Summary of Riemann-Stieltjes Integral}{chapter.3}% 3
\BOOKMARK [1][-]{section.66}{The Completion of the Space of Continuous Functions under Integral Norms}{chapter.3}% 4
\BOOKMARK [1][-]{section.125}{The Space of Riemann Integrable Functions}{chapter.3}% 5
\BOOKMARK [1][-]{section.146}{Extension of the Fundamental Theorem of Calculus; Absolutely Continuous Functions}{chapter.3}% 6
\BOOKMARK [0][-]{chapter.177}{Sequences and Series of Functions}{}% 7
\BOOKMARK [1][-]{section.181}{Concept of Uniform Convergence}{chapter.177}% 8
\BOOKMARK [1][-]{section.193}{Properties of A Uniformly Convergent Sequence of Functions}{chapter.177}% 9
\BOOKMARK [1][-]{section.216}{An Extended Criterion for the Interchange of Integration and Limits of a Sequence of Functions}{chapter.177}% 10
\BOOKMARK [1][-]{section.231}{Interchange of Differentiation and Limit of a Sequence of Functions}{chapter.177}% 11
\BOOKMARK [1][-]{section.241}{Metrics on Function Spaces}{chapter.177}% 12
\BOOKMARK [1][-]{section.248}{Equicontinuous Family of Functions}{chapter.177}% 13
\BOOKMARK [1][-]{section.273}{Weierstrass Theorem}{chapter.177}% 14
\BOOKMARK [1][-]{section.281}{Exercises}{chapter.177}% 15
\BOOKMARK [0][-]{chapter.285}{Power Series}{}% 16
\BOOKMARK [1][-]{section.286}{Definition of a Power Series and Its Radius of Convergence}{chapter.285}% 17
\BOOKMARK [1][-]{section.310}{Properties of a Convergent Power Series}{chapter.285}% 18
\BOOKMARK [1][-]{section.342}{Exponential Functions}{chapter.285}% 19
\BOOKMARK [1][-]{section.343}{The Trigonometric Functions}{chapter.285}% 20
\BOOKMARK [1][-]{section.344}{Exercises}{chapter.285}% 21
\BOOKMARK [0][-]{chapter.345}{Fourier Series}{}% 22
\BOOKMARK [1][-]{section.348}{General Orthogonal Expansion}{chapter.345}% 23
\BOOKMARK [1][-]{section.413}{Convergence of the Trigonometric Fourier Series}{chapter.345}% 24
\BOOKMARK [1][-]{section.440}{Term-wise Integration and Differentiation of Fourier Series}{chapter.345}% 25
\BOOKMARK [0][-]{chapter.468}{Differential Calculus}{}% 26
\BOOKMARK [1][-]{section.469}{Continuity of a Function of Several Variables}{chapter.468}% 27
\BOOKMARK [1][-]{section.478}{Linear Functions}{chapter.468}% 28
\BOOKMARK [1][-]{section.518}{Differentiation}{chapter.468}% 29
\BOOKMARK [1][-]{section.571}{Contraction Mapping Principle}{chapter.468}% 30
\BOOKMARK [1][-]{section.583}{Inverse and Implicit Function Theorems}{chapter.468}% 31
\BOOKMARK [1][-]{section.634}{Higher Order Derivatives and Taylor Expansion}{chapter.468}% 32
\BOOKMARK [1][-]{section.657}{Differentiation of Integrals}{chapter.468}% 33
\BOOKMARK [1][-]{section.667}{Convexity and Some Applications}{chapter.468}% 34
\BOOKMARK [1][-]{section.700}{Exercises}{chapter.468}% 35
\BOOKMARK [0][-]{chapter.706}{Integration in Several Variables}{}% 36
\BOOKMARK [1][-]{section.715}{Basic Definitions and Properties for the Integral of a Scalar Function on a Multi-dimensional Rectangle}{chapter.706}% 37
\BOOKMARK [1][-]{section.750}{Further Riemann Integrability Criteria}{chapter.706}% 38
\BOOKMARK [1][-]{section.785}{Fubini's Theorem}{chapter.706}% 39
\BOOKMARK [1][-]{section.810}{Integration on a Jordan Measurable Set}{chapter.706}% 40
\BOOKMARK [1][-]{section.827}{Determinant}{chapter.706}% 41
\BOOKMARK [1][-]{section.839}{Change of Variables in Multi-dimensional Integral}{chapter.706}% 42
\BOOKMARK [1][-]{section.862}{A Brief Discussion on the Integration of Functions on a Surface}{chapter.706}% 43
\BOOKMARK [0][-]{chapter.898}{Exterior Differential Calculus}{}% 44
\BOOKMARK [1][-]{section.899}{A Brief Review of the Notion of Curl and Divergence of a Vector Field}{chapter.898}% 45
\BOOKMARK [1][-]{section.904}{Dual space, Tensor product, and Exterior Algebra}{chapter.898}% 46
\BOOKMARK [1][-]{section.929}{Vector Fields and Differential Forms}{chapter.898}% 47
\BOOKMARK [1][-]{section.961}{Exterior Differential Operator d and Boundary Operator }{chapter.898}% 48
\BOOKMARK [-1][-]{section*.1001}{Back Matter}{}% 49
\BOOKMARK [0][-]{chapter*.1002}{References}{section*.1001}% 50
