WARNING : Using CLI version 2.33.2 but project's `requirements.txt`
WARNING : is configured to use 0.8.2a4. Consider either installing
WARNING : CLI version 0.8.2a4 or running `pretext update`
WARNING : to update `requirements.txt` and other managed files to match 2.33.2.
INFO    : Now preparing local server to preview your project directory `/Users/zchan/Desktop/math412-PreTeXt`.
INFO    :   (Reminder: use `pretext deploy` to deploy your built project to a public
INFO    :   GitHub Pages site that can be shared with readers who cannot access your
INFO    :   personal computer.)
INFO    : 
INFO    : starting server ...
INFO    : setting up PreTeXt web server ...
INFO    : Added pretext web server entry 6f2f7ecf2b 20418 8128 localhost

INFO    : Server will soon be available at http://localhost:8128
INFO    : Opening browser for target `print` at http://localhost:8128/output/print
WARNING : Port 8128 could not be used.
WARNING : Trying port 8129 instead.

WARNING : Port 8129 could not be used.
WARNING : Trying port 8130 instead.

WARNING : Port 8130 could not be used.
WARNING : Trying port 8131 instead.

WARNING : Port 8131 could not be used.
WARNING : Trying port 8132 instead.

INFO    : Added pretext web server entry 6f2f7ecf2b 20418 8132 localhost

INFO    : Server will soon be available at http://localhost:8132
INFO    : Opening browser for target `print` at http://localhost:8132/output/print
WARNING : Port 8132 could not be used.
WARNING : Trying port 8133 instead.

INFO    : Added pretext web server entry 6f2f7ecf2b 20418 8133 localhost

INFO    : Server will soon be available at http://localhost:8133
INFO    : Opening browser for target `print` at http://localhost:8133/output/print
WARNING : Port 8133 could not be used.
WARNING : Trying port 8134 instead.

INFO    : Added pretext web server entry 6f2f7ecf2b 20418 8134 localhost

INFO    : Server will soon be available at http://localhost:8134
INFO    : Opening browser for target `print` at http://localhost:8134/output/print
WARNING : Port 8134 could not be used.
WARNING : Trying port 8135 instead.

INFO    : Added pretext web server entry 6f2f7ecf2b 20418 8135 localhost

INFO    : Server will soon be available at http://localhost:8135
INFO    : Opening browser for target `print` at http://localhost:8135/output/print
WARNING : Port 8135 could not be used.
WARNING : Trying port 8136 instead.

INFO    : Added pretext web server entry 6f2f7ecf2b 20418 8136 localhost

INFO    : Server will soon be available at http://localhost:8136
INFO    : Opening browser for target `print` at http://localhost:8136/output/print
WARNING : Port 8136 could not be used.
WARNING : Trying port 8137 instead.

INFO    : Added pretext web server entry 6f2f7ecf2b 20418 8137 localhost

INFO    : Server will soon be available at http://localhost:8137
INFO    : Opening browser for target `print` at http://localhost:8137/output/print
WARNING : Port 8137 could not be used.
WARNING : Trying port 8138 instead.

INFO    : Added pretext web server entry 6f2f7ecf2b 20418 8138 localhost

INFO    : Server will soon be available at http://localhost:8138
INFO    : Opening browser for target `print` at http://localhost:8138/output/print
WARNING : Port 8138 could not be used.
WARNING : Trying port 8139 instead.

INFO    : Added pretext web server entry 6f2f7ecf2b 20418 8139 localhost

INFO    : Server will soon be available at http://localhost:8139
INFO    : Opening browser for target `print` at http://localhost:8139/output/print
WARNING : Port 8139 could not be used.
WARNING : Trying port 8140 instead.

INFO    : There are 10 or more servers on file. Cleaning up ...
INFO    : Found PreTeXt web server at localhost:8131
