WARNING : Using CLI version 2.33.2 but project's `requirements.txt`
WARNING : is configured to use 0.8.2a4. Consider either installing
WARNING : CLI version 0.8.2a4 or running `pretext update`
WARNING : to update `requirements.txt` and other managed files to match 2.33.2.
INFO    : Since no target was supplied, we will use "web".

INFO    : Building target web
INFO    : XSL conversion of /Users/zchan/Desktop/math412-PreTeXt/source/main.ptx by /Users/zchan/.ptx/2.33.2/core/xsl/utilities/pretext-enhanced-source.xsl
INFO    : messages from the log for XSL processing:
WARNING : * PTX:WARNING: The "default" style requested in publication/html/css is deprecated. Your book will be built with theme="default-modern". See the PreTeXt Guide for options for the newer HTML themes and their specification .
INFO    : successful application of /Users/zchan/.ptx/2.33.2/core/xsl/utilities/pretext-enhanced-source.xsl
INFO    : Generating any needed assets.
INFO    : Finished generating assets.

INFO    : Preparing to build into /Users/zchan/Desktop/math412-PreTeXt/output/web.
WARNING : Node.js must be installed to build CSS files.  Please install node.js and npm.
 Will try to use prebuilt CSS files instead.
WARNING : Cannot find npm.  Will try to use prebuilt CSS files instead.
WARNING : Unable to install npm packages to build css files.  Non-default CSS themes require node.js and npm to be installed.  See https://pretextbook.org/doc/guide/html/node-and-npm.html
WARNING : 
INFO    : discovering source file's directory name: /Users/zchan/Desktop/math412-PreTeXt/source
INFO    : verifying and expanding input directory: /Users/zchan/Desktop/math412-PreTeXt/source/../generated-assets
INFO    : input directory expanded to absolute path: /Users/zchan/Desktop/math412-PreTeXt/generated-assets
INFO    : verifying and expanding input directory: /Users/zchan/Desktop/math412-PreTeXt/source/../assets
INFO    : input directory expanded to absolute path: /Users/zchan/Desktop/math412-PreTeXt/assets
INFO    : discovering source file's directory name: /Users/zchan/Desktop/math412-PreTeXt/source
INFO    : XSL conversion of /Users/zchan/Desktop/math412-PreTeXt/source/main.ptx by /Users/zchan/.ptx/2.33.2/core/xsl/utilities/report-publisher-variables.xsl
INFO    : messages from the log for XSL processing:
WARNING : * PTX:WARNING: The "default" style requested in publication/html/css is deprecated. Your book will be built with theme="default-modern". See the PreTeXt Guide for options for the newer HTML themes and their specification .
INFO    : successful application of /Users/zchan/.ptx/2.33.2/core/xsl/utilities/report-publisher-variables.xsl
INFO    : Downloading rs services file from https://runestone.academy/cdn/runestone/latest/webpack_static_imports.xml.
INFO    : Runestone Services via online CDN query: version 7.11.2
INFO    : Downloading Runestone Services, version 7.11.2
INFO    : Extracting Runestone Services from archive file
INFO    : Node.js not available. Relying on prebuilt default-modern.
INFO    : Using prebuilt CSS theme: default-modern with options: {'options': {'primary-color': '#195684', 'secondary-color': '#932c1c'}, 'contrast-checks': {'primary-color': '#fff', 'secondary-color': '#fff', 'primary-color-dark': '#23241f'}}
INFO    : converting /Users/zchan/Desktop/math412-PreTeXt/source/main.ptx to HTML in /var/folders/gl/5v_gndc978984dhdlht9fqn40000gp/T/ptx-ektv4qfy
INFO    : XSL conversion of /Users/zchan/Desktop/math412-PreTeXt/source/main.ptx by /Users/zchan/.ptx/2.33.2/core/xsl/pretext-html.xsl
INFO    : messages from the log for XSL processing:
WARNING : * PTX:WARNING: The "default" style requested in publication/html/css is deprecated. Your book will be built with theme="default-modern". See the PreTeXt Guide for options for the newer HTML themes and their specification .
INFO    : * PTX:INFO:   checking all deprecated elements.
WARNING : * PTX:DEPRECATE: (2024-10-08) elements previously included in a "titlepage" element inside the "frontmatter" (author, editor, credit, date, and event) should now be placed in "frontmatter/bibinfo".  To ensure a title page is created, put only the empty element "titlepage-items" inside "titlepage".  Until you move these elements, we will try to honor your intent. (1 time)
INFO    : *              located within: "frontmatter" (xml:id)
INFO    : * --------------
WARNING : * PTX:DEPRECATE: (2024-07-24) Experiments using the @permid attribute have concluded, and the attribute is now being ignored.  You can safely remove them all and then this message will stop. (1 time)
INFO    : * --------------
WARNING : * PTX:DEPRECATE: (2024-07-12) the html/css/@style publication file entry has been deprecated for replacement by @theme. See the Guide for theme options.
INFO    : * --------------
INFO    : successful application of /Users/zchan/.ptx/2.33.2/core/xsl/pretext-html.xsl
INFO    : Removing temporary directory /var/folders/gl/5v_gndc978984dhdlht9fqn40000gp/T/ptx-ektv4qfy
INFO    : Removing temporary directory /var/folders/gl/5v_gndc978984dhdlht9fqn40000gp/T/ptx-iiomiirw
INFO    : 
Finished build for target web. Run `pretext view web` to see the results.

INFO    : 
Success!  Built requested target(s) without errors.

INFO    : 
