\BOOKMARK [0][-]{chapter*.1}{Preface}{}% 1
\BOOKMARK [0][-]{chapter.3}{Select Topics on Integration in One Variable}{}% 2
\BOOKMARK [1][-]{section.4}{A Brief Summary of Riemann-Stieltjes Integral}{chapter.3}% 3
\BOOKMARK [1][-]{section.50}{The Completion of the Space of Continuous Functions under Integral Norms}{chapter.3}% 4
\BOOKMARK [1][-]{section.109}{The Space of Riemann Integrable Functions}{chapter.3}% 5
\BOOKMARK [1][-]{section.130}{Extension of the Fundamental Theorem of Calculus; Absolutely Continuous Functions}{chapter.3}% 6
\BOOKMARK [0][-]{chapter.161}{Sequences and Series of Functions}{}% 7
\BOOKMARK [1][-]{section.165}{Concept of Uniform Convergence}{chapter.161}% 8
\BOOKMARK [1][-]{section.177}{Properties of A Uniformly Convergent Sequence of Functions}{chapter.161}% 9
\BOOKMARK [1][-]{section.200}{An Extended Criterion for the Interchange of Integration and Limits of a Sequence of Functions}{chapter.161}% 10
\BOOKMARK [1][-]{section.214}{Interchange of Differentiation and Limit of a Sequence of Functions}{chapter.161}% 11
\BOOKMARK [1][-]{section.224}{Metrics on Function Spaces}{chapter.161}% 12
\BOOKMARK [1][-]{section.231}{Equicontinuous Family of Functions}{chapter.161}% 13
\BOOKMARK [1][-]{section.256}{Weierstrass Theorem}{chapter.161}% 14
\BOOKMARK [1][-]{section.264}{Exercises}{chapter.161}% 15
\BOOKMARK [0][-]{chapter.268}{Power Series}{}% 16
\BOOKMARK [1][-]{section.269}{Definition of a Power Series and Its Radius of Convergence}{chapter.268}% 17
\BOOKMARK [1][-]{section.293}{Properties of a Convergent Power Series}{chapter.268}% 18
\BOOKMARK [1][-]{section.325}{Exponential Functions}{chapter.268}% 19
\BOOKMARK [1][-]{section.326}{The Trigonometric Functions}{chapter.268}% 20
\BOOKMARK [1][-]{section.327}{Exercises}{chapter.268}% 21
\BOOKMARK [0][-]{chapter.328}{Fourier Series}{}% 22
\BOOKMARK [1][-]{section.331}{General Orthogonal Expansion}{chapter.328}% 23
\BOOKMARK [1][-]{section.393}{Convergence of the Trigonometric Fourier Series}{chapter.328}% 24
\BOOKMARK [1][-]{section.412}{Term-wise Integration and Differentiation of Fourier Series}{chapter.328}% 25
\BOOKMARK [0][-]{chapter.440}{Differential Calculus}{}% 26
\BOOKMARK [1][-]{section.441}{Continuity of a Function of Several Variables}{chapter.440}% 27
\BOOKMARK [1][-]{section.450}{Linear Functions}{chapter.440}% 28
\BOOKMARK [1][-]{section.490}{Differentiation}{chapter.440}% 29
\BOOKMARK [1][-]{section.533}{Contraction Mapping Principle}{chapter.440}% 30
\BOOKMARK [1][-]{section.545}{Inverse and Implicit Function Theorems}{chapter.440}% 31
\BOOKMARK [1][-]{section.596}{Higher Order Derivatives and Taylor Expansion}{chapter.440}% 32
\BOOKMARK [1][-]{section.619}{Differentiation of Integrals}{chapter.440}% 33
\BOOKMARK [1][-]{section.629}{Convexity and Some Applications}{chapter.440}% 34
\BOOKMARK [1][-]{section.661}{Exercises}{chapter.440}% 35
\BOOKMARK [0][-]{chapter.667}{Integration in Several Variables}{}% 36
\BOOKMARK [1][-]{section.676}{Basic Definitions and Properties for the Integral of a Scalar Function on a Multi-dimensional Rectangle}{chapter.667}% 37
\BOOKMARK [1][-]{section.711}{Further Riemann Integrability Criteria}{chapter.667}% 38
\BOOKMARK [1][-]{section.746}{Fubini's Theorem}{chapter.667}% 39
\BOOKMARK [1][-]{section.771}{Integration on a Jordan Measurable Set}{chapter.667}% 40
\BOOKMARK [1][-]{section.788}{Determinant}{chapter.667}% 41
\BOOKMARK [1][-]{section.800}{Change of Variables in Multi-dimensional Integral}{chapter.667}% 42
\BOOKMARK [1][-]{section.823}{A Brief Discussion on the Integration of Functions on a Surface}{chapter.667}% 43
\BOOKMARK [0][-]{chapter.859}{Exterior Differential Calculus}{}% 44
\BOOKMARK [1][-]{section.860}{A Brief Review of the Notion of Curl and Divergence of a Vector Field}{chapter.859}% 45
\BOOKMARK [1][-]{section.865}{Dual space, Tensor product, and Exterior Algebra}{chapter.859}% 46
\BOOKMARK [1][-]{section.890}{Vector Fields and Differential Forms}{chapter.859}% 47
\BOOKMARK [1][-]{section.922}{Exterior Differential Operator d and Boundary Operator }{chapter.859}% 48
\BOOKMARK [-1][-]{section*.962}{Back Matter}{}% 49
\BOOKMARK [0][-]{chapter*.963}{References}{section*.962}% 50
