This is pdfTeX, Version 3.14159265-2.6-1.40.21 (TeX Live 2020) (preloaded format=pdflatex 2020.4.7)  29 APR 2024 07:50
entering extended mode
 restricted \write18 enabled.
 file:line:error style messages enabled.
 %&-line parsing enabled.
**Math412-Notes.tex
(./Math412-Notes.tex
LaTeX2e <2020-02-02> patch level 5
L3 programming layer <2020-03-06>
(/usr/local/texlive/2020/texmf-dist/tex/latex/base/book.cls
Document Class: book 2019/12/20 v1.4l Standard LaTeX document class
(/usr/local/texlive/2020/texmf-dist/tex/latex/base/bk10.clo
File: bk10.clo 2019/12/20 v1.4l Standard LaTeX file (size option)
)
\c@part=\count167
\c@chapter=\count168
\c@section=\count169
\c@subsection=\count170
\c@subsubsection=\count171
\c@paragraph=\count172
\c@subparagraph=\count173
\c@figure=\count174
\c@table=\count175
\abovecaptionskip=\skip47
\belowcaptionskip=\skip48
\bibindent=\dimen134
)
(/usr/local/texlive/2020/texmf-dist/tex/latex/geometry/geometry.sty
Package: geometry 2020/01/02 v5.9 Page Geometry

(/usr/local/texlive/2020/texmf-dist/tex/latex/graphics/keyval.sty
Package: keyval 2014/10/28 v1.15 key=value parser (DPC)
\KV@toks@=\toks15
)
(/usr/local/texlive/2020/texmf-dist/tex/generic/iftex/ifvtex.sty
Package: ifvtex 2019/10/25 v1.7 ifvtex legacy package. Use iftex instead.

(/usr/local/texlive/2020/texmf-dist/tex/generic/iftex/iftex.sty
Package: iftex 2020/03/06 v1.0d TeX engine tests
))
\Gm@cnth=\count176
\Gm@cntv=\count177
\c@Gm@tempcnt=\count178
\Gm@bindingoffset=\dimen135
\Gm@wd@mp=\dimen136
\Gm@odd@mp=\dimen137
\Gm@even@mp=\dimen138
\Gm@layoutwidth=\dimen139
\Gm@layoutheight=\dimen140
\Gm@layouthoffset=\dimen141
\Gm@layoutvoffset=\dimen142
\Gm@dimlist=\toks16
)
(/usr/local/texlive/2020/texmf-dist/tex/latex/base/ifthen.sty
Package: ifthen 2014/09/29 v1.1c Standard LaTeX ifthen package (DPC)
)
(/usr/local/texlive/2020/texmf-dist/tex/latex/etoolbox/etoolbox.sty
Package: etoolbox 2019/09/21 v2.5h e-TeX tools for LaTeX (JAW)
\etb@tempcnta=\count179
)
(/usr/local/texlive/2020/texmf-dist/tex/generic/iftex/ifxetex.sty
Package: ifxetex 2019/10/25 v0.7 ifxetex legacy package. Use iftex instead.
)
(/usr/local/texlive/2020/texmf-dist/tex/generic/iftex/ifluatex.sty
Package: ifluatex 2019/10/25 v1.5 ifluatex legacy package. Use iftex instead.
)
(/usr/local/texlive/2020/texmf-dist/tex/latex/graphics/graphicx.sty
Package: graphicx 2019/11/30 v1.2a Enhanced LaTeX Graphics (DPC,SPQR)

(/usr/local/texlive/2020/texmf-dist/tex/latex/graphics/graphics.sty
Package: graphics 2019/11/30 v1.4a Standard LaTeX Graphics (DPC,SPQR)

(/usr/local/texlive/2020/texmf-dist/tex/latex/graphics/trig.sty
Package: trig 2016/01/03 v1.10 sin cos tan (DPC)
)
(/usr/local/texlive/2020/texmf-dist/tex/latex/graphics-cfg/graphics.cfg
File: graphics.cfg 2016/06/04 v1.11 sample graphics configuration
)
Package graphics Info: Driver file: pdftex.def on input line 105.

(/usr/local/texlive/2020/texmf-dist/tex/latex/graphics-def/pdftex.def
File: pdftex.def 2018/01/08 v1.0l Graphics/color driver for pdftex
))
\Gin@req@height=\dimen143
\Gin@req@width=\dimen144
)
(/usr/local/texlive/2020/texmf-dist/tex/latex/xcolor/xcolor.sty
Package: xcolor 2016/05/11 v2.12 LaTeX color extensions (UK)

(/usr/local/texlive/2020/texmf-dist/tex/latex/graphics-cfg/color.cfg
File: color.cfg 2016/01/02 v1.6 sample color configuration
)
Package xcolor Info: Package option `usenames' ignored on input line 216.
Package xcolor Info: Driver file: pdftex.def on input line 225.

(/usr/local/texlive/2020/texmf-dist/tex/latex/colortbl/colortbl.sty
Package: colortbl 2020/01/04 v1.0e Color table columns (DPC)

(/usr/local/texlive/2020/texmf-dist/tex/latex/tools/array.sty
Package: array 2019/08/31 v2.4l Tabular extension package (FMi)
\col@sep=\dimen145
\ar@mcellbox=\box45
\extrarowheight=\dimen146
\NC@list=\toks17
\extratabsurround=\skip49
\backup@length=\skip50
\ar@cellbox=\box46
)
\everycr=\toks18
\minrowclearance=\skip51
)
\rownum=\count180
Package xcolor Info: Model `cmy' substituted by `cmy0' on input line 1348.
Package xcolor Info: Model `hsb' substituted by `rgb' on input line 1352.
Package xcolor Info: Model `RGB' extended on input line 1364.
Package xcolor Info: Model `HTML' substituted by `rgb' on input line 1366.
Package xcolor Info: Model `Hsb' substituted by `hsb' on input line 1367.
Package xcolor Info: Model `tHsb' substituted by `hsb' on input line 1368.
Package xcolor Info: Model `HSB' substituted by `hsb' on input line 1369.
Package xcolor Info: Model `Gray' substituted by `gray' on input line 1370.
Package xcolor Info: Model `wave' substituted by `hsb' on input line 1371.

(/usr/local/texlive/2020/texmf-dist/tex/latex/graphics/dvipsnam.def
File: dvipsnam.def 2016/06/17 v3.0m Driver-dependent file (DPC,SPQR)
)
(/usr/local/texlive/2020/texmf-dist/tex/latex/xcolor/svgnam.def
File: svgnam.def 2016/05/11 v2.12 Predefined colors according to SVG 1.1 (UK)
))
(/usr/local/texlive/2020/texmf-dist/tex/latex/tcolorbox/tcolorbox.sty
Package: tcolorbox 2019/11/15 version 4.22 text color boxes

(/usr/local/texlive/2020/texmf-dist/tex/latex/pgf/basiclayer/pgf.sty
(/usr/local/texlive/2020/texmf-dist/tex/latex/pgf/utilities/pgfrcs.sty
(/usr/local/texlive/2020/texmf-dist/tex/generic/pgf/utilities/pgfutil-common.te
x
\pgfutil@everybye=\toks19
\pgfutil@tempdima=\dimen147
\pgfutil@tempdimb=\dimen148

(/usr/local/texlive/2020/texmf-dist/tex/generic/pgf/utilities/pgfutil-common-li
sts.tex))
(/usr/local/texlive/2020/texmf-dist/tex/generic/pgf/utilities/pgfutil-latex.def
\pgfutil@abb=\box47
(/usr/local/texlive/2020/texmf-dist/tex/latex/ms/everyshi.sty
Package: everyshi 2001/05/15 v3.00 EveryShipout Package (MS)
))
(/usr/local/texlive/2020/texmf-dist/tex/generic/pgf/utilities/pgfrcs.code.tex
(/usr/local/texlive/2020/texmf-dist/tex/generic/pgf/pgf.revision.tex)
Package: pgfrcs 2020/01/08 v3.1.5b (3.1.5b)
))
Package: pgf 2020/01/08 v3.1.5b (3.1.5b)

(/usr/local/texlive/2020/texmf-dist/tex/latex/pgf/basiclayer/pgfcore.sty
(/usr/local/texlive/2020/texmf-dist/tex/latex/pgf/systemlayer/pgfsys.sty
(/usr/local/texlive/2020/texmf-dist/tex/generic/pgf/systemlayer/pgfsys.code.tex
Package: pgfsys 2020/01/08 v3.1.5b (3.1.5b)
(/usr/local/texlive/2020/texmf-dist/tex/generic/pgf/utilities/pgfkeys.code.tex
\pgfkeys@pathtoks=\toks20
\pgfkeys@temptoks=\toks21

(/usr/local/texlive/2020/texmf-dist/tex/generic/pgf/utilities/pgfkeysfiltered.c
ode.tex
\pgfkeys@tmptoks=\toks22
))
\pgf@x=\dimen149
\pgf@y=\dimen150
\pgf@xa=\dimen151
\pgf@ya=\dimen152
\pgf@xb=\dimen153
\pgf@yb=\dimen154
\pgf@xc=\dimen155
\pgf@yc=\dimen156
\pgf@xd=\dimen157
\pgf@yd=\dimen158
\w@pgf@writea=\write3
\r@pgf@reada=\read2
\c@pgf@counta=\count181
\c@pgf@countb=\count182
\c@pgf@countc=\count183
\c@pgf@countd=\count184
\t@pgf@toka=\toks23
\t@pgf@tokb=\toks24
\t@pgf@tokc=\toks25
\pgf@sys@id@count=\count185

(/usr/local/texlive/2020/texmf-dist/tex/generic/pgf/systemlayer/pgf.cfg
File: pgf.cfg 2020/01/08 v3.1.5b (3.1.5b)
)
Driver file for pgf: pgfsys-pdftex.def

(/usr/local/texlive/2020/texmf-dist/tex/generic/pgf/systemlayer/pgfsys-pdftex.d
ef
File: pgfsys-pdftex.def 2020/01/08 v3.1.5b (3.1.5b)

(/usr/local/texlive/2020/texmf-dist/tex/generic/pgf/systemlayer/pgfsys-common-p
df.def
File: pgfsys-common-pdf.def 2020/01/08 v3.1.5b (3.1.5b)
)))
(/usr/local/texlive/2020/texmf-dist/tex/generic/pgf/systemlayer/pgfsyssoftpath.
code.tex
File: pgfsyssoftpath.code.tex 2020/01/08 v3.1.5b (3.1.5b)
\pgfsyssoftpath@smallbuffer@items=\count186
\pgfsyssoftpath@bigbuffer@items=\count187
)
(/usr/local/texlive/2020/texmf-dist/tex/generic/pgf/systemlayer/pgfsysprotocol.
code.tex
File: pgfsysprotocol.code.tex 2020/01/08 v3.1.5b (3.1.5b)
))
(/usr/local/texlive/2020/texmf-dist/tex/generic/pgf/basiclayer/pgfcore.code.tex
Package: pgfcore 2020/01/08 v3.1.5b (3.1.5b)
(/usr/local/texlive/2020/texmf-dist/tex/generic/pgf/math/pgfmath.code.tex
(/usr/local/texlive/2020/texmf-dist/tex/generic/pgf/math/pgfmathcalc.code.tex
(/usr/local/texlive/2020/texmf-dist/tex/generic/pgf/math/pgfmathutil.code.tex)
(/usr/local/texlive/2020/texmf-dist/tex/generic/pgf/math/pgfmathparser.code.tex
\pgfmath@dimen=\dimen159
\pgfmath@count=\count188
\pgfmath@box=\box48
\pgfmath@toks=\toks26
\pgfmath@stack@operand=\toks27
\pgfmath@stack@operation=\toks28
)
(/usr/local/texlive/2020/texmf-dist/tex/generic/pgf/math/pgfmathfunctions.code.
tex
(/usr/local/texlive/2020/texmf-dist/tex/generic/pgf/math/pgfmathfunctions.basic
.code.tex)
(/usr/local/texlive/2020/texmf-dist/tex/generic/pgf/math/pgfmathfunctions.trigo
nometric.code.tex)
(/usr/local/texlive/2020/texmf-dist/tex/generic/pgf/math/pgfmathfunctions.rando
m.code.tex)
(/usr/local/texlive/2020/texmf-dist/tex/generic/pgf/math/pgfmathfunctions.compa
rison.code.tex)
(/usr/local/texlive/2020/texmf-dist/tex/generic/pgf/math/pgfmathfunctions.base.
code.tex)
(/usr/local/texlive/2020/texmf-dist/tex/generic/pgf/math/pgfmathfunctions.round
.code.tex)
(/usr/local/texlive/2020/texmf-dist/tex/generic/pgf/math/pgfmathfunctions.misc.
code.tex)
(/usr/local/texlive/2020/texmf-dist/tex/generic/pgf/math/pgfmathfunctions.integ
erarithmetics.code.tex)))
(/usr/local/texlive/2020/texmf-dist/tex/generic/pgf/math/pgfmathfloat.code.tex
\c@pgfmathroundto@lastzeros=\count189
)) (/usr/local/texlive/2020/texmf-dist/tex/generic/pgf/math/pgfint.code.tex)
(/usr/local/texlive/2020/texmf-dist/tex/generic/pgf/basiclayer/pgfcorepoints.co
de.tex
File: pgfcorepoints.code.tex 2020/01/08 v3.1.5b (3.1.5b)
\pgf@picminx=\dimen160
\pgf@picmaxx=\dimen161
\pgf@picminy=\dimen162
\pgf@picmaxy=\dimen163
\pgf@pathminx=\dimen164
\pgf@pathmaxx=\dimen165
\pgf@pathminy=\dimen166
\pgf@pathmaxy=\dimen167
\pgf@xx=\dimen168
\pgf@xy=\dimen169
\pgf@yx=\dimen170
\pgf@yy=\dimen171
\pgf@zx=\dimen172
\pgf@zy=\dimen173
)
(/usr/local/texlive/2020/texmf-dist/tex/generic/pgf/basiclayer/pgfcorepathconst
ruct.code.tex
File: pgfcorepathconstruct.code.tex 2020/01/08 v3.1.5b (3.1.5b)
\pgf@path@lastx=\dimen174
\pgf@path@lasty=\dimen175
)
(/usr/local/texlive/2020/texmf-dist/tex/generic/pgf/basiclayer/pgfcorepathusage
.code.tex
File: pgfcorepathusage.code.tex 2020/01/08 v3.1.5b (3.1.5b)
\pgf@shorten@end@additional=\dimen176
\pgf@shorten@start@additional=\dimen177
)
(/usr/local/texlive/2020/texmf-dist/tex/generic/pgf/basiclayer/pgfcorescopes.co
de.tex
File: pgfcorescopes.code.tex 2020/01/08 v3.1.5b (3.1.5b)
\pgfpic=\box49
\pgf@hbox=\box50
\pgf@layerbox@main=\box51
\pgf@picture@serial@count=\count190
)
(/usr/local/texlive/2020/texmf-dist/tex/generic/pgf/basiclayer/pgfcoregraphicst
ate.code.tex
File: pgfcoregraphicstate.code.tex 2020/01/08 v3.1.5b (3.1.5b)
\pgflinewidth=\dimen178
)
(/usr/local/texlive/2020/texmf-dist/tex/generic/pgf/basiclayer/pgfcoretransform
ations.code.tex
File: pgfcoretransformations.code.tex 2020/01/08 v3.1.5b (3.1.5b)
\pgf@pt@x=\dimen179
\pgf@pt@y=\dimen180
\pgf@pt@temp=\dimen181
)
(/usr/local/texlive/2020/texmf-dist/tex/generic/pgf/basiclayer/pgfcorequick.cod
e.tex
File: pgfcorequick.code.tex 2020/01/08 v3.1.5b (3.1.5b)
)
(/usr/local/texlive/2020/texmf-dist/tex/generic/pgf/basiclayer/pgfcoreobjects.c
ode.tex
File: pgfcoreobjects.code.tex 2020/01/08 v3.1.5b (3.1.5b)
)
(/usr/local/texlive/2020/texmf-dist/tex/generic/pgf/basiclayer/pgfcorepathproce
ssing.code.tex
File: pgfcorepathprocessing.code.tex 2020/01/08 v3.1.5b (3.1.5b)
)
(/usr/local/texlive/2020/texmf-dist/tex/generic/pgf/basiclayer/pgfcorearrows.co
de.tex
File: pgfcorearrows.code.tex 2020/01/08 v3.1.5b (3.1.5b)
\pgfarrowsep=\dimen182
)
(/usr/local/texlive/2020/texmf-dist/tex/generic/pgf/basiclayer/pgfcoreshade.cod
e.tex
File: pgfcoreshade.code.tex 2020/01/08 v3.1.5b (3.1.5b)
\pgf@max=\dimen183
\pgf@sys@shading@range@num=\count191
\pgf@shadingcount=\count192
)
(/usr/local/texlive/2020/texmf-dist/tex/generic/pgf/basiclayer/pgfcoreimage.cod
e.tex
File: pgfcoreimage.code.tex 2020/01/08 v3.1.5b (3.1.5b)

(/usr/local/texlive/2020/texmf-dist/tex/generic/pgf/basiclayer/pgfcoreexternal.
code.tex
File: pgfcoreexternal.code.tex 2020/01/08 v3.1.5b (3.1.5b)
\pgfexternal@startupbox=\box52
))
(/usr/local/texlive/2020/texmf-dist/tex/generic/pgf/basiclayer/pgfcorelayers.co
de.tex
File: pgfcorelayers.code.tex 2020/01/08 v3.1.5b (3.1.5b)
)
(/usr/local/texlive/2020/texmf-dist/tex/generic/pgf/basiclayer/pgfcoretranspare
ncy.code.tex
File: pgfcoretransparency.code.tex 2020/01/08 v3.1.5b (3.1.5b)
)
(/usr/local/texlive/2020/texmf-dist/tex/generic/pgf/basiclayer/pgfcorepatterns.
code.tex
File: pgfcorepatterns.code.tex 2020/01/08 v3.1.5b (3.1.5b)
)
(/usr/local/texlive/2020/texmf-dist/tex/generic/pgf/basiclayer/pgfcorerdf.code.
tex
File: pgfcorerdf.code.tex 2020/01/08 v3.1.5b (3.1.5b)
)))
(/usr/local/texlive/2020/texmf-dist/tex/generic/pgf/modules/pgfmoduleshapes.cod
e.tex
File: pgfmoduleshapes.code.tex 2020/01/08 v3.1.5b (3.1.5b)
\pgfnodeparttextbox=\box53
)
(/usr/local/texlive/2020/texmf-dist/tex/generic/pgf/modules/pgfmoduleplot.code.
tex
File: pgfmoduleplot.code.tex 2020/01/08 v3.1.5b (3.1.5b)
)
(/usr/local/texlive/2020/texmf-dist/tex/latex/pgf/compatibility/pgfcomp-version
-0-65.sty
Package: pgfcomp-version-0-65 2020/01/08 v3.1.5b (3.1.5b)
\pgf@nodesepstart=\dimen184
\pgf@nodesepend=\dimen185
)
(/usr/local/texlive/2020/texmf-dist/tex/latex/pgf/compatibility/pgfcomp-version
-1-18.sty
Package: pgfcomp-version-1-18 2020/01/08 v3.1.5b (3.1.5b)
)) (/usr/local/texlive/2020/texmf-dist/tex/latex/tools/verbatim.sty
Package: verbatim 2019/11/10 v1.5r LaTeX2e package for verbatim enhancements
\every@verbatim=\toks29
\verbatim@line=\toks30
\verbatim@in@stream=\read3
)
(/usr/local/texlive/2020/texmf-dist/tex/latex/environ/environ.sty
Package: environ 2014/05/04 v0.3 A new way to define environments

(/usr/local/texlive/2020/texmf-dist/tex/latex/trimspaces/trimspaces.sty
Package: trimspaces 2009/09/17 v1.1 Trim spaces around a token list
)
\@envbody=\toks31
)
\tcb@titlebox=\box54
\tcb@upperbox=\box55
\tcb@lowerbox=\box56
\tcb@phantombox=\box57
\c@tcbbreakpart=\count193
\c@tcblayer=\count194
\tcolorbox@number=\count195
\tcb@temp=\box58
\tcb@temp=\box59
\tcb@temp=\box60
\tcb@temp=\box61
\tcb@out=\write4
\tcb@record@out=\write5
)
(/usr/local/texlive/2020/texmf-dist/tex/latex/tcolorbox/tcbskins.code.tex
Library (tcolorbox): 'tcbskins.code.tex' version '4.22'
(/usr/local/texlive/2020/texmf-dist/tex/latex/pgf/frontendlayer/tikz.sty
(/usr/local/texlive/2020/texmf-dist/tex/latex/pgf/utilities/pgffor.sty
(/usr/local/texlive/2020/texmf-dist/tex/latex/pgf/utilities/pgfkeys.sty
(/usr/local/texlive/2020/texmf-dist/tex/generic/pgf/utilities/pgfkeys.code.tex)
) (/usr/local/texlive/2020/texmf-dist/tex/latex/pgf/math/pgfmath.sty
(/usr/local/texlive/2020/texmf-dist/tex/generic/pgf/math/pgfmath.code.tex))
(/usr/local/texlive/2020/texmf-dist/tex/generic/pgf/utilities/pgffor.code.tex
Package: pgffor 2020/01/08 v3.1.5b (3.1.5b)

(/usr/local/texlive/2020/texmf-dist/tex/generic/pgf/math/pgfmath.code.tex)
\pgffor@iter=\dimen186
\pgffor@skip=\dimen187
\pgffor@stack=\toks32
\pgffor@toks=\toks33
))
(/usr/local/texlive/2020/texmf-dist/tex/generic/pgf/frontendlayer/tikz/tikz.cod
e.tex
Package: tikz 2020/01/08 v3.1.5b (3.1.5b)

(/usr/local/texlive/2020/texmf-dist/tex/generic/pgf/libraries/pgflibraryplothan
dlers.code.tex
File: pgflibraryplothandlers.code.tex 2020/01/08 v3.1.5b (3.1.5b)
\pgf@plot@mark@count=\count196
\pgfplotmarksize=\dimen188
)
\tikz@lastx=\dimen189
\tikz@lasty=\dimen190
\tikz@lastxsaved=\dimen191
\tikz@lastysaved=\dimen192
\tikz@lastmovetox=\dimen193
\tikz@lastmovetoy=\dimen194
\tikzleveldistance=\dimen195
\tikzsiblingdistance=\dimen196
\tikz@figbox=\box62
\tikz@figbox@bg=\box63
\tikz@tempbox=\box64
\tikz@tempbox@bg=\box65
\tikztreelevel=\count197
\tikznumberofchildren=\count198
\tikznumberofcurrentchild=\count199
\tikz@fig@count=\count266

(/usr/local/texlive/2020/texmf-dist/tex/generic/pgf/modules/pgfmodulematrix.cod
e.tex
File: pgfmodulematrix.code.tex 2020/01/08 v3.1.5b (3.1.5b)
\pgfmatrixcurrentrow=\count267
\pgfmatrixcurrentcolumn=\count268
\pgf@matrix@numberofcolumns=\count269
)
\tikz@expandcount=\count270

(/usr/local/texlive/2020/texmf-dist/tex/generic/pgf/frontendlayer/tikz/librarie
s/tikzlibrarytopaths.code.tex
File: tikzlibrarytopaths.code.tex 2020/01/08 v3.1.5b (3.1.5b)
)))
\tcb@waterbox=\box66

(/usr/local/texlive/2020/texmf-dist/tex/latex/tcolorbox/tcbskinsjigsaw.code.tex
Library (tcolorbox): 'tcbskinsjigsaw.code.tex' version '4.22'
))
(/usr/local/texlive/2020/texmf-dist/tex/latex/tcolorbox/tcbbreakable.code.tex
Library (tcolorbox): 'tcbbreakable.code.tex' version '4.22'
\tcb@testbox=\box67
\tcb@totalupperbox=\box68
\tcb@totallowerbox=\box69
) (/usr/local/texlive/2020/texmf-dist/tex/latex/tcolorbox/tcbraster.code.tex
Library (tcolorbox): 'tcbraster.code.tex' version '4.22'
\c@tcbrastercolumn=\count271
\c@tcbrasterrow=\count272
\c@tcbraster=\count273
) (/usr/local/texlive/2020/texmf-dist/tex/latex/tcolorbox/tcbxparse.code.tex
Library (tcolorbox): 'tcbxparse.code.tex' version '4.22'
(/usr/local/texlive/2020/texmf-dist/tex/latex/l3packages/xparse/xparse.sty
(/usr/local/texlive/2020/texmf-dist/tex/latex/l3kernel/expl3.sty
Package: expl3 2020-03-06 L3 programming layer (loader) 

(/usr/local/texlive/2020/texmf-dist/tex/latex/l3backend/l3backend-pdfmode.def
File: l3backend-pdfmode.def 2020-03-12 L3 backend support: PDF mode
\l__kernel_color_stack_int=\count274
\l__pdf_internal_box=\box70
))
Package: xparse 2020-03-06 L3 Experimental document command parser
\l__xparse_current_arg_int=\count275
\g__xparse_grabber_int=\count276
\l__xparse_m_args_int=\count277
\l__xparse_v_nesting_int=\count278
))
(/usr/local/texlive/2020/texmf-dist/tex/generic/pgf/frontendlayer/tikz/librarie
s/tikzlibrarycalc.code.tex
File: tikzlibrarycalc.code.tex 2020/01/08 v3.1.5b (3.1.5b)
)
(/usr/local/texlive/2020/texmf-dist/tex/latex/base/inputenc.sty
Package: inputenc 2018/08/11 v1.3c Input encoding file
\inpenc@prehook=\toks34
\inpenc@posthook=\toks35
)
(/usr/local/texlive/2020/texmf-dist/tex/latex/lm/lmodern.sty
Package: lmodern 2009/10/30 v1.6 Latin Modern Fonts
LaTeX Font Info:    Overwriting symbol font `operators' in version `normal'
(Font)                  OT1/cmr/m/n --> OT1/lmr/m/n on input line 22.
LaTeX Font Info:    Overwriting symbol font `letters' in version `normal'
(Font)                  OML/cmm/m/it --> OML/lmm/m/it on input line 23.
LaTeX Font Info:    Overwriting symbol font `symbols' in version `normal'
(Font)                  OMS/cmsy/m/n --> OMS/lmsy/m/n on input line 24.
LaTeX Font Info:    Overwriting symbol font `largesymbols' in version `normal'
(Font)                  OMX/cmex/m/n --> OMX/lmex/m/n on input line 25.
LaTeX Font Info:    Overwriting symbol font `operators' in version `bold'
(Font)                  OT1/cmr/bx/n --> OT1/lmr/bx/n on input line 26.
LaTeX Font Info:    Overwriting symbol font `letters' in version `bold'
(Font)                  OML/cmm/b/it --> OML/lmm/b/it on input line 27.
LaTeX Font Info:    Overwriting symbol font `symbols' in version `bold'
(Font)                  OMS/cmsy/b/n --> OMS/lmsy/b/n on input line 28.
LaTeX Font Info:    Overwriting symbol font `largesymbols' in version `bold'
(Font)                  OMX/cmex/m/n --> OMX/lmex/m/n on input line 29.
LaTeX Font Info:    Overwriting math alphabet `\mathbf' in version `normal'
(Font)                  OT1/cmr/bx/n --> OT1/lmr/bx/n on input line 31.
LaTeX Font Info:    Overwriting math alphabet `\mathsf' in version `normal'
(Font)                  OT1/cmss/m/n --> OT1/lmss/m/n on input line 32.
LaTeX Font Info:    Overwriting math alphabet `\mathit' in version `normal'
(Font)                  OT1/cmr/m/it --> OT1/lmr/m/it on input line 33.
LaTeX Font Info:    Overwriting math alphabet `\mathtt' in version `normal'
(Font)                  OT1/cmtt/m/n --> OT1/lmtt/m/n on input line 34.
LaTeX Font Info:    Overwriting math alphabet `\mathbf' in version `bold'
(Font)                  OT1/cmr/bx/n --> OT1/lmr/bx/n on input line 35.
LaTeX Font Info:    Overwriting math alphabet `\mathsf' in version `bold'
(Font)                  OT1/cmss/bx/n --> OT1/lmss/bx/n on input line 36.
LaTeX Font Info:    Overwriting math alphabet `\mathit' in version `bold'
(Font)                  OT1/cmr/bx/it --> OT1/lmr/bx/it on input line 37.
LaTeX Font Info:    Overwriting math alphabet `\mathtt' in version `bold'
(Font)                  OT1/cmtt/m/n --> OT1/lmtt/m/n on input line 38.
)
(/usr/local/texlive/2020/texmf-dist/tex/latex/base/fontenc.sty
Package: fontenc 2020/02/11 v2.0o Standard LaTeX package
LaTeX Font Info:    Trying to load font information for T1+lmr on input line 11
2.

(/usr/local/texlive/2020/texmf-dist/tex/latex/lm/t1lmr.fd
File: t1lmr.fd 2009/10/30 v1.6 Font defs for Latin Modern
))
(/usr/local/texlive/2020/texmf-dist/tex/latex/microtype/microtype.sty
Package: microtype 2019/11/18 v2.7d Micro-typographical refinements (RS)
\MT@toks=\toks36
\MT@count=\count279
LaTeX Info: Redefining \textls on input line 790.
\MT@outer@kern=\dimen197
LaTeX Info: Redefining \textmicrotypecontext on input line 1354.
\MT@listname@count=\count280

(/usr/local/texlive/2020/texmf-dist/tex/latex/microtype/microtype-pdftex.def
File: microtype-pdftex.def 2019/11/18 v2.7d Definitions specific to pdftex (RS)

LaTeX Info: Redefining \lsstyle on input line 914.
LaTeX Info: Redefining \lslig on input line 914.
\MT@outer@space=\skip52
)
Package microtype Info: Loading configuration file microtype.cfg.

(/usr/local/texlive/2020/texmf-dist/tex/latex/microtype/microtype.cfg
File: microtype.cfg 2019/11/18 v2.7d microtype main configuration file (RS)
))
(/usr/local/texlive/2020/texmf-dist/tex/latex/amsmath/amsmath.sty
Package: amsmath 2020/01/20 v2.17e AMS math features
\@mathmargin=\skip53

For additional information on amsmath, use the `?' option.
(/usr/local/texlive/2020/texmf-dist/tex/latex/amsmath/amstext.sty
Package: amstext 2000/06/29 v2.01 AMS text

(/usr/local/texlive/2020/texmf-dist/tex/latex/amsmath/amsgen.sty
File: amsgen.sty 1999/11/30 v2.0 generic functions
\@emptytoks=\toks37
\ex@=\dimen198
))
(/usr/local/texlive/2020/texmf-dist/tex/latex/amsmath/amsbsy.sty
Package: amsbsy 1999/11/29 v1.2d Bold Symbols
\pmbraise@=\dimen199
)
(/usr/local/texlive/2020/texmf-dist/tex/latex/amsmath/amsopn.sty
Package: amsopn 2016/03/08 v2.02 operator names
)
\inf@bad=\count281
LaTeX Info: Redefining \frac on input line 227.
\uproot@=\count282
\leftroot@=\count283
LaTeX Info: Redefining \overline on input line 389.
\classnum@=\count284
\DOTSCASE@=\count285
LaTeX Info: Redefining \ldots on input line 486.
LaTeX Info: Redefining \dots on input line 489.
LaTeX Info: Redefining \cdots on input line 610.
\Mathstrutbox@=\box71
\strutbox@=\box72
\big@size=\dimen256
LaTeX Font Info:    Redeclaring font encoding OML on input line 733.
LaTeX Font Info:    Redeclaring font encoding OMS on input line 734.
\macc@depth=\count286
\c@MaxMatrixCols=\count287
\dotsspace@=\muskip16
\c@parentequation=\count288
\dspbrk@lvl=\count289
\tag@help=\toks38
\row@=\count290
\column@=\count291
\maxfields@=\count292
\andhelp@=\toks39
\eqnshift@=\dimen257
\alignsep@=\dimen258
\tagshift@=\dimen259
\tagwidth@=\dimen260
\totwidth@=\dimen261
\lineht@=\dimen262
\@envbody=\toks40
\multlinegap=\skip54
\multlinetaggap=\skip55
\mathdisplay@stack=\toks41
LaTeX Info: Redefining \[ on input line 2859.
LaTeX Info: Redefining \] on input line 2860.
)
(/usr/local/texlive/2020/texmf-dist/tex/latex/amsmath/amscd.sty
Package: amscd 2017/04/14 v2.1 AMS Commutative Diagrams
\athelp@=\toks42
\minaw@=\dimen263
\bigaw@=\dimen264
\minCDarrowwidth=\dimen265
)
(/usr/local/texlive/2020/texmf-dist/tex/latex/amsfonts/amssymb.sty
Package: amssymb 2013/01/14 v3.01 AMS font symbols

(/usr/local/texlive/2020/texmf-dist/tex/latex/amsfonts/amsfonts.sty
Package: amsfonts 2013/01/14 v3.01 Basic AMSFonts support
\symAMSa=\mathgroup4
\symAMSb=\mathgroup5
LaTeX Font Info:    Redeclaring math symbol \hbar on input line 98.
LaTeX Font Info:    Overwriting math alphabet `\mathfrak' in version `bold'
(Font)                  U/euf/m/n --> U/euf/b/n on input line 106.
))
(/usr/local/texlive/2020/texmf-dist/tex/latex/titlesec/titlesec.sty
Package: titlesec 2019/10/16 v2.13 Sectioning titles
\ttl@box=\box73
\beforetitleunit=\skip56
\aftertitleunit=\skip57
\ttl@plus=\dimen266
\ttl@minus=\dimen267
\ttl@toksa=\toks43
\titlewidth=\dimen268
\titlewidthlast=\dimen269
\titlewidthfirst=\dimen270

(/usr/local/texlive/2020/texmf-dist/tex/latex/titlesec/titleps.sty))
(/usr/local/texlive/2020/texmf-dist/tex/latex/titlesec/titletoc.sty
Package: titletoc 2019/10/16 v2.13 TOC entries
\ttl@leftsep=\dimen271
)
(/usr/local/texlive/2020/texmf-dist/tex/latex/enumitem/enumitem.sty
Package: enumitem 2019/06/20 v3.9 Customized lists
\labelindent=\skip58
\enit@outerparindent=\dimen272
\enit@toks=\toks44
\enit@inbox=\box74
\enit@count@id=\count293
\enitdp@description=\count294
)
\enitdp@referencelist=\count295

(/usr/local/texlive/2020/texmf-dist/tex/latex/hyperref/hyperref.sty
Package: hyperref 2020/01/14 v7.00d Hypertext links for LaTeX

(/usr/local/texlive/2020/texmf-dist/tex/generic/ltxcmds/ltxcmds.sty
Package: ltxcmds 2019/12/15 v1.24 LaTeX kernel commands for general use (HO)
)
(/usr/local/texlive/2020/texmf-dist/tex/latex/pdftexcmds/pdftexcmds.sty
Package: pdftexcmds 2019/11/24 v0.31 Utility functions of pdfTeX for LuaTeX (HO
)

(/usr/local/texlive/2020/texmf-dist/tex/generic/infwarerr/infwarerr.sty
Package: infwarerr 2019/12/03 v1.5 Providing info/warning/error messages (HO)
)
Package pdftexcmds Info: \pdf@primitive is available.
Package pdftexcmds Info: \pdf@ifprimitive is available.
Package pdftexcmds Info: \pdfdraftmode found.
)
(/usr/local/texlive/2020/texmf-dist/tex/generic/kvsetkeys/kvsetkeys.sty
Package: kvsetkeys 2019/12/15 v1.18 Key value parser (HO)
)
(/usr/local/texlive/2020/texmf-dist/tex/generic/kvdefinekeys/kvdefinekeys.sty
Package: kvdefinekeys 2019-12-19 v1.6 Define keys (HO)
)
(/usr/local/texlive/2020/texmf-dist/tex/generic/pdfescape/pdfescape.sty
Package: pdfescape 2019/12/09 v1.15 Implements pdfTeX's escape features (HO)
)
(/usr/local/texlive/2020/texmf-dist/tex/latex/hycolor/hycolor.sty
Package: hycolor 2020-01-27 v1.10 Color options for hyperref/bookmark (HO)
)
(/usr/local/texlive/2020/texmf-dist/tex/latex/letltxmacro/letltxmacro.sty
Package: letltxmacro 2019/12/03 v1.6 Let assignment for LaTeX macros (HO)
)
(/usr/local/texlive/2020/texmf-dist/tex/latex/auxhook/auxhook.sty
Package: auxhook 2019-12-17 v1.6 Hooks for auxiliary files (HO)
)
(/usr/local/texlive/2020/texmf-dist/tex/latex/kvoptions/kvoptions.sty
Package: kvoptions 2019/11/29 v3.13 Key value format for package options (HO)
)
\@linkdim=\dimen273
\Hy@linkcounter=\count296
\Hy@pagecounter=\count297

(/usr/local/texlive/2020/texmf-dist/tex/latex/hyperref/pd1enc.def
File: pd1enc.def 2020/01/14 v7.00d Hyperref: PDFDocEncoding definition (HO)
Now handling font encoding PD1 ...
... no UTF-8 mapping file for font encoding PD1
)
(/usr/local/texlive/2020/texmf-dist/tex/generic/intcalc/intcalc.sty
Package: intcalc 2019/12/15 v1.3 Expandable calculations with integers (HO)
)
(/usr/local/texlive/2020/texmf-dist/tex/generic/etexcmds/etexcmds.sty
Package: etexcmds 2019/12/15 v1.7 Avoid name clashes with e-TeX commands (HO)
)
\Hy@SavedSpaceFactor=\count298
Package hyperref Info: Option `hyperfootnotes' set `false' on input line 4421.
Package hyperref Info: Hyper figures OFF on input line 4547.
Package hyperref Info: Link nesting OFF on input line 4552.
Package hyperref Info: Hyper index ON on input line 4555.
Package hyperref Info: Plain pages OFF on input line 4562.
Package hyperref Info: Backreferencing OFF on input line 4567.
Package hyperref Info: Implicit mode ON; LaTeX internals redefined.
Package hyperref Info: Bookmarks ON on input line 4800.
\c@Hy@tempcnt=\count299

(/usr/local/texlive/2020/texmf-dist/tex/latex/url/url.sty
\Urlmuskip=\muskip17
Package: url 2013/09/16  ver 3.4  Verb mode for urls, etc.
)
LaTeX Info: Redefining \url on input line 5159.
\XeTeXLinkMargin=\dimen274

(/usr/local/texlive/2020/texmf-dist/tex/generic/bitset/bitset.sty
Package: bitset 2019/12/09 v1.3 Handle bit-vector datatype (HO)

(/usr/local/texlive/2020/texmf-dist/tex/generic/bigintcalc/bigintcalc.sty
Package: bigintcalc 2019/12/15 v1.5 Expandable calculations on big integers (HO
)
))
\Fld@menulength=\count300
\Field@Width=\dimen275
\Fld@charsize=\dimen276
Package hyperref Info: Hyper figures OFF on input line 6430.
Package hyperref Info: Link nesting OFF on input line 6435.
Package hyperref Info: Hyper index ON on input line 6438.
Package hyperref Info: backreferencing OFF on input line 6445.
Package hyperref Info: Link coloring OFF on input line 6450.
Package hyperref Info: Link coloring with OCG OFF on input line 6455.
Package hyperref Info: PDF/A mode OFF on input line 6460.
LaTeX Info: Redefining \ref on input line 6500.
LaTeX Info: Redefining \pageref on input line 6504.

(/usr/local/texlive/2020/texmf-dist/tex/generic/atbegshi/atbegshi.sty
Package: atbegshi 2019/12/05 v1.19 At begin shipout hook (HO)
)
\Hy@abspage=\count301
\c@Item=\count302
)
Package hyperref Info: Driver (autodetected): hpdftex.

(/usr/local/texlive/2020/texmf-dist/tex/latex/hyperref/hpdftex.def
File: hpdftex.def 2020/01/14 v7.00d Hyperref driver for pdfTeX

(/usr/local/texlive/2020/texmf-dist/tex/latex/atveryend/atveryend.sty
Package: atveryend 2019-12-11 v1.11 Hooks at the very end of document (HO)
)
\Fld@listcount=\count303
\c@bookmark@seq@number=\count304

(/usr/local/texlive/2020/texmf-dist/tex/latex/rerunfilecheck/rerunfilecheck.sty
Package: rerunfilecheck 2019/12/05 v1.9 Rerun checks for auxiliary files (HO)

(/usr/local/texlive/2020/texmf-dist/tex/generic/uniquecounter/uniquecounter.sty
Package: uniquecounter 2019/12/15 v1.4 Provide unlimited unique counter (HO)
)
Package uniquecounter Info: New unique counter `rerunfilecheck' on input line 2
86.
)
\Hy@SectionHShift=\skip59
)
Package hyperref Info: Option `colorlinks' set `true' on input line 493.
Package hyperref Info: Option `hypertexnames' set `false' on input line 496.
\c@tcb@cnt@block=\count305
\c@tcb@cnt@project-distinct=\count306
\c@tcb@cnt@subdisplay=\count307
 (/usr/local/texlive/2020/texmf-dist/tex/latex/extpfeil/extpfeil.sty
Package: extpfeil 2009/10/31 v0.4 Extensible Pfeile (PE)

(/usr/local/texlive/2020/texmf-dist/tex/latex/mathtools/mathtools.sty
Package: mathtools 2020/03/24 v1.24 mathematical typesetting tools

(/usr/local/texlive/2020/texmf-dist/tex/latex/tools/calc.sty
Package: calc 2017/05/25 v4.3 Infix arithmetic (KKT,FJ)
\calc@Acount=\count308
\calc@Bcount=\count309
\calc@Adimen=\dimen277
\calc@Bdimen=\dimen278
\calc@Askip=\skip60
\calc@Bskip=\skip61
LaTeX Info: Redefining \setlength on input line 80.
LaTeX Info: Redefining \addtolength on input line 81.
\calc@Ccount=\count310
\calc@Cskip=\skip62
)
(/usr/local/texlive/2020/texmf-dist/tex/latex/mathtools/mhsetup.sty
Package: mhsetup 2017/03/31 v1.3 programming setup (MH)
)
LaTeX Info: Thecontrolsequence`\('isalreadyrobust on input line 130.
LaTeX Info: Thecontrolsequence`\)'isalreadyrobust on input line 130.
LaTeX Info: Thecontrolsequence`\['isalreadyrobust on input line 130.
LaTeX Info: Thecontrolsequence`\]'isalreadyrobust on input line 130.
\g_MT_multlinerow_int=\count311
\l_MT_multwidth_dim=\dimen279
\origjot=\skip63
\l_MT_shortvdotswithinadjustabove_dim=\dimen280
\l_MT_shortvdotswithinadjustbelow_dim=\dimen281
\l_MT_above_intertext_sep=\dimen282
\l_MT_below_intertext_sep=\dimen283
\l_MT_above_shortintertext_sep=\dimen284
\l_MT_below_shortintertext_sep=\dimen285
\xmathstrut@box=\box75
\xmathstrut@dim=\dimen286
)
(/usr/local/texlive/2020/texmf-dist/tex/latex/stmaryrd/stmaryrd.sty
Package: stmaryrd 1994/03/03 St Mary's Road symbol package
\symstmry=\mathgroup6
LaTeX Font Info:    Overwriting symbol font `stmry' in version `bold'
(Font)                  U/stmry/m/n --> U/stmry/b/n on input line 89.
))
(./Math412-Notes.aux)
\openout1 = `Math412-Notes.aux'.

LaTeX Font Info:    Checking defaults for OML/cmm/m/it on input line 690.
LaTeX Font Info:    ... okay on input line 690.
LaTeX Font Info:    Checking defaults for OMS/cmsy/m/n on input line 690.
LaTeX Font Info:    ... okay on input line 690.
LaTeX Font Info:    Checking defaults for OT1/cmr/m/n on input line 690.
LaTeX Font Info:    ... okay on input line 690.
LaTeX Font Info:    Checking defaults for T1/cmr/m/n on input line 690.
LaTeX Font Info:    ... okay on input line 690.
LaTeX Font Info:    Checking defaults for TS1/cmr/m/n on input line 690.
LaTeX Font Info:    ... okay on input line 690.
LaTeX Font Info:    Checking defaults for OMX/cmex/m/n on input line 690.
LaTeX Font Info:    ... okay on input line 690.
LaTeX Font Info:    Checking defaults for U/cmr/m/n on input line 690.
LaTeX Font Info:    ... okay on input line 690.
LaTeX Font Info:    Checking defaults for PD1/pdf/m/n on input line 690.
LaTeX Font Info:    ... okay on input line 690.

*geometry* driver: auto-detecting
*geometry* detected driver: pdftex
*geometry* verbose mode - [ preamble ] result:
* driver: pdftex
* paper: letterpaper
* layout: <same size as paper>
* layoutoffset:(h,v)=(0.0pt,0.0pt)
* modes: 
* h-part:(L,W,R)=(127.14749pt, 360.0pt, 127.1475pt)
* v-part:(T,H,B)=(57.81598pt, 650.43pt, 86.72401pt)
* \paperwidth=614.295pt
* \paperheight=794.96999pt
* \textwidth=360.0pt
* \textheight=650.43pt
* \oddsidemargin=54.8775pt
* \evensidemargin=54.8775pt
* \topmargin=-44.5215pt
* \headheight=12.0pt
* \headsep=18.06749pt
* \topskip=10.0pt
* \footskip=25.29494pt
* \marginparwidth=69.0pt
* \marginparsep=7.0pt
* \columnsep=10.0pt
* \skip\footins=9.0pt plus 4.0pt minus 2.0pt
* \hoffset=0.0pt
* \voffset=0.0pt
* \mag=1000
* \@twocolumnfalse
* \@twosidefalse
* \@mparswitchfalse
* \@reversemarginfalse
* (1in=72.27pt=25.4mm, 1cm=28.453pt)

(/usr/local/texlive/2020/texmf-dist/tex/context/base/mkii/supp-pdf.mkii
[Loading MPS to PDF converter (version 2006.09.02).]
\scratchcounter=\count312
\scratchdimen=\dimen287
\scratchbox=\box76
\nofMPsegments=\count313
\nofMParguments=\count314
\everyMPshowfont=\toks45
\MPscratchCnt=\count315
\MPscratchDim=\dimen288
\MPnumerator=\count316
\makeMPintoPDFobject=\count317
\everyMPtoPDFconversion=\toks46
) (/usr/local/texlive/2020/texmf-dist/tex/latex/epstopdf-pkg/epstopdf-base.sty
Package: epstopdf-base 2020-01-24 v2.11 Base part for package epstopdf
Package epstopdf-base Info: Redefining graphics rule for `.eps' on input line 4
85.

(/usr/local/texlive/2020/texmf-dist/tex/latex/latexconfig/epstopdf-sys.cfg
File: epstopdf-sys.cfg 2010/07/13 v1.3 Configuration of (r)epstopdf for TeX Liv
e
))
ABD: EveryShipout initializing macros
LaTeX Info: Redefining \microtypecontext on input line 690.
Package microtype Info: Generating PDF output.
Package microtype Info: Character protrusion enabled (level 2).
Package microtype Info: Using default protrusion set `alltext'.
Package microtype Info: Automatic font expansion enabled (level 2),
(microtype)             stretch: 20, shrink: 20, step: 1, non-selected.
Package microtype Info: Using default expansion set `basictext'.
LaTeX Info: Redefining \showhyphens on input line 690.
Package microtype Info: No adjustment of tracking.
Package microtype Info: No adjustment of interword spacing.
Package microtype Info: No adjustment of character kerning.

(/usr/local/texlive/2020/texmf-dist/tex/latex/microtype/mt-cmr.cfg
File: mt-cmr.cfg 2013/05/19 v2.2 microtype config. file: Computer Modern Roman 
(RS)
)
\AtBeginShipoutBox=\box77
Package hyperref Info: Link coloring ON on input line 690.

(/usr/local/texlive/2020/texmf-dist/tex/latex/hyperref/nameref.sty
Package: nameref 2019/09/16 v2.46 Cross-referencing by name of section

(/usr/local/texlive/2020/texmf-dist/tex/latex/refcount/refcount.sty
Package: refcount 2019/12/15 v3.6 Data extraction from label references (HO)
)
(/usr/local/texlive/2020/texmf-dist/tex/generic/gettitlestring/gettitlestring.s
ty
Package: gettitlestring 2019/12/15 v1.6 Cleanup title references (HO)
)
\c@section@level=\count318
)
LaTeX Info: Redefining \ref on input line 690.
LaTeX Info: Redefining \pageref on input line 690.
LaTeX Info: Redefining \nameref on input line 690.
 (./Math412-Notes.out) (./Math412-Notes.out)
\@outlinefile=\write6
\openout6 = `Math412-Notes.out'.

 [1


{/usr/local/texlive/2020/texmf-var/fonts/map/pdftex/updmap/pdftex.map}] [2

] [3

]
************************************************
Preface Preface
************************************************
LaTeX Font Info:    Trying to load font information for TS1+lmr on input line 7
34.
(/usr/local/texlive/2020/texmf-dist/tex/latex/lm/ts1lmr.fd
File: ts1lmr.fd 2009/10/30 v1.6 Font defs for Latin Modern
)
LaTeX Font Info:    Trying to load font information for OT1+lmr on input line 7
34.

(/usr/local/texlive/2020/texmf-dist/tex/latex/lm/ot1lmr.fd
File: ot1lmr.fd 2009/10/30 v1.6 Font defs for Latin Modern
)
LaTeX Font Info:    Trying to load font information for OML+lmm on input line 7
34.

(/usr/local/texlive/2020/texmf-dist/tex/latex/lm/omllmm.fd
File: omllmm.fd 2009/10/30 v1.6 Font defs for Latin Modern
)
LaTeX Font Info:    Trying to load font information for OMS+lmsy on input line 
734.

(/usr/local/texlive/2020/texmf-dist/tex/latex/lm/omslmsy.fd
File: omslmsy.fd 2009/10/30 v1.6 Font defs for Latin Modern
)
LaTeX Font Info:    Trying to load font information for OMX+lmex on input line 
734.

(/usr/local/texlive/2020/texmf-dist/tex/latex/lm/omxlmex.fd
File: omxlmex.fd 2009/10/30 v1.6 Font defs for Latin Modern
)
LaTeX Font Info:    External font `lmex10' loaded for size
(Font)              <10> on input line 734.
LaTeX Font Info:    External font `lmex10' loaded for size
(Font)              <7> on input line 734.
LaTeX Font Info:    External font `lmex10' loaded for size
(Font)              <5> on input line 734.
LaTeX Font Info:    Trying to load font information for U+msa on input line 734
.

(/usr/local/texlive/2020/texmf-dist/tex/latex/amsfonts/umsa.fd
File: umsa.fd 2013/01/14 v3.01 AMS symbols A
)
(/usr/local/texlive/2020/texmf-dist/tex/latex/microtype/mt-msa.cfg
File: mt-msa.cfg 2006/02/04 v1.1 microtype config. file: AMS symbols (a) (RS)
)
LaTeX Font Info:    Trying to load font information for U+msb on input line 734
.

(/usr/local/texlive/2020/texmf-dist/tex/latex/amsfonts/umsb.fd
File: umsb.fd 2013/01/14 v3.01 AMS symbols B
)
(/usr/local/texlive/2020/texmf-dist/tex/latex/microtype/mt-msb.cfg
File: mt-msb.cfg 2005/06/01 v1.0 microtype config. file: AMS symbols (b) (RS)
)
LaTeX Font Info:    Trying to load font information for U+stmry on input line 7
34.

(/usr/local/texlive/2020/texmf-dist/tex/latex/stmaryrd/Ustmry.fd) [4


] [5]
(./Math412-Notes.toc [6

])
\tf@toc=\write7
\openout7 = `Math412-Notes.toc'.

 [7]
************************************************
Chapter 1 Select Topics on Integration in One Variable
************************************************
Chapter 1.
************************************************
Section 1.1 A Brief Summary of Riemann-Stieltjes Integral
************************************************
[1


] [2] [3] [4] [5]
************************************************
Section 1.2 The Completion of the Space of Continuous Functions under Integral 
Norms
************************************************

Overfull \hbox (8.22705pt too wide) in paragraph at lines 991--991
|[]\T1/lmr/bx/n/14.4 The Com-ple-tion of the Space of Con-tin-u-ous Func-
 []

[6] [7]
Overfull \hbox (3.78494pt too wide) in paragraph at lines 1059--1061
\T1/lmr/m/n/10 (-20) This al-lows to de-fine $[][] \OMS/lmsy/m/n/10 j\OML/lmm/m
/it/10 ^^^\OT1/lmr/m/n/10 (-20) (\OML/lmm/m/it/10 x\OT1/lmr/m/n/10 (-20) )\OMS/
lmsy/m/n/10 j[] \OML/lmm/m/it/10 dx$ \T1/lmr/m/n/10 (-20) as $[][] [][] \OMS/lm
sy/m/n/10 j\OML/lmm/m/it/10 ^^^\OT1/lmr/m/n/10 (-20) (\OML/lmm/m/it/10 x\OT1/lm
r/m/n/10 (-20) )\OMS/lmsy/m/n/10 j[] \OML/lmm/m/it/10 dx$\T1/lmr/m/n/10 (-20) ,
 given by $[][] [][] \OMS/lmsy/m/n/10 j\OML/lmm/m/it/10 c[]\OT1/lmr/m/n/10 (-20
) (\OML/lmm/m/it/10 x\OT1/lmr/m/n/10 (-20) )\OMS/lmsy/m/n/10 j[] \OML/lmm/m/it/
10 dx$\T1/lmr/m/n/10 (-20) . 
 []

[8] [9] [10]
LaTeX Font Info:    External font `lmex10' loaded for size
(Font)              <8> on input line 1150.
LaTeX Font Info:    External font `lmex10' loaded for size
(Font)              <6> on input line 1150.
 [11] [12] [13] [14] [15]
Overfull \hbox (0.44643pt too wide) detected at line 1399
[][] [] [] \OMS/lmsy/m/n/10 ^^T [] [][] [] \OT1/lmr/m/n/10 = [][] 2\OML/lmm/m/i
t/10 g \OMS/lmsy/m/n/10 ^^@ [] [][] j\OML/lmm/m/it/10 ^^^[] \OMS/lmsy/m/n/10 ^^
@ \OML/lmm/m/it/10 ^^^\OMS/lmsy/m/n/10 j\OML/lmm/m/it/10 :
 []

[16] [17]
************************************************
Section 1.3 The Space of Riemann Integrable Functions
************************************************
[18] [19]
************************************************
Section 1.4 Extension of the Fundamental Theorem of Calculus; Absolutely Contin
uous Functions
************************************************
[20] [21] [22] [23] [24]
************************************************
Chapter 2 Sequences and Series of Functions
************************************************
[25]
Chapter 2.
************************************************
Section 2.1 Concept of Uniform Convergence
************************************************
[26

]
Overfull \hbox (5.11636pt too wide) in paragraph at lines 1791--1793
\T1/lmr/m/n/10 (-20) above. Through di-rect ex-am-i-na-tion we find that this h
olds for $\OMS/lmsy/m/n/10 f\OML/lmm/m/it/10 f[]\OT1/lmr/m/n/10 (-20) (\OML/lmm
/m/it/10 x\OT1/lmr/m/n/10 (-20) )\OMS/lmsy/m/n/10 g\OML/lmm/m/it/10 ; \OMS/lmsy
/m/n/10 f\OML/lmm/m/it/10 g[]\OT1/lmr/m/n/10 (-20) (\OML/lmm/m/it/10 x\OT1/lmr/
m/n/10 (-20) )\OMS/lmsy/m/n/10 g$\T1/lmr/m/n/10 (-20) ,
 []

[27]
************************************************
Section 2.2 Properties of A Uniformly Convergent Sequence of Functions
************************************************

Overfull \hbox (2.09802pt too wide) in paragraph at lines 1806--1806
|[]\T1/lmr/bx/n/14.4 Properties of A Uni-formly Con-ver-gent Se-quence
 []


Overfull \hbox (5.48549pt too wide) detected at line 1841
\OMS/lmsy/m/n/10 j\OML/lmm/m/it/10 f\OT1/lmr/m/n/10 (\OT1/lmr/bx/n/10 x\OT1/lmr
/m/n/10 ) \OMS/lmsy/m/n/10 ^^@ \OML/lmm/m/it/10 f\OT1/lmr/m/n/10 (\OT1/lmr/bx/n
/10 y\OT1/lmr/m/n/10 )\OMS/lmsy/m/n/10 j ^^T j\OML/lmm/m/it/10 f\OT1/lmr/m/n/10
 (\OT1/lmr/bx/n/10 x\OT1/lmr/m/n/10 ) \OMS/lmsy/m/n/10 ^^@ \OML/lmm/m/it/10 f[]
\OT1/lmr/m/n/10 (\OT1/lmr/bx/n/10 x\OT1/lmr/m/n/10 )\OMS/lmsy/m/n/10 j \OT1/lmr
/m/n/10 + \OMS/lmsy/m/n/10 j\OML/lmm/m/it/10 f[]\OT1/lmr/m/n/10 (\OT1/lmr/bx/n/
10 x\OT1/lmr/m/n/10 ) \OMS/lmsy/m/n/10 ^^@ \OML/lmm/m/it/10 f[]\OT1/lmr/m/n/10 
(\OT1/lmr/bx/n/10 y\OT1/lmr/m/n/10 )\OMS/lmsy/m/n/10 j \OT1/lmr/m/n/10 + \OMS/l
msy/m/n/10 j\OML/lmm/m/it/10 f[]\OT1/lmr/m/n/10 (\OT1/lmr/bx/n/10 y\OT1/lmr/m/n
/10 ) \OMS/lmsy/m/n/10 ^^@ \OML/lmm/m/it/10 f\OT1/lmr/m/n/10 (\OT1/lmr/bx/n/10 
y\OT1/lmr/m/n/10 )\OMS/lmsy/m/n/10 j ^^T \OT1/lmr/m/n/10 2\OML/lmm/m/it/10 ^^O 
\OT1/lmr/m/n/10 + \OMS/lmsy/m/n/10 j\OML/lmm/m/it/10 f[]\OT1/lmr/m/n/10 (\OT1/l
mr/bx/n/10 x\OT1/lmr/m/n/10 ) \OMS/lmsy/m/n/10 ^^@ \OML/lmm/m/it/10 f[]\OT1/lmr
/m/n/10 (\OT1/lmr/bx/n/10 y\OT1/lmr/m/n/10 )\OMS/lmsy/m/n/10 j\OML/lmm/m/it/10 
:
 []

[28] [29] [30] [31]
************************************************
Section 2.3 An Extended Criterion for the Interchange of Integration and Limits
 of a Sequence of Functions
************************************************
[32]
Overfull \hbox (28.59612pt too wide) in paragraph at lines 2023--2025
\T1/lmr/m/n/10 (-20) and ap-ply-ing [][]The-o-rem [][]2.2.7[][][][] on $\OT1/lm
r/m/n/10 (-20) [\OML/lmm/m/it/10 a; c\OT1/lmr/m/n/10 (-20) ]$\T1/lmr/m/n/10 (-2
0) , we find some $\OML/lmm/m/it/10 N$ \T1/lmr/m/n/10 (-20) such that $[] \OML/
lmm/m/it/10 <
 []

[33]
Overfull \hbox (5.70192pt too wide) detected at line 2084
\OMS/lmsy/m/n/10 8 \OML/lmm/m/it/10 ^^O > \OT1/lmr/m/n/10 0\OML/lmm/m/it/10 ; \
OMS/lmsy/m/n/10 9 \OML/lmm/m/it/10 ^^N > \OT1/lmr/m/n/10 0[]\OMS/lmsy/m/n/10 j\
OML/lmm/m/it/10 f\OT1/lmr/m/n/10 (\OML/lmm/m/it/10 x; y\OT1/lmr/m/n/10 ) \OMS/l
msy/m/n/10 ^^@ \OML/lmm/m/it/10 f\OT1/lmr/m/n/10 (\OML/lmm/m/it/10 x; y[]\OT1/l
mr/m/n/10 )\OMS/lmsy/m/n/10 j \OML/lmm/m/it/10 < ^^O[]d\OT1/lmr/m/n/10 (\OML/lm
m/m/it/10 y; y[]\OT1/lmr/m/n/10 ) \OML/lmm/m/it/10 < ^^N; x \OMS/lmsy/m/n/10 2 
\OT1/lmr/m/n/10 [\OML/lmm/m/it/10 a; b\OT1/lmr/m/n/10 ]\OML/lmm/m/it/10 :
 []

[34]
************************************************
Section 2.4 Interchange of Differentiation and Limit of a Sequence of Functions

************************************************
[35] [36]
************************************************
Section 2.5 Metrics on Function Spaces
************************************************
[37]
************************************************
Section 2.6 Equicontinuous Family of Functions
************************************************
[38] [39]
Overfull \hbox (4.39229pt too wide) detected at line 2310
[][] \OMS/lmsy/m/n/10 ^^T [][] \OT1/lmr/m/n/10 + [][] \OML/lmm/m/it/10 < \OT1/l
mr/m/n/10 2\OML/lmm/m/it/10 ^^O:
 []

[40]
************************************************
Section 2.7 Weierstrass Theorem
************************************************

Overfull \hbox (20.93083pt too wide) detected at line 2380
[]
 []

[41]
************************************************
Exercises 2.8 Exercises
************************************************

Overfull \hbox (17.36687pt too wide) in paragraph at lines 2410--2412
[] [][]\T1/lmr/m/n/10 (-20) Prove that, for any fi-nite $\OML/lmm/m/it/10 a; M 
> \OT1/lmr/m/n/10 (-20) 0$\T1/lmr/m/n/10 (-20) , the set $\OMS/lmsy/m/n/10 f\OT
1/lmr/bx/n/10 x \OT1/lmr/m/n/10 (-20) := \OMS/lmsy/m/n/10 f\OT1/lmr/bx/n/10 x\O
T1/lmr/m/n/10 (-20) (\OML/lmm/m/it/10 k\OT1/lmr/m/n/10 (-20) )\OMS/lmsy/m/n/10 
g[] 2 \OML/lmm/m/it/10 l[] \OT1/lmr/m/n/10 (-20) : [][] \OML/lmm/m/it/10 k[]\OM
S/lmsy/m/n/10 j\OT1/lmr/bx/n/10 x\OT1/lmr/m/n/10 (-20) (\OML/lmm/m/it/10 k\OT1/
lmr/m/n/10 (-20) )\OMS/lmsy/m/n/10 j[] ^^T
 []

[42] [43]
************************************************
Chapter 3 Power Series
************************************************
[44]
Chapter 3.
************************************************
Section 3.1 Definition of a Power Series and Its Radius of Convergence
************************************************
[45

]
Overfull \hbox (54.68677pt too wide) detected at line 2553
[]
 []


Overfull \hbox (9.68573pt too wide) in paragraph at lines 2566--2567
\T1/lmr/m/n/10 (-20) the power se-ries $[][] \OML/lmm/m/it/10 a[]\OT1/lmr/m/n/1
0 (-20) (\OML/lmm/m/it/10 x \OMS/lmsy/m/n/10 ^^@ \OML/lmm/m/it/10 x[]\OT1/lmr/m
/n/10 (-20) )[]$ \T1/lmr/m/n/10 (-20) con-verges ab-so-lutely, while when $[][]
 \OMS/lmsy/m/n/10 j\OML/lmm/m/it/10 a[]\OT1/lmr/m/n/10 (-20) (\OML/lmm/m/it/10 
x \OMS/lmsy/m/n/10 ^^@
 []

[46]
************************************************
Section 3.2 Properties of a Convergent Power Series
************************************************
[47] [48] [49] [50] [51] [52]
************************************************
Section 3.3 Exponential Functions
************************************************
[53]
************************************************
Section 3.4 The Trigonometric Functions
************************************************
[54]
************************************************
Exercises 3.5 Exercises
************************************************
************************************************
Chapter 4 Fourier Series
************************************************
[55]
Chapter 4.
[56

]
************************************************
Section 4.1 General Orthogonal Expansion
************************************************
[57]
Overfull \hbox (23.69945pt too wide) detected at line 3007
\OMS/lmsy/m/n/10 k\OML/lmm/m/it/10 x \OT1/lmr/m/n/10 + \OML/lmm/m/it/10 y\OMS/l
msy/m/n/10 k[] \OT1/lmr/m/n/10 = (\OML/lmm/m/it/10 x \OT1/lmr/m/n/10 + \OML/lmm
/m/it/10 y; x \OT1/lmr/m/n/10 + \OML/lmm/m/it/10 y\OT1/lmr/m/n/10 ) = (\OML/lmm
/m/it/10 x; x\OT1/lmr/m/n/10 ) + 2(\OML/lmm/m/it/10 x; y\OT1/lmr/m/n/10 ) + (\O
ML/lmm/m/it/10 y; y\OT1/lmr/m/n/10 ) \OMS/lmsy/m/n/10 ^^T \OT1/lmr/m/n/10 (\OML
/lmm/m/it/10 x; x\OT1/lmr/m/n/10 ) + 2\OMS/lmsy/m/n/10 k\OML/lmm/m/it/10 x\OMS/
lmsy/m/n/10 kk\OML/lmm/m/it/10 y\OMS/lmsy/m/n/10 k \OT1/lmr/m/n/10 + (\OML/lmm/
m/it/10 y; y\OT1/lmr/m/n/10 ) = [][] \OML/lmm/m/it/10 :
 []

[58]
Overfull \hbox (12.146pt too wide) detected at line 3042
[][] \OMS/lmsy/m/n/10 j\OML/lmm/m/it/10 a[] \OT1/lmr/m/n/10 + [] [] \OMS/lmsy/m
/n/10 j[] \OML/lmm/m/it/10 dx \OT1/lmr/m/n/10 = \OML/lmm/m/it/10 l [] :
 []

[59] [60] [61]
Overfull \hbox (3.78255pt too wide) in paragraph at lines 3174--3175
\T1/lmr/m/n/10 (-20) using ei-ther the re-la-tion $\OT1/lmr/m/n/10 (-20) 2 [] [
] [] [] = []([]) \OMS/lmsy/m/n/10 ^^@ []\OT1/lmr/m/n/10 (-20) ([])$ \T1/lmr/m/n
/10 (-20) or $[] [] \OT1/lmr/m/n/10 (-20) =
 []

[62]
Overfull \hbox (13.00426pt too wide) detected at line 3206
[]
 []

[63] [64]
Overfull \hbox (26.62639pt too wide) detected at line 3273
\OT1/lmr/m/n/10 (\OML/lmm/m/it/10 g \OMS/lmsy/m/n/10 ^^@ []\OML/lmm/m/it/10 ; e
[]\OT1/lmr/m/n/10 ) = (\OML/lmm/m/it/10 g \OMS/lmsy/m/n/10 ^^@ \OML/lmm/m/it/10
 S[]\OT1/lmr/m/n/10 [\OML/lmm/m/it/10 g\OT1/lmr/m/n/10 ](\OML/lmm/m/it/10 x\OT1
/lmr/m/n/10 )\OML/lmm/m/it/10 ; e[]\OT1/lmr/m/n/10 ) + (\OML/lmm/m/it/10 S[]\OT
1/lmr/m/n/10 [\OML/lmm/m/it/10 g\OT1/lmr/m/n/10 ](\OML/lmm/m/it/10 x\OT1/lmr/m/
n/10 ) \OMS/lmsy/m/n/10 ^^@ []\OML/lmm/m/it/10 ; e[]\OT1/lmr/m/n/10 ) = (\OML/l
mm/m/it/10 S[]\OT1/lmr/m/n/10 [\OML/lmm/m/it/10 g\OT1/lmr/m/n/10 ](\OML/lmm/m/i
t/10 x\OT1/lmr/m/n/10 ) \OMS/lmsy/m/n/10 ^^@ []\OML/lmm/m/it/10 ; e[]\OT1/lmr/m
/n/10 )\OML/lmm/m/it/10 ;
 []

[65]
************************************************
Section 4.2 Convergence of the Trigonometric Fourier Series
************************************************
[66] [67] [68] [69]
************************************************
Section 4.3 Term-wise Integration and Differentiation of Fourier Series
************************************************

Overfull \hbox (29.22633pt too wide) in paragraph at lines 3466--3466
|[]\T1/lmr/bx/n/14.4 Term-wise In-te-gra-tion and Dif-fer-en-ti-a-tion of Fouri
er
 []

[70] [71] [72]
************************************************
Chapter 5 Differential Calculus of Functions of Several Variables
************************************************
[73]
Chapter 5.
************************************************
Section 5.1 Continuity of a Function of Several Variables
************************************************
[74

]
Overfull \hbox (22.26881pt too wide) detected at line 3647
\OMS/lmsy/m/n/10 j\OML/lmm/m/it/10 S\OT1/lmr/m/n/10 (\OML/lmm/m/it/10 u \OT1/lm
r/m/n/10 + \OML/lmm/m/it/10 h\OT1/lmr/m/n/10 )(\OML/lmm/m/it/10 x\OT1/lmr/m/n/1
0 ) \OMS/lmsy/m/n/10 ^^@ \OML/lmm/m/it/10 S\OT1/lmr/m/n/10 (\OML/lmm/m/it/10 u\
OT1/lmr/m/n/10 )(\OML/lmm/m/it/10 x\OT1/lmr/m/n/10 )\OMS/lmsy/m/n/10 j \OT1/lmr
/m/n/10 = \OMS/lmsy/m/n/10 j\OT1/lmr/m/n/10 2\OML/lmm/m/it/10 u\OT1/lmr/m/n/10 
(\OML/lmm/m/it/10 x\OT1/lmr/m/n/10 )\OML/lmm/m/it/10 h\OT1/lmr/m/n/10 (\OML/lmm
/m/it/10 x\OT1/lmr/m/n/10 ) + \OML/lmm/m/it/10 h\OT1/lmr/m/n/10 (\OML/lmm/m/it/
10 x\OT1/lmr/m/n/10 )[]\OMS/lmsy/m/n/10 j ^^T \OT1/lmr/m/n/10 2\OMS/lmsy/m/n/10
 k\OML/lmm/m/it/10 u\OMS/lmsy/m/n/10 k[]k\OML/lmm/m/it/10 h\OMS/lmsy/m/n/10 k[]
 \OT1/lmr/m/n/10 + \OMS/lmsy/m/n/10 k\OML/lmm/m/it/10 h\OMS/lmsy/m/n/10 k[]
 []

************************************************
Section 5.2 Linear Functions
************************************************
[75]
************************************************
Subsection 5.2.1 Definition of Linear Functions and Their Matrix Representation

************************************************

./Math412-Notes.tex:3713: LaTeX Error: Command \_ unavailable in encoding T1.

See the LaTeX manual or LaTeX Companion for explanation.
Type  H <return>  for immediate help.
 ...                                              
                                                  
l.3713 \end{align*}
                   
? 

./Math412-Notes.tex:3713: LaTeX Error: Command \_ unavailable in encoding T1.

See the LaTeX manual or LaTeX Companion for explanation.
Type  H <return>  for immediate help.
 ...                                              
                                                  
l.3713 \end{align*}
                   
? 
[76]

./Math412-Notes.tex:3726: LaTeX Error: Command \_ unavailable in encoding T1.

See the LaTeX manual or LaTeX Companion for explanation.
Type  H <return>  for immediate help.
 ...                                              
                                                  
l.3726 \end{align*}
                   
? 

./Math412-Notes.tex:3726: LaTeX Error: Command \_ unavailable in encoding T1.

See the LaTeX manual or LaTeX Companion for explanation.
Type  H <return>  for immediate help.
 ...                                              
                                                  
l.3726 \end{align*}
                   
? 

./Math412-Notes.tex:3734: LaTeX Error: Command \_ unavailable in encoding T1.

See the LaTeX manual or LaTeX Companion for explanation.
Type  H <return>  for immediate help.
 ...                                              
                                                  
l.3734 \end{align*}
                   
? 

./Math412-Notes.tex:3734: LaTeX Error: Command \_ unavailable in encoding T1.

See the LaTeX manual or LaTeX Companion for explanation.
Type  H <return>  for immediate help.
 ...                                              
                                                  
l.3734 \end{align*}
                   
? 
[77]
************************************************
Subsection 5.2.2 Operator Norm of a Linear Map
************************************************
[78] [79]
Overfull \hbox (10.88351pt too wide) in paragraph at lines 3888--3889
[]\T1/lmr/m/n/10 (-20) Determine the op-er-a-tor norm of $\OML/lmm/m/it/10 S$ \
T1/lmr/m/n/10 (-20) if $\U/msb/m/n/10 R[]$ \T1/lmr/m/n/10 (-20) is equipped wit
h the norm $\OMS/lmsy/m/n/10 jj\OT1/lmr/m/n/10 (-20) (\OML/lmm/m/it/10 x[]; [] 
; x[]\OT1/lmr/m/n/10 (-20) )\OMS/lmsy/m/n/10 jj[]$\T1/lmr/m/n/10 (-20) . 
 []


Overfull \hbox (14.86977pt too wide) in paragraph at lines 3889--3890
[]\T1/lmr/m/n/10 (-20) Determine the op-er-a-tor norm of $\OML/lmm/m/it/10 S$ \
T1/lmr/m/n/10 (-20) if $\U/msb/m/n/10 R[]$ \T1/lmr/m/n/10 (-20) is equipped wit
h the norm $\OMS/lmsy/m/n/10 jj\OT1/lmr/m/n/10 (-20) (\OML/lmm/m/it/10 x[]; [] 
; x[]\OT1/lmr/m/n/10 (-20) )\OMS/lmsy/m/n/10 jj[]$\T1/lmr/m/n/10 (-20) . 
 []


Overfull \hbox (23.36pt too wide) in paragraph at lines 3890--3892
[]\T1/lmr/m/n/10 (-20) Determine the op-er-a-tor norm of $\OML/lmm/m/it/10 S$ \
T1/lmr/m/n/10 (-20) if $\U/msb/m/n/10 R[]$ \T1/lmr/m/n/10 (-20) is equipped wit
h the norm $\OMS/lmsy/m/n/10 jj\OT1/lmr/m/n/10 (-20) (\OML/lmm/m/it/10 x[]; [] 
; x[]\OT1/lmr/m/n/10 (-20) )\OMS/lmsy/m/n/10 jj[] \OT1/lmr/m/n/10 (-20) :=
 []

[80] [81]
************************************************
Subsection 5.2.3 Any Two Norms on a Finite Dimensional Vector Space Are Equival
ent
************************************************
[82]
************************************************
Section 5.3 Differentiation
************************************************
************************************************
Subsection 5.3.1 Differentiability, Directional Derivative, and Partial Derivat
ive
************************************************

Overfull \hbox (17.00621pt too wide) in paragraph at lines 4000--4000
|[]\T1/lmr/bx/n/12 Differentiability, Di-rec-tional Deriva-tive, and Par-tial D
eriva-
 []

[83] [84] [85] [86]
Overfull \hbox (1.13689pt too wide) in paragraph at lines 4166--4167
[]\T1/lmr/bx/n/10 Exercise 5.3.11  Ma-trix Com-mut-ing with Ro-ta-tion Ma-trix.
 []\T1/lmr/m/n/10 (-20) Let $[]$.
 []


Overfull \hbox (23.88232pt too wide) in paragraph at lines 4166--4167
\T1/lmr/m/n/10 (-20) Ver-ify that $\OML/lmm/m/it/10 A$ \T1/lmr/m/n/10 (-20) sat
-is-fies [][]([][]5.3.3[][])[][] iff there ex-ist some real $\OML/lmm/m/it/10 r
; '$ \T1/lmr/m/n/10 (-20) such that $[]$. 
 []

************************************************
Subsection 5.3.2 Chain Rule
************************************************
[87] [88]
************************************************
Subsection 5.3.3 A Differentiability Criterion
************************************************
[89]
************************************************
Section 5.4 Contraction Mapping Principle
************************************************
[90] [91]
Overfull \hbox (9.02902pt too wide) detected at line 4453
\OMS/lmsy/m/n/10 j\OML/lmm/m/it/10 ^^^\OT1/lmr/m/n/10 (\OML/lmm/m/it/10 x\OT1/l
mr/m/n/10 (\OML/lmm/m/it/10 t\OT1/lmr/m/n/10 )) \OMS/lmsy/m/n/10 ^^@ \OML/lmm/m
/it/10 ^^^\OT1/lmr/m/n/10 (\OML/lmm/m/it/10 y\OT1/lmr/m/n/10 (\OML/lmm/m/it/10 
t\OT1/lmr/m/n/10 ))\OMS/lmsy/m/n/10 j ^^T [] ^^T \OML/lmm/m/it/10 L\OMS/lmsy/m/
n/10 j\OML/lmm/m/it/10 t\OMS/lmsy/m/n/10 j  [] j\OML/lmm/m/it/10 x\OT1/lmr/m/n/
10 (\OML/lmm/m/it/10 s\OT1/lmr/m/n/10 ) \OMS/lmsy/m/n/10 ^^@ \OML/lmm/m/it/10 y
\OT1/lmr/m/n/10 (\OML/lmm/m/it/10 s\OT1/lmr/m/n/10 )\OMS/lmsy/m/n/10 j
 []

[92]
************************************************
Section 5.5 Inverse and Implicit Function Theorems
************************************************
************************************************
Subsection 5.5.1 Inverse Function Theorem
************************************************
[93] [94]
Overfull \hbox (6.5524pt too wide) in paragraph at lines 4628--4629
[]\T1/lmr/m/n/10 (-20) Then by the In-verse Func-tion The-o-rem the map-ping $\
OT1/lmr/bx/n/10 x \OMS/lmsy/m/n/10 7! \OT1/lmr/m/n/10 (-20) (\OML/lmm/m/it/10 f
[]\OT1/lmr/m/n/10 (-20) (\OT1/lmr/bx/n/10 x\OT1/lmr/m/n/10 (-20) )\OML/lmm/m/it
/10 ; [] ; f[]\OT1/lmr/m/n/10 (-20) (\OT1/lmr/bx/n/10 x\OT1/lmr/m/n/10 (-20) ))
$
 []

[95]
LaTeX Font Info:    Trying to load font information for T1+lmtt on input line 4
642.
 (/usr/local/texlive/2020/texmf-dist/tex/latex/lm/t1lmtt.fd
File: t1lmtt.fd 2009/10/30 v1.6 Font defs for Latin Modern
)
Package microtype Info: Loading generic protrusion settings for font family
(microtype)             `lmtt' (encoding: T1).
(microtype)             For optimal results, create family-specific settings.
(microtype)             See the microtype manual for details.
LaTeX Font Info:    External font `lmex10' loaded for size
(Font)              <9> on input line 4642.

************************************************
Subsection 5.5.2 Implicit Function Theorem
************************************************
[96]
Overfull \hbox (0.48018pt too wide) in paragraph at lines 4674--4685
[]\T1/lmr/m/n/10 (-20) This no-ta-tion has a small chance of get-ting con-fused
 with the no-ta-tion $\OML/lmm/m/it/10 D[]\OT1/lmr/bx/n/10 f\OT1/lmr/m/n/10 (-2
0) (\OT1/lmr/bx/n/10 x[]\OML/lmm/m/it/10 ; \OT1/lmr/bx/n/10 y[]\OT1/lmr/m/n/10 
(-20) )$
 []

[97] [98] [99] [100] [101]
************************************************
Section 5.6 Higher Order Derivatives and Taylor Expansion
************************************************
[102] [103] [104]
Overfull \hbox (45.41711pt too wide) detected at line 5070
[]
 []

[105]
Overfull \hbox (54.46683pt too wide) detected at line 5094
\OML/lmm/m/it/10 f\OT1/lmr/m/n/10 (\OT1/lmr/bx/n/10 x\OT1/lmr/m/n/10 ) + [] \OM
L/lmm/m/it/10 h[][]\OT1/lmr/m/n/10 (\OT1/lmr/bx/n/10 x\OT1/lmr/m/n/10 ) + [] []
 \OML/lmm/m/it/10 h[]h[][]\OT1/lmr/m/n/10 (\OT1/lmr/bx/n/10 x\OT1/lmr/m/n/10 ) 
+ [] + [] [] \OML/lmm/m/it/10 h[] [] h[][]\OT1/lmr/m/n/10 (\OT1/lmr/bx/n/10 x\O
T1/lmr/m/n/10 )
 []

[106]
************************************************
Section 5.7 Differentiation of Integrals
************************************************

Overfull \hbox (26.48285pt too wide) in paragraph at lines 5152--5154
\T1/lmr/m/n/10 (-20) The con-di-tion in [][]The-o-rem [][]2.2.7[][][][] re-quir
es that $\OT1/lmr/m/n/10 (-20) [\OML/lmm/m/it/10 a; b\OT1/lmr/m/n/10 (-20) ]$ \
T1/lmr/m/n/10 (-20) be a fi-nite in-ter-val and $[] \OMS/lmsy/m/n/10 !
 []


Overfull \hbox (6.07135pt too wide) in paragraph at lines 5167--5169
\T1/lmr/m/n/10 (-20) which tends to $[][] [] \OML/lmm/m/it/10 dy > \OT1/lmr/m/n
/10 (-20) 0$ \T1/lmr/m/n/10 (-20) as $\OML/lmm/m/it/10 t \OMS/lmsy/m/n/10 ! \OT
1/lmr/m/n/10 (-20) 0+$\T1/lmr/m/n/10 (-20) . On the other hand, $[] \OMS/lmsy/m
/n/10 !
 []

[107]
Overfull \hbox (9.03523pt too wide) in paragraph at lines 5177--5178
[]\T1/lmr/m/n/10 (-20) When the in-ter-val of in-te-gra-tion is un-bounded, eve
n if we can make $\OMS/lmsy/m/n/10 j[] ^^@
 []


Overfull \hbox (28.25421pt too wide) in paragraph at lines 5180--5180
[]\T1/lmr/m/n/10 (-20) For any $\OML/lmm/m/it/10 ^^O > \OT1/lmr/m/n/10 (-20) 0$
\T1/lmr/m/n/10 (-20) , there ex-ists $\OML/lmm/m/it/10 L$ \T1/lmr/m/n/10 (-20) 
such that for any $\OML/lmm/m/it/10 N > M \OMS/lmsy/m/n/10 ^^U \OML/lmm/m/it/10
 L$\T1/lmr/m/n/10 (-20) , $\OMS/lmsy/m/n/10 j [][] \OML/lmm/m/it/10 D[]f\OT1/lm
r/m/n/10 (-20) (\OML/lmm/m/it/10 x; s\OT1/lmr/m/n/10 (-20) ) \OML/lmm/m/it/10 d
x\OMS/lmsy/m/n/10 j \OML/lmm/m/it/10 <
 []

[108] [109]
************************************************
Section 5.8 Convexity and Some Applications
************************************************
************************************************
Subsection 5.8.1 Convex sets vs Convex Functions
************************************************
[110]
************************************************
Subsection 5.8.2 Review of Properties of Univariate Convex Functions
************************************************
[111] [112]
************************************************
Subsection 5.8.3 Some Properties of Convex Functions of Several Variables
************************************************
[113] [114] [115]
************************************************
Exercises 5.9 Exercises
************************************************
[116] [117]
************************************************
Chapter 6 Integration in Several Variables
************************************************
[118]
Chapter 6.

Overfull \hbox (18.33965pt too wide) in paragraph at lines 5624--5624
|\T1/lmr/bx/n/24.88 Integration in Sev-eral Vari-ables| 
 []

[119

]
************************************************
Section 6.1 Basic Definitions and Properties for the Integral of a Scalar Funct
ion on a Multi-dimensional Rectangle
************************************************
[120] [121]

LaTeX Warning: File `•.pdf' not found on input line 5752.


./Math412-Notes.tex:5752: Package pdftex.def Error: File `•.pdf' not found: u
sing draft setting.

See the pdftex.def package documentation for explanation.
Type  H <return>  for immediate help.
 ...                                              
                                                  
l.5752 \includegraphics[width=\linewidth]{•.pdf}
                                                  
? 
[122] [123]
Overfull \hbox (9.14856pt too wide) in paragraph at lines 5830--5834
\T1/lmr/bx/n/10 in-te-grable\T1/lmr/m/n/10 (-20) , if there ex-ists a real num-
ber $\OML/lmm/m/it/10 S$ \T1/lmr/m/n/10 (-20) such that $[][] \OML/lmm/m/it/10 
R\OT1/lmr/m/n/10 (-20) (\OML/lmm/m/it/10 f; \OMS/lmsy/m/n/10 P\OML/lmm/m/it/10 
; \OMS/lmsy/m/n/10 f\OT1/lmr/bx/n/10 x[]\OMS/lmsy/m/n/10 g\OT1/lmr/m/n/10 (-20)
 ) =
 []

[124] [125]
Overfull \hbox (7.52667pt too wide) in paragraph at lines 5907--5909
\T1/lmr/m/n/10 (-20) Thus $\OML/lmm/m/it/10 L\OT1/lmr/m/n/10 (-20) (\OML/lmm/m/
it/10 g; \OMS/lmsy/m/n/10 P[] ^^B P[]\OT1/lmr/m/n/10 (-20) ) = 0$\T1/lmr/m/n/10
 (-20) , $\OML/lmm/m/it/10 U\OT1/lmr/m/n/10 (-20) (\OML/lmm/m/it/10 g; \OMS/lms
y/m/n/10 P[] ^^B P[]\OT1/lmr/m/n/10 (-20) ) = \OML/lmm/m/it/10 t[]$\T1/lmr/m/n/
10 (-20) , and $[] [][]  \OML/lmm/m/it/10 g \OT1/lmr/m/n/10 (-20) = 0$\T1/lmr/m
/n/10 (-20) , $[] [][]  \OML/lmm/m/it/10 g \OT1/lmr/m/n/10 (-20) =
 []


Overfull \hbox (7.64848pt too wide) in paragraph at lines 5907--5909
\OT1/lmr/m/n/10 (-20) 0$\T1/lmr/m/n/10 (-20) , so we con-clude that $\OML/lmm/m
/it/10 g$ \T1/lmr/m/n/10 (-20) is Rie-mann in-te-grable on $\OT1/lmr/m/n/10 (-2
0) [0\OML/lmm/m/it/10 ; \OT1/lmr/m/n/10 (-20) 1] \OMS/lmsy/m/n/10 ^^B \OT1/lmr/
m/n/10 (-20) [0\OML/lmm/m/it/10 ; \OT1/lmr/m/n/10 (-20) 1]$\T1/lmr/m/n/10 (-20)
 , and $[][] \OML/lmm/m/it/10 g \OT1/lmr/m/n/10 (-20) =
 []

************************************************
Section 6.2 Further Riemann Integrability Criteria
************************************************
************************************************
Subsection 6.2.1 Riemann Integrability Criterion in terms of the Oscillation of
 the Integrand
************************************************
[126] [127]
************************************************
Exercises 6.2.1 Exercises
************************************************
[128]
************************************************
Subsection 6.2.2 Sets of Content \(0\) and of Measure \(0\)
************************************************
LaTeX Font Info:    External font `lmex10' loaded for size
(Font)              <12> on input line 6043.
[129]
************************************************
Exercises 6.2.2 Exercises
************************************************
************************************************
Subsection 6.2.3 Riemann Integrability in terms of the Set of Discontinuity of 
the Integrand
************************************************
[130]
************************************************
Exercises 6.2.3 Exercises
************************************************
************************************************
Section 6.3 Fubini's Theorem
************************************************
[131]
Overfull \hbox (6.0232pt too wide) in paragraph at lines 6247--6249
\T1/lmr/m/n/10 (-20) Since $[][] \OML/lmm/m/it/10 f\OT1/lmr/m/n/10 (-20) (\OT1/
lmr/bx/n/10 x\OML/lmm/m/it/10 ; \OT1/lmr/bx/n/10 y\OT1/lmr/m/n/10 (-20) ) \OML/
lmm/m/it/10 dA$ \T1/lmr/m/n/10 (-20) is sand-wiched be-tween $\OML/lmm/m/it/10 
U\OT1/lmr/m/n/10 (-20) (\OML/lmm/m/it/10 f\OT1/lmr/m/n/10 (-20) (\OT1/lmr/bx/n/
10 x\OML/lmm/m/it/10 ; \OT1/lmr/bx/n/10 y\OT1/lmr/m/n/10 (-20) )\OML/lmm/m/it/1
0 ; \OMS/lmsy/m/n/10 P[] ^^B P[]\OT1/lmr/m/n/10 (-20) )$ \T1/lmr/m/n/10 (-20) a
nd $\OML/lmm/m/it/10 L\OT1/lmr/m/n/10 (-20) (\OML/lmm/m/it/10 f\OT1/lmr/m/n/10 
(-20) (\OT1/lmr/bx/n/10 x\OML/lmm/m/it/10 ; \OT1/lmr/bx/n/10 y\OT1/lmr/m/n/10 (
-20) )\OML/lmm/m/it/10 ; \OMS/lmsy/m/n/10 P[] ^^B
 []


Overfull \hbox (34.48175pt too wide) in paragraph at lines 6274--6276
\T1/lmr/m/n/10 (-20) But $[][] [] \OMS/lmsy/m/n/10 j\OML/lmm/m/it/10 S[]\OMS/lm
sy/m/n/10 j$ \T1/lmr/m/n/10 (-20) is a Rie-mann sum of the in-te-gral $[][] [] 
 \OML/lmm/m/it/10 d\OT1/lmr/bx/n/10 x$
 []

[132] [133] [134] [135]
************************************************
Section 6.4 Integration on a Jordan Measurable Set
************************************************
[136] [137]
************************************************
Section 6.5 Determinant
************************************************
[138]
************************************************
Section 6.6 Change of Variables in Multi-dimensional Integral
************************************************

Overfull \hbox (9.48718pt too wide) detected at line 6533
[][][]\OML/lmm/m/it/10 U[]\OMS/lmsy/m/n/10 j [] \OML/lmm/m/it/10 DT\OT1/lmr/m/n
/10 (\OT1/lmr/bx/n/10 x\OT1/lmr/m/n/10 )\OMS/lmsy/m/n/10 j \OML/lmm/m/it/10 > \
OT1/lmr/m/n/10 0[]\OT1/lmr/bx/n/10 x \OMS/lmsy/m/n/10 2 \OML/lmm/m/it/10 U:
 []

[139] [140]
Overfull \hbox (29.68378pt too wide) in paragraph at lines 6664--6666
\T1/lmr/m/n/10 (-20) where we have used $\OML/lmm/m/it/10 m[]\OT1/lmr/m/n/10 (-
20) (\OML/lmm/m/it/10 f^^_[]\OT1/lmr/m/n/10 (-20) ) = 0$ \T1/lmr/m/n/10 (-20) w
hen $\OML/lmm/m/it/10 S[] \OMS/lmsy/m/n/10 \ \OML/lmm/m/it/10 T\OT1/lmr/m/n/10 
(-20) (\OML/lmm/m/it/10 E\OT1/lmr/m/n/10 (-20) )[] \OMS/lmsy/m/n/10 6\OT1/lmr/m
/n/10 (-20) = \OMS/lmsy/m/n/10 ;$\T1/lmr/m/n/10 (-20) , $\OML/lmm/m/it/10 v\OT1
/lmr/m/n/10 (-20) (\OML/lmm/m/it/10 S[]\OT1/lmr/m/n/10 (-20) ) \OMS/lmsy/m/n/10
 ^^T [][] j [] \OML/lmm/m/it/10 DT\OT1/lmr/m/n/10 (-20) (\OT1/lmr/bx/n/10 x\OT1
/lmr/m/n/10 (-20) )\OMS/lmsy/m/n/10 j \OML/lmm/m/it/10 d\OT1/lmr/bx/n/10 x$
 []

[141] [142] [143]
************************************************
Section 6.7 A Brief Discussion on the Integration of Functions on a Surface
************************************************
************************************************
Subsection 6.7.1 Definition of an \(m\)-dimensional Differentiable Surface in \
(\mathbb {R}^{n}\)
************************************************
[144] [145]
************************************************
Subsection 6.7.2 Volume of the Image of a Unit Hypercube under a Linear Map
************************************************
<images/Rado1.png, id=2280, 581.17125pt x 232.87pt>
File: images/Rado1.png Graphic file (type png)
<use images/Rado1.png>
Package pdftex.def Info: images/Rado1.png  used on input line 6801.
(pdftex.def)             Requested size: 289.0811pt x 115.8342pt.
<images/Rado2.png, id=2282, 583.17876pt x 479.7925pt>
File: images/Rado2.png Graphic file (type png)
<use images/Rado2.png>
Package pdftex.def Info: images/Rado2.png  used on input line 6804.
(pdftex.def)             Requested size: 289.0811pt x 237.83844pt.
[146]
Overfull \hbox (12.9731pt too wide) in paragraph at lines 6852--6853
\T1/lmr/m/n/10 (-20) ($\OML/lmm/m/it/10 B$ \T1/lmr/m/n/10 (-20) is square while
 $\OML/lmm/m/it/10 A$ \T1/lmr/m/n/10 (-20) may not be square, so we can not hav
e $[]\OT1/lmr/m/n/10 (-20) (\OML/lmm/m/it/10 A[]A\OT1/lmr/m/n/10 (-20) ) = [](\
OML/lmm/m/it/10 A[]\OT1/lmr/m/n/10 (-20) ) [](\OML/lmm/m/it/10 A\OT1/lmr/m/n/10
 (-20) )$\T1/lmr/m/n/10 (-20) ),
 []

[147 <./images/Rado1.png> <./images/Rado2.png>]
************************************************
Exercises 6.7.2 Exercises
************************************************
[148]
************************************************
Subsection 6.7.3 Volume of an \(m\)-dimensional Differentiable Surface in \(\ma
thbb {R}^{n}\)
************************************************
[149]
Overfull \hbox (12.16084pt too wide) detected at line 6952
\OT1/lmr/m/n/10 ([](\OT1/lmr/bx/n/10 v\OT1/lmr/m/n/10 )) = \OML/lmm/m/it/10 D\O
T1/lmr/m/n/10 ^^H(\OT1/lmr/bx/n/10 v\OT1/lmr/m/n/10 )[](\OML/lmm/m/it/10 g[]\OT
1/lmr/m/n/10 (^^H(\OT1/lmr/bx/n/10 v\OT1/lmr/m/n/10 )))\OML/lmm/m/it/10 D\OT1/l
mr/m/n/10 ^^H(\OT1/lmr/bx/n/10 v\OT1/lmr/m/n/10 )[][] \OML/lmm/m/it/10 d\OT1/lm
r/bx/n/10 v \OT1/lmr/m/n/10 = [] \OML/lmm/m/it/10 d\OT1/lmr/bx/n/10 u\OML/lmm/m
/it/10 :
 []

[150]
Overfull \hbox (6.73877pt too wide) detected at line 6989
\OML/lmm/m/it/10 D[]S\OT1/lmr/m/n/10 (\OML/lmm/m/it/10 ^^R; z\OT1/lmr/m/n/10 ) 
\OMS/lmsy/m/n/10 ^^A \OML/lmm/m/it/10 D[]S\OT1/lmr/m/n/10 (\OML/lmm/m/it/10 ^^R
; z\OT1/lmr/m/n/10 ) = 0\OML/lmm/m/it/10 ; \OMS/lmsy/m/n/10 k\OML/lmm/m/it/10 D
[]S\OT1/lmr/m/n/10 (\OML/lmm/m/it/10 ^^R; z\OT1/lmr/m/n/10 )\OMS/lmsy/m/n/10 k 
\OT1/lmr/m/n/10 = []\OML/lmm/m/it/10 ; \OMS/lmsy/m/n/10 k\OML/lmm/m/it/10 D[]S\
OT1/lmr/m/n/10 (\OML/lmm/m/it/10 ^^R; z\OT1/lmr/m/n/10 )\OMS/lmsy/m/n/10 k \OT1
/lmr/m/n/10 = []\OML/lmm/m/it/10 ;
 []

************************************************
Exercises 6.7.3 Exercises
************************************************
[151]
************************************************
Subsection 6.7.4 The integral of a Function on an \(m\)-dimensional Differentia
ble Surface in \(\mathbb {R}^{n}\)
************************************************
[152]
************************************************
Exercises 6.7.4 Exercises
************************************************

Overfull \hbox (78.32796pt too wide) in paragraph at lines 7131--7132
[]\T1/lmr/m/n/10 (-20) Here is a sim-ple ap-pli-ca-tion of the co-area for-mula
. To eval-u-ate $[][] \OML/lmm/m/it/10 h\OT1/lmr/m/n/10 (-20) (\OML/lmm/m/it/10
 x; y; z\OT1/lmr/m/n/10 (-20) ) \OML/lmm/m/it/10 dx dy dz$\T1/lmr/m/n/10 (-20) 
,
 []

[153]
************************************************
Chapter 7 Exterior Differential Calculus and Integration of Differential Forms
************************************************
[154]
Chapter 7.
************************************************
Section 7.1 A Brief Review of the Notion of Curl and Divergence of a Vector Fie
ld
************************************************

Overfull \hbox (11.16307pt too wide) in paragraph at lines 7159--7160
\T1/lmr/m/n/10 (-20) In multi-variable cal-cu-lus the line in-te-gral of a vec-
tor field $[] \OT1/lmr/m/n/10 (-20) = (\OML/lmm/m/it/10 X[]\OT1/lmr/m/n/10 (-20
) (\OT1/lmr/bx/n/10 x\OT1/lmr/m/n/10 (-20) )\OML/lmm/m/it/10 ; []  ; X[]\OT1/lm
r/m/n/10 (-20) (\OT1/lmr/bx/n/10 x\OT1/lmr/m/n/10 (-20) ))\OML/lmm/m/it/10 ; n 
\OT1/lmr/m/n/10 (-20) =
 []

[155

]
Overfull \hbox (20.06947pt too wide) detected at line 7222
[]
 []

[156] [157] [158]
************************************************
Section 7.2 Dual space, Tensor product, and Exterior Algebra
************************************************
[159] [160] [161] [162] [163]
************************************************
Exercises 7.2 Exercises
************************************************
************************************************
Section 7.3 Vector Fields and Differential Forms
************************************************
************************************************
Subsection 7.3.1 Definition and Basic Properties of Vector Fields and Different
ial One-Forms
************************************************
[164] [165] [166] [167] [168]
Overfull \hbox (12.83975pt too wide) detected at line 7897
[]
 []

[169] [170]
************************************************
Exercises 7.3.1 Exercises
************************************************
[171]
************************************************
Subsection 7.3.2 Tangent Map\slash {}Differential and its Pull-Back of a Differ
entiable Map
************************************************
[172] [173]
************************************************
Exercises 7.3.2 Exercises
************************************************
************************************************
Section 7.4 Exterior Differential Operator \(d\) and Boundary Operator \(\parti
al \)
************************************************
LaTeX Font Info:    External font `lmex10' loaded for size
(Font)              <14.4> on input line 8082.

Package hyperref Warning: Token not allowed in a PDF string (PDFDocEncoding):
(hyperref)                removing `math shift' on input line 8082.


Package hyperref Warning: Token not allowed in a PDF string (PDFDocEncoding):
(hyperref)                removing `math shift' on input line 8082.


Package hyperref Warning: Token not allowed in a PDF string (PDFDocEncoding):
(hyperref)                removing `\partial' on input line 8082.

[174]
************************************************
Subsection 7.4.1 Exterior Differential Operator
************************************************
[175]
************************************************
Exercises 7.4.1 Exercises
************************************************
[176]

Package tcolorbox Warning: Using nobreak failed. Try to enlarge `lines before b
reak' or set page breaks manually on input line 8195.

************************************************
Subsection 7.4.2 The Boundary Operator, Singular Chain, and Stokes Theorem
************************************************
[177] [178] [179] [180] [181]
************************************************
Exercises 7.4.2 Exercises
************************************************
[182]
************************************************
Subsection 7.4.3 Closed and Exact Forms
************************************************
[183]
Overfull \hbox (7.07854pt too wide) detected at line 8557
[]
 []

[184]
************************************************
Exercises 7.4.3 Exercises
************************************************
[185] [186]
************************************************
References References
************************************************
[187



]
Package atveryend Info: Empty hook `BeforeClearDocument' on input line 8652.
Package atveryend Info: Empty hook `AfterLastShipout' on input line 8652.
 (./Math412-Notes.aux)
Package atveryend Info: Executing hook `AtVeryEndDocument' on input line 8652.
Package atveryend Info: Executing hook `AtEndAfterFileList' on input line 8652.

Package rerunfilecheck Info: File `Math412-Notes.out' has not changed.
(rerunfilecheck)             Checksum: CC136C5D92545FC8FC08C720F743DD25;4192.
 ) 
Here is how much of TeX's memory you used:
 28227 strings out of 480608
 545352 string characters out of 5903631
 938699 words of memory out of 5000000
 41894 multiletter control sequences out of 15000+600000
 685471 words of font info for 277 fonts, out of 8000000 for 9000
 1141 hyphenation exceptions out of 8191
 59i,17n,87p,1418b,1417s stack positions out of 5000i,500n,10000p,200000b,80000s
{/usr/local/texlive/2020/texmf-dist/fonts/enc/dvips/lm/lm-mathit.enc}{/usr/lo
cal/texlive/2020/texmf-dist/fonts/enc/dvips/lm/lm-rm.enc}{/usr/local/texlive/20
20/texmf-dist/fonts/enc/dvips/lm/lm-ec.enc}{/usr/local/texlive/2020/texmf-dist/
fonts/enc/dvips/lm/lm-ts1.enc}{/usr/local/texlive/2020/texmf-dist/fonts/enc/dvi
ps/lm/lm-mathsy.enc}{/usr/local/texlive/2020/texmf-dist/fonts/enc/dvips/lm/lm-m
athex.enc}</usr/local/texlive/2020/texmf-dist/fonts/type1/public/lm/lmbx10.pfb>
</usr/local/texlive/2020/texmf-dist/fonts/type1/public/lm/lmbx12.pfb></usr/loca
l/texlive/2020/texmf-dist/fonts/type1/public/lm/lmbx5.pfb></usr/local/texlive/2
020/texmf-dist/fonts/type1/public/lm/lmbx7.pfb></usr/local/texlive/2020/texmf-d
ist/fonts/type1/public/lm/lmbxi10.pfb></usr/local/texlive/2020/texmf-dist/fonts
/type1/public/lm/lmbxo10.pfb></usr/local/texlive/2020/texmf-dist/fonts/type1/pu
blic/lm/lmex10.pfb></usr/local/texlive/2020/texmf-dist/fonts/type1/public/lm/lm
mi10.pfb></usr/local/texlive/2020/texmf-dist/fonts/type1/public/lm/lmmi12.pfb><
/usr/local/texlive/2020/texmf-dist/fonts/type1/public/lm/lmmi5.pfb></usr/local/
texlive/2020/texmf-dist/fonts/type1/public/lm/lmmi6.pfb></usr/local/texlive/202
0/texmf-dist/fonts/type1/public/lm/lmmi7.pfb></usr/local/texlive/2020/texmf-dis
t/fonts/type1/public/lm/lmmi8.pfb></usr/local/texlive/2020/texmf-dist/fonts/typ
e1/public/lm/lmr10.pfb></usr/local/texlive/2020/texmf-dist/fonts/type1/public/l
m/lmr12.pfb></usr/local/texlive/2020/texmf-dist/fonts/type1/public/lm/lmr17.pfb
></usr/local/texlive/2020/texmf-dist/fonts/type1/public/lm/lmr5.pfb></usr/local
/texlive/2020/texmf-dist/fonts/type1/public/lm/lmr6.pfb></usr/local/texlive/202
0/texmf-dist/fonts/type1/public/lm/lmr7.pfb></usr/local/texlive/2020/texmf-dist
/fonts/type1/public/lm/lmr8.pfb></usr/local/texlive/2020/texmf-dist/fonts/type1
/public/lm/lmri10.pfb></usr/local/texlive/2020/texmf-dist/fonts/type1/public/lm
/lmro10.pfb></usr/local/texlive/2020/texmf-dist/fonts/type1/public/lm/lmro8.pfb
></usr/local/texlive/2020/texmf-dist/fonts/type1/public/lm/lmsy10.pfb></usr/loc
al/texlive/2020/texmf-dist/fonts/type1/public/lm/lmsy5.pfb></usr/local/texlive/
2020/texmf-dist/fonts/type1/public/lm/lmsy7.pfb></usr/local/texlive/2020/texmf-
dist/fonts/type1/public/lm/lmsy8.pfb></usr/local/texlive/2020/texmf-dist/fonts/
type1/public/lm/lmtt10.pfb></usr/local/texlive/2020/texmf-dist/fonts/type1/publ
ic/lm/lmtt9.pfb></usr/local/texlive/2020/texmf-dist/fonts/type1/public/amsfonts
/symbols/msam10.pfb></usr/local/texlive/2020/texmf-dist/fonts/type1/public/amsf
onts/symbols/msbm10.pfb></usr/local/texlive/2020/texmf-dist/fonts/type1/public/
amsfonts/symbols/msbm7.pfb>
Output written on Math412-Notes.pdf (194 pages, 1832909 bytes).
PDF statistics:
 3112 PDF objects out of 3580 (max. 8388607)
 2801 compressed objects within 29 object streams
 1338 named destinations out of 1440 (max. 500000)
 38311 words of extra memory for PDF output out of 42996 (max. 10000000)

